3.792568507329715288e+00
4.125480355290911838e+00
4.173715245313529110e+00
4.168925768447524938e+00
4.471227715827760463e+00
2.760349093177549840e+00
3.689491292362315988e+00
4.069387689431740007e+00
2.806681879767903620e+00
4.596900242986912133e+00
1.838319771782288559e+00
3.700956922112458081e+00
3.043792055631926008e+00
3.269789953597226351e+00
3.621406359060674429e+00
2.137937461034887576e+00
2.684872500233720150e+00
3.688663678186132611e+00
2.582136568575891467e+00
3.501807199544880955e+00
2.517166249226368002e+00
6.776505760250582711e+00
3.569472845528872007e+00
5.281270560873053910e+00
3.034213865800335252e+00
2.117290998387575840e+00
1.556965458764421584e+01
5.451705276287365010e+00
5.252896023578135676e+00
4.282661992438418608e+00
3.890220794081570510e+00
5.253043679628183860e+00
5.994435796821614204e+00
2.597867923090425801e+00
3.303587190628518577e+00
2.492493180455595425e+00
3.824318975755613970e+00
5.630026564274250411e+00
4.099259932787238547e+00
2.297207499986160251e+00
2.756780009874788995e+00
3.894085255767528508e+00
6.684599638799300969e+00
5.790093020280328240e+00
3.472027078517316401e+00
5.267547246832529950e+00
4.709202458322297780e+00
2.236208608810799081e+00
4.257285442985963897e+00
4.387954209173511977e+00
2.974158575958119943e+00
2.356710765629399518e+00
4.413836591907489115e+00
3.557441057849361155e+00
5.480957090358383077e+00
4.393809020616822991e+00
2.812716678188869945e+00
3.822841162473863186e+00
4.939642092105079207e+00
8.102961240069380011e+00
5.908213775721288918e+00
4.139097861870586037e+00
3.202064810600691480e+00
4.232962792236179439e+00
2.347583446764348380e+00
3.958801979027066320e+00
5.163972736459862212e+00
7.860125753865167653e+00
2.840105470637562579e+00
4.434317120552034197e+00
4.330835821430229160e+00
4.425787174985044814e+00
4.073235784511748392e+00
3.734421032682866404e+00
1.513833259886287808e+00
2.842385368514121158e+00
2.703129059970420744e+00
2.627055760895339542e+00
5.651126474061537230e+00
4.228833097867693347e+00
2.523761166821374413e+00
4.001223555801856513e+00
5.558236950482245753e+00
5.068169193080187540e+00
6.500868372292951669e+00
1.991711339502502787e+00
9.977038602740947448e-01
1.491255169268231029e+01
7.515134591871698078e+00
4.989678763873842016e+00
3.266019279221293203e+00
2.667389565705460264e+00
5.414198203244739105e+00
1.828559598658772822e+00
5.531946892659394877e+00
4.586324854490650971e+00
5.044279696469610386e+00
2.099670784087671382e+00
6.400819906684216853e+00
1.739010973955107175e+00
4.124583954507343719e+00
6.867088482552230921e+00
5.495040503376025676e+00
9.790214769268532180e+00
8.651433890753196465e+00
4.442351291554351711e+00
3.589944725490718636e+00
3.441219367772083704e+00
3.179284722537664365e+00
1.020253200198437149e+01
7.449594850512351485e+00
2.770637953663446229e+00
7.156255129688548600e+00
7.564779209378807323e+00
4.333227978135941960e+00
4.755889060084580677e+00
2.732625885830722190e+00
5.154169207579759160e+00
8.512140639980046330e+00
6.162098859148651187e+00
3.520853211699218832e+00
4.328272898785811229e+00
2.606394539267600674e+00
3.332072526446137939e+00
3.599009143290931245e+00
8.361815826230666104e+00
1.585071576936637694e+00
4.784878417618057433e+00
3.557576306776546904e+00
5.899996144955490074e+00
4.323175935099146550e+00
5.432193522465603941e+00
3.312985156805494658e+00
3.103097274389348126e+00
2.937115558170883656e+00
1.786149551938058577e+00
5.309736823029330921e+00
3.069454380940955573e+00
2.783294721033578334e+00
3.290972615891679887e+00
2.093807741538666889e+00
5.725307181474355467e+00
4.367152340014390788e+00
5.277277553162735835e+00
3.310856923892405934e+00
4.113470491738171475e+00
8.971312149330028518e+00
7.557706460591756326e+00
7.192591123144094212e+00
2.784258076377439828e+00
4.390129756364671287e+00
4.747055041201422299e+00
1.922684758168009544e+00
3.435280262058818757e+00
4.009700097515258577e+00
8.088576235916056234e+00
4.639308697212761956e+00
3.814465691542702430e+00
2.850332750614779975e+00
4.757818381354802284e+00
4.116212314039358056e+00
4.118386913981647801e+00
4.713921327121248339e+00
4.950060012361399586e+00
4.204110647083643570e+00
9.919784199077147369e-01
2.487784725125886887e+00
1.071337784068815324e+01
5.938378018027644423e+00
4.950620009486065065e+00
4.572352211483757145e+00
3.677842686972175201e+00
2.663521211084516782e+00
4.813653987045796612e+00
6.544226972044012491e+00
4.881721461912799320e+00
5.494283097731170962e+00
9.403414726460804118e+00
3.919311965014948385e+00
5.544875390364153667e+00
3.929795743849196388e+00
2.488082161229248968e+00
1.963934547133009856e+00
3.024263889065927025e+00
5.606322314328894052e+00
4.255016286852451479e+00
2.445033265539702239e+00
4.714548905545797197e+00
4.369318596663880783e+00
1.549498523368975311e+00
3.283609076080995504e+00
2.821083029557876820e+00
2.717624830151124993e+00
2.165965479778257929e+00
2.558815289485748323e+00
3.675722038691240368e+00
3.893062125807156271e+00
2.737949997573958516e+00
3.629396349260397336e+00
1.831117263887174440e+00
3.085746362377820073e+00
2.727168762129686286e+00
3.192662467662656045e+00
4.592346646664426935e+00
1.905297623369667237e+00
4.328739218228519370e+00
4.287090419966063770e+00
2.720135427895838287e+00
4.364295183040266757e+00
3.165977259650558651e+00
4.188320230942246702e+00
4.909572751985095351e+00
8.577698768348662739e+00
4.404655203673725872e+00
9.628162979244196507e+00
3.394221369585403991e+00
6.645215086600154919e+00
3.794455973954220074e+00
5.396192976614719861e+00
4.225284883585876727e+00
1.763515318740533910e+00
2.755041763970905055e+00
2.885365794130053008e+00
4.492889908928575871e+00
4.190760468558289986e+00
7.042059525237045925e+00
3.498508417054372543e+00
5.371709555755725951e+00
1.359517311317834265e+00
3.292653825011020441e+00
2.945109814360038047e+00
3.989593031588413830e+00
2.072292449245014989e+00
3.601525766040258869e+00
7.865938151404970213e+00
3.024979564236818685e+00
3.068345078173229545e+00
3.059613652620289947e+00
3.525258884021439165e+00
2.516273432691230383e+00
2.321356104975565326e+00
5.040431623938067318e+00
5.274601842420999276e+00
2.825663160994489331e+00
4.479972886143755773e+00
2.569233974675522170e+00
8.013013987079530054e+00
3.310501893238129600e+00
7.228124576970181181e+00
2.942340075337472438e+00
5.766247849057225316e+00
3.361763318544090939e+00
5.979845953349463450e+00
2.278084579613978811e+00
3.929475602169591575e+00
4.838319324107445141e+00
3.700964971528102776e+00
4.674405801175662845e+00
2.562304238656321953e+00
3.988152124633857820e+00
5.386928266951093391e+00
2.976306718531339879e+00
2.625950047206816240e+00
4.725030045158227665e+00
3.328134076336140446e+00
5.269150370724031696e+00
9.784743052612812519e+00
4.023009460080402278e+00
4.154988642932094578e+00
4.168989087304355579e+00
3.816697067321778825e+00
3.267529798400524932e+00
5.083944721626453500e+00
3.851130090506450276e+00
3.207430712289742303e+00
5.347873181795651298e+00
3.742863222440353077e+00
3.445138598260751195e+00
7.334814531369723944e+00
1.902405498052936350e+00
2.488729836643416515e+00
4.474686189070053999e+00
2.488134572061762917e+00
4.123922377296126207e+00
2.320655565940709320e+00
8.060914816793276927e+00
1.377607306479516680e+00
4.056017518288203227e+00
4.733069066072405739e+00
5.185392054874461643e+00
2.959771950962386100e+00
6.950600372570664653e+00
4.675732262811481021e+00
3.867810038580357102e+00
3.922335131380453976e+00
1.837968752055196608e+00
4.561066719088837651e+00
2.343044086257452641e+00
4.571696001943418075e+00
2.477570340381969327e+00
3.549846498193693911e+00
3.550421556189653050e+00
4.802921710902783303e+00
2.977883553877975764e+00
2.601119490782646260e+00
6.146170957555042946e+00
2.646052436062625191e+00
2.551790232447156193e+00
2.526466544223541000e+00
5.813135942974365200e+00
2.957858423061002107e+00
3.352639261153047112e+00
3.425598556236976400e+00
4.593661012856115278e+00
5.230123198139611240e+00
9.471195486226912763e+00
1.003262017606383694e+01
4.555737221214245736e+00
9.742543297314000483e+00
5.189081765460697326e+00
5.607889570156629588e+00
2.248657098770525664e+00
5.145344352861705772e+00
2.711807018844277106e+00
3.586692529775200811e+00
4.553679668865349583e+00
6.722491065759162332e+00
3.204342109833000496e+00
3.307139793280581497e+00
5.020693969607047613e+00
7.655151306753074536e+00
4.551150568587982725e+00
4.787916920971943213e+00
2.524724469091006895e+00
4.745564711461650376e+00
2.676345126179336287e+00
4.457768148151442844e+00
5.076007951977606680e+00
3.329276353368370689e+00
3.930592427893796259e+00
3.288485674712361639e+00
7.556758997347809093e+00
3.066849265473203801e+00
7.398216933777406190e+00
2.819563952881498636e+00
2.192504158362034605e+00
4.540182319794806354e+00
4.349481532366780812e+00
2.081562052165966126e+00
5.295984222515753181e+00
5.382955944828991868e+00
4.959566573297667702e+00
5.244363236863546440e+00
4.221466440832098321e+00
5.337161662467023504e+00
5.858528627475155126e+00
4.552200053292196458e+00
2.939738849035832491e+00
4.430840655208733381e+00
4.331190800070866764e+00
3.039405911171626506e+00
4.994018220169477829e+00
9.565043480786765695e-01
3.459206967486892825e+00
3.439641679678266062e+00
4.529851198626611897e+00
2.257370523768004844e+00
4.107149390085524487e+00
2.757147940778420736e+00
3.862276346619701872e+00
3.430172722200269142e+00
4.398421396293155539e+00
4.154146155672045815e+00
4.176223285315444400e+00
2.899830523187713283e+00
2.969193694792535254e+00
2.904486554164305456e+00
5.840314066903196100e+00
5.075791522960561686e+00
9.682330971357142602e+00
6.849839191967201479e+00
5.540015664538828766e+00
2.989319316432982987e+00
9.993695097672128824e+00
1.550966645311030678e+00
4.040034707024330984e+00
4.298168893083259334e+00
3.656025170059697071e+00
4.812514410500781992e+00
4.531286302207065297e+00
4.634666650993420234e+00
4.340794708972913973e+00
2.874158701591196241e+00
9.538269663968047540e-01
5.852202090708637172e+00
2.313789683941194220e+00
7.202654553834816120e+00
4.782910560853614435e+00
4.525822973914281455e+00
3.154264644014760588e+00
4.516145747895857099e+00
5.198114642210710734e+00
7.884353928236622622e+00
1.959826193676834860e+00
5.585329739381936776e+00
6.923749618390316662e+00
1.585356820397964883e+00
4.920485075856236179e+00
2.792680170404888251e+00
3.095564867333496117e+00
6.282042926702066765e+00
3.033162564216177248e+00
6.423412755790169015e+00
4.463660219872437551e+00
3.117445937307224302e+00
3.794682818769552490e+00
2.284067741798286644e+00
6.708276731801712245e+00
6.251035060806883870e+00
5.801066559360297248e+00
4.966437905382863782e+00
4.563257693583721242e+00
2.938500370256933891e+00
1.880283553365908578e+00
2.708673619279369227e+00
7.271714675872091860e+00
5.374516214159655192e+00
2.985084646756707816e+00
3.064845968108688812e+00
3.436672490438906546e+00
3.567778446701594497e+00
3.581173138897593589e+00
3.481075554165013575e+00
6.037610681904178378e+00
7.008878687776282312e+00
5.446072253997527035e+00
4.290167140544037139e+00
3.924479179524691386e+00
2.598672579332085508e+00
4.410480089592744513e+00
5.095319794254198342e+00
4.293203254698867433e+00
2.853120588701512084e+00
5.084622442163134970e+00
4.942340284329278965e+00
6.610331035098960584e+00
6.525923438299424895e+00
1.152488208797120883e+01
4.577211206726934378e+00
3.271910123333499953e+00
3.682982027793367585e+00
5.332100289700559159e+00
2.961890932287928546e+00
3.236086291742944709e+00
4.103356713009858048e+00
1.025249968009522616e+00
2.611752006637815704e+00
3.835725647657913573e+00
4.187536669386022758e+00
6.697238762676229307e+00
4.277984738867329106e+00
4.273393477034945320e+00
4.561151033591929860e+00
5.200522545043309464e+00
2.587099959506249824e+00
3.654842231835977895e+00
4.737292694519571690e+00
3.522621664453675194e+00
9.971273429214562611e+00
4.251701919258321638e+00
3.217806326978738696e+00
3.701172003405878819e+00
1.928556602474599924e+00
2.127372874336701525e+00
5.949320984296212700e+00
4.173560863258241049e+00
2.521307231108177760e+01
4.123358536649897488e+00
6.898240685522432969e+00
3.244152892964573098e+00
2.855176389739890741e+00
4.276144400150158731e+00
4.037502320775156583e+00
4.729024758897105052e+00
5.502155430956515048e+00
4.474385831080777365e+00
2.897119744311087430e+00
8.318108625659368371e+00
3.257451180372792354e+00
4.503245722784078531e+00
3.849995363871369314e+00
2.602684031633335504e+00
2.688937883405865925e+00
1.059868067875451558e+01
3.508325610852527365e+00
2.769430226959563424e+00
4.574123654701351960e+00
3.990545774815380753e+00
3.265218339182420770e+00
3.239500711467884209e+00
2.937001512838652406e+00
6.205168713248843559e+00
7.693148412701049210e+00
5.964813512028872111e+00
2.323656088786890006e+00
3.779082213697128267e+00
5.079944621236240465e+00
3.906709570118376718e+00
3.270918128218216925e+00
2.828440175305150905e+00
2.026147451648273812e+00
7.173470933691403317e+00
5.480364404328898154e+00
3.710368856858474729e+00
4.820818035179733840e+00
3.036966878868914588e+00
4.177466507860640554e+00
3.470552871889978075e+00
4.210820299955228663e+00
3.207690754505844399e+00
2.903705770048832679e+00
2.372048648563621853e+00
2.451636264798535247e+00
5.839228042772292682e+00
2.704119291524248681e+00
4.407617040519748564e+00
1.952619047967488752e+00
4.138482862917590488e+00
6.792259622690751897e+00
8.479923197845891991e+00
5.658832363054767889e+00
4.101014403273863351e+00
3.891057970524679721e+00
4.724747204467692363e+00
3.925790836450330445e+00
3.863466574523496178e+00
1.862741876029132104e+00
5.764133091565160072e+00
4.872737847358431296e+00
8.777758446319889885e+00
4.120219402472742765e+00
5.068264160690511666e+00
3.927759005737654796e+00
5.195611411369033483e+00
8.287012451095773002e+00
3.521451101641442705e+00
7.206883998898347521e+00
7.584951664449595121e+00
2.445336375285742214e+00
1.919463971887122256e+00
3.658665640430252441e+00
3.137663891791579562e+00
2.722024147819923634e+00
2.715552451464538386e+00
4.152092749046504494e+00
3.952787269019981675e+00
4.177083226925916826e+00
2.372719843907550086e+00
5.167313363240550572e+00
3.229523854857005993e+00
4.806067532134415288e+00
3.466523042460080362e+00
4.028836396744139847e+00
2.104195180816958555e+00
4.780034110104290690e+00
5.357352402509533817e+00
3.805415345732858334e+00
3.698253670738515630e+00
3.978083614823413328e+00
2.748860301073066115e+00
9.208156933914642295e+00
4.315251295162441103e+00
4.817896036432419926e+00
5.074971074055624420e+00
2.889250887286210823e+00
7.925109143187483163e+00
2.461069696474280644e+00
4.237241341601110101e+00
3.321692291692780241e+00
4.943098576954395362e+00
3.204716370446836216e+00
5.600630844043449130e+00
6.234567777791807153e+00
6.674636809149086858e+00
3.340351028351292051e+00
3.730045668784367940e+00
3.205389073491109464e+00
3.785581533751825489e+00
2.472541899271115451e+00
4.833942018886215664e+00
5.264735902271056034e+00
3.841549087146653552e+00
2.577355715138889725e+00
3.664229400078285348e+00
5.502004177261663465e+00
3.999213606888234462e+00
6.334460497311323657e+00
2.580897343577566172e+00
7.827151518105047501e+00
1.912683398262722934e+00
3.008684541660608947e+00
4.001583829526038194e+00
2.015587059897138822e+00
9.272063317984034825e+00
3.248261002326010782e+00
4.564952062995650373e+00
3.054557284811761253e+00
3.683633568656690560e+00
3.877280031117482650e+00
3.532929060150835632e+00
3.266706542725114293e+00
3.098566432875702326e+00
2.200087506008259197e+00
3.229986047910200053e+00
3.023249234703931254e+00
5.760217244236694789e+00
7.776244383394297799e+00
3.662770159517960700e+00
3.386937954959484465e+00
3.139787917613342749e+00
3.863357950695193388e+00
3.529880102603365710e+00
3.286566865205616583e+00
2.441427237640318104e+00
4.960963688058755316e+00
5.499822438762434373e+00
3.945959724735561558e+00
4.978468912622866505e+00
3.073776393776478599e+00
7.911445121452933549e+00
4.490416696355779003e+00
3.970092870799776019e+00
3.811338884056389542e+00
2.918411186311738348e+00
4.018845203948455236e+00
4.887073658814752974e+00
5.244719894737204235e+00
5.939127589776306060e+00
3.350863293203765636e+00
3.037842516590897102e+00
3.486277060803402605e+00
7.388068959524069612e+00
3.351706366645774704e+00
1.931338166799642320e+00
3.318069854055992529e+00
3.582457256878303298e+00
3.062303101974697128e+00
2.509804796564624851e+00
1.953291655877168242e+00
3.901631658180260143e+00
2.116155125560720052e+00
3.574252108822320473e+00
2.780406054812939232e+00
5.017283808830915071e+00
4.328789420095971785e+00
2.762456375693188804e+00
3.835867249496543785e+00
5.106890041966592797e+00
4.766435584824856520e+00
1.325777921997593012e+01
3.818115361839988342e+00
3.787747512901766367e+00
3.910622653234778756e+00
3.858671809243348960e+00
4.905944822222422452e+00
2.791847295947190055e+00
2.600553358530062642e+00
3.330831337390789848e+00
3.097685694872001516e+00
7.502450981250688322e+00
1.902815679499090029e+00
2.284538087048358701e+00
2.628491353301189104e+00
4.106357399056901336e+00
5.142978771727279685e+00
3.812980771777669364e+00
3.071141007795485489e+00
7.054399710264107171e+00
3.887150972038366348e+00
2.593699102880371310e+00
5.019749900331149206e+00
1.669773303127455533e+00
2.421674114170757619e+00
8.007366278773067947e+00
3.495017019665846547e+00
3.615649776361672618e+00
3.321857117241703072e+00
3.041247647654060415e+00
6.981471942594994040e+00
1.367755227336518997e+00
3.073904799791524312e+00
3.575223255006313217e+00
3.110706145304687809e+00
2.432641431280914812e+00
5.957654158005003531e+00
4.370908794041801215e+00
4.507640691113262932e+00
4.160531538664874240e+00
2.987682426228230437e+00
4.479735308666913163e+00
5.528084501793072647e+00
3.842128831922336119e+00
4.079143246312256110e+00
6.714948055292924600e+00
2.544536417668580519e+00
3.727380437531731427e+00
2.994871519524174630e+00
4.882235471791076975e+00
3.166290137911536018e+00
3.114793015243766394e+00
5.231605198419021718e+00
2.702001923339418354e+00
3.205622604468558290e+00
5.902249033679274781e+00
3.223754275155998883e+00
2.695761567188699193e+00
9.122682689753441210e+00
4.981629295668137836e+00
4.000331940252980445e+00
2.940624488020816329e+00
4.650561481323226332e+00
5.594662751613571849e+00
2.662128685690457797e+00
3.652351951526332297e+00
4.874637269450936117e+00
5.033256476512281807e+00
3.575269714033620261e+00
2.956403548075829502e+00
1.145498533636848837e+00
4.234479559259746395e+00
3.363414812420661537e+00
4.353350763479152619e+00
5.526551130534395284e+00
4.683669315993764570e+00
3.191168195994807277e+00
5.458553990085291296e+00
6.226175095567534790e+00
2.699764749464314662e+00
2.830908789592030406e+00
2.890207762421418192e+00
3.139131255926273845e+00
3.154348405876480133e+00
4.136915547124718984e+00
6.108751398462183069e+00
2.411136437578818459e+00
5.467685468433391982e+00
4.893683684589196226e+00
1.030593017712607207e+01
3.708971836681916212e+00
1.025449526762597152e+01
4.236173673819422447e+00
3.155022854114237774e+00
3.692161797652917965e+00
4.078503642981479160e+00
4.464957661688846891e+00
5.434137055915931214e+00
2.536180370467069345e+00
1.664057189012965177e+00
3.096110927255435019e+00
7.187310115221073659e+00
7.402408905789094717e+00
4.689650646355657315e+00
1.650424889112873439e+00
2.373822235608295639e+00
2.619286097731774454e+00
4.605304762040169031e+00
2.461138669880649221e+00
5.844136520801094470e+00
3.404386989737005820e+00
3.611899083845227842e+00
4.480476369950471494e+00
7.469330293691209377e+00
6.677316050739948494e+00
2.543623090810329668e+00
4.115603270842788319e+00
2.454854678480174801e+00
4.408280689126400809e+00
5.685787043169701960e+00
4.636618566343089221e+00
2.626237055326347214e+00
4.073561430593249710e+00
3.755350326374246706e+00
3.353400236883932184e+00
3.531429854093416143e+00
3.956543651950472196e+00
2.113295003942979200e+00
3.115386638287155119e+00
4.918562066555513645e+00
7.336584010899565023e+00
3.993552176888043981e+00
1.038233662842282801e+00
2.791365641063955572e+00
2.237149121791130568e+00
3.262627072302024089e+00
3.460504414389826255e+00
2.817837851885843126e+00
5.136189928901380597e+00
6.350933318653622983e+00
3.993563913607038884e+00
6.147835625986656005e+00
3.937051463294867215e+00
2.547816964349298718e+00
3.475260395729813823e+00
2.556623239462758157e+00
4.247036696763819563e+00
2.976735185758494495e+00
3.664604557883925029e+00
5.049542414241519062e+00
2.457673685540354924e+00
3.667428604778152579e+00
3.265108877709679724e+00
5.528748439817022131e+00
3.276124993159542864e+00
1.304132846454502115e+00
4.400091462087886818e+00
3.826156211401471996e+00
3.829687093644853491e+00
4.326834526862035624e+00
7.101754437669422160e+00
1.888660544270159169e+00
6.299820820470044325e+00
5.669227401985287074e+00
2.975594115534997641e+00
1.828103651478075298e+00
4.280642226566293118e+00
9.542400782921795610e+00
6.331963576976124664e+00
2.682326281709553673e+00
2.862853547440243673e+00
4.381594436490804156e+00
9.284878610010359523e+00
5.802420641113716471e+00
5.270437716897546920e+00
4.975443428619305664e+00
5.777980287395537928e+00
2.562751723891352196e+00
3.756491599365860523e+00
2.547796591241881181e+00
4.653320858007147010e+00
2.214363013488130250e+00
3.199293546218012541e+00
2.445967281347426248e+00
2.577740053362367334e+00
5.741356540426375332e+00
4.308232862108191341e+00
2.724721951768386496e+00
5.698125241311402966e+00
4.137646933828833085e+00
2.851400070502337236e+00
4.022303360728805011e+00
5.446214286459187370e+00
3.359840378477913614e+00
3.768749003081608429e+00
3.710263117271761502e+00
7.901357913407607292e+00
4.361192714156906014e+00
2.991966599061360643e+00
9.576244551983364772e+00
6.523226226022534213e+00
5.316929917667351013e+00
4.747190810285832008e+00
3.371885967347649338e+00
3.636615678281387432e+00
4.116036434251022946e+00
5.621147025416075138e+00
3.059608266746997707e+00
6.980217983183009345e+00
3.870361946664337971e+00
3.031627824239469415e+00
4.094084716341339636e+00
4.328003712397187286e+00
4.487949808694533083e+00
1.184784903318104821e+00
2.636560601102730494e+00
2.905403973779641547e+00
8.627251253928513108e+00
2.857573046511160797e+01
4.635852465077337392e+00
3.696178716447472201e+00
5.739932635173515152e+00
3.189440946835687463e+00
3.869687828346268343e+00
4.994604854439868014e+00
3.596882054498393710e+00
2.159950720671862001e+00
2.677776330011769179e+00
3.986850575678886344e+00
9.808462869022957165e+00
2.776254809943704771e+00
2.262269415710117304e+00
4.824306723546745168e+00
2.278228814752111919e+00
3.966791752013156813e+00
3.599173836176559504e+00
3.218007578509228139e+00
1.302911883345121424e+01
5.844371075073748756e-01
7.662676047624408682e+00
3.712874713603168786e+00
4.542386748892218939e+00
3.259420630213236691e+00
4.450913413137348229e+00
4.372464561370600578e+00
1.982611958999715096e+00
5.322292755038425582e+00
3.326780107502139039e+00
4.457183263587773503e+00
9.348126872668256482e+00
1.818318301318579966e+00
4.007917285060196733e+00
1.014317155850807950e+01
4.364774528379168572e+00
2.691678434603586467e+00
4.165918945987653110e+00
3.707051313459214903e+00
4.904771249794126042e+00
2.526503979260556143e+00
4.191402788632720089e+00
4.066484773383879592e+00
2.078244131717937204e+00
2.746961045727907891e+00
6.230122446582047502e+00
2.655207457975848229e+00
4.540057166585313553e+00
4.868959872125426358e+00
3.879335030014018582e+00
4.152348418723481593e+00
2.862384839761393795e+00
8.500903170671856302e+00
3.736349059322614963e+00
3.623235205086076771e+00
4.425825600541719140e+00
5.081276171375103345e+00
3.279848002790205275e+00
1.880146805839586710e+00
4.431854134738634876e+00
5.027986525129160889e+00
3.580279668574848806e+00
4.135938615552737119e+00
3.238738098879761385e+00
3.135315196603804644e+00
3.598821211055210245e+00
4.236892225957739733e+00
7.315995454678475340e+00
4.508667869547637430e+00
5.681392479163096532e+00
4.242394197481591078e+00
7.561923792556099144e+00
5.630331577108627528e+00
2.903686266576615438e+00
4.031644713720057283e+00
2.036251697098487856e+00
4.498347368953280245e+00
5.542793258132269862e+00
2.989684356947202915e+00
5.872307238630379622e+00
3.444691174362926045e+00
5.104965018680124089e+00
3.788603820504470754e+00
4.231061238066256003e+00
4.501986188567983938e+00
3.891536678625961532e+00
5.801002557751373523e+00
2.232697137362251283e+00
3.009435107765151329e+00
3.063709101508971688e+00
5.122888324461756682e+00
3.821357991909207108e+00
7.796465821861064072e+00
4.406867020875595564e+00
3.564576400112145826e+00
7.438963994596381468e+00
4.468478469097115990e+00
4.695514842047988857e+00
2.542965283394152287e+00
4.549123979708595833e+00
3.086805383832859739e+00
2.936614440916486046e+00
3.678443796465353799e+00
6.911031891823848916e+00
3.501058577288776341e+00
3.819607038191542348e+00
5.412882399236854880e+00
2.625503696963106481e+00
2.199941522046151565e+00
2.805957204551498663e+00
3.879266948369389567e+00
7.109026011339923734e+00
6.428711500809031421e+00
5.925027220036893638e+00
3.586949862335398809e+00
5.517776805025135012e+00
3.345572544909281909e+00
3.286974020455310619e+00
3.193661126066998701e+00
6.047773950633209772e+00
4.528881870944423405e+00
4.753990130490384658e+00
3.353158099119081026e+00
3.592398648898954772e+00
2.235441676258965948e+00
2.910637653396239255e+00
3.122191798954606412e+00
3.006330329673477131e+00
3.039601912740490963e+00
3.473588829058120719e+00
2.333619582198843467e+00
1.780310229979380043e+00
7.559541009111572230e+00
2.997276100891209882e+00
3.255954362147363668e+00
4.754033009682096633e+00
2.861176058480462636e+00
1.012708292949929145e+01
4.656284292388164658e+00
2.115985554803743618e+00
1.174448070074126882e+01
4.177673643807144011e+00
6.213011795549309824e+00
3.983908892163587456e+00
2.538786693495015179e+00
2.538371529653302261e+00
2.553227053419992121e+00
3.496152179261682758e+00
4.101603333345330782e+00
3.020607236315657751e+00
3.470125948555469186e+00
8.647626024352115692e+00
5.034274415643001710e+00
6.461492744238747754e+00
5.492158434943889667e+00
7.518816304881021928e+00
4.136179951204850269e+00
2.807529158803439007e+00
3.649848780968189654e+00
3.543288815344030507e+00
1.999518414556807500e+01
2.609285139689880850e+00
2.899702326769751259e+00
3.657864680553873260e+00
3.575808323999699390e+00
1.572675851644691036e+01
5.262051995580452335e+00
4.607711501825578537e+00
4.018546922896875984e+00
5.537574033250860950e+00
4.575799395364424704e+00
1.752613774006325675e+00
6.132351724190544751e+00
7.675995631068725622e+00
8.379390941572287588e+00
3.360147058842326118e+00
3.081023986866963327e+00
1.865794993002788393e+00
3.948700782793178821e+00
2.813069314701347245e+00
2.011936542741691980e+00
5.027574817955838604e+00
4.250656043817301999e+00
6.193282308601159691e+00
2.153902930660818615e+00
5.007847092070491613e+00
8.849352408745390974e+00
2.315470538366294573e+00
3.253647203478009065e+00
3.877102173105785532e+00
2.642482981004147469e+00
5.009888121432664931e+00
6.913318067859012928e+00
3.947317808050053944e+00
5.524894744038965300e+00
4.611147705269675434e+00
4.016592868983784648e+00
4.790633283399877484e+00
1.952951304084030948e+00
1.813959167064508771e+00
1.757716655240325165e+00
3.246851988784444920e+00
2.813742849057600193e+00
2.549299990818193695e+00
1.623726095868017971e+00
4.599419659353222833e+00
3.050959010588543574e+00
3.090363550036125506e+00
2.480633612878111460e+00
3.777354647588257119e+00
2.776443973922440911e+00
3.303207224484098870e+00
3.273205086172473077e+00
2.226092769991204978e+00
5.574100628521130751e+00
2.596900764143457163e+00
5.331758106395954044e+00
5.193732093467568589e+00
2.905665225776133731e+00
2.948935143994568797e+00
3.670448507613167877e+00
3.229748515641653661e+00
7.399533778161162978e+00
5.113529576522171993e+00
3.993905800125551409e+00
3.572939434889383037e+00
5.167914482669855758e+00
8.243153228613264716e+00
3.769338506134631839e+00
2.221461929622668752e+00
7.624406181115605641e+00
2.401443748598720340e+00
5.740362604308359096e+00
3.389053030886961970e+00
3.208672901955048395e+00
3.838957341145626145e+00
6.847330083968883763e+00
3.246349783352683094e+00
5.382735128107801970e+00
8.036304279196377465e+00
2.794417426873085919e+00
1.411971636279079956e+00
3.936895488618357586e+00
1.712337904876610084e+00
2.426218679794966082e+00
3.196110325937510765e+00
4.403476870722500713e+00
4.071170451160650572e+00
3.642941462400063113e+00
6.749187161037468741e+00
6.036824413785969234e+00
2.212280637289137708e+00
2.902970551984612069e+00
3.334061325127507303e+00
3.910006283268783189e+00
1.648383959838931379e+00
2.853362956748217716e+00
2.021880781206702338e+00
3.638755092775200595e+00
4.397767927604527394e+00
6.466790780157783303e+00
3.831313212171516991e+00
2.523370838059119325e+00
3.402803789576902993e+00
3.278044933805681183e+00
3.377929389684025008e+00
5.123528884307281928e+00
2.987556362371877494e+00
3.509149743846327940e+00
3.993095614911967850e+00
1.590295138947898312e+00
3.282864087717102919e+00
4.373331046432241465e+00
4.913712768938091280e+00
3.387105603132179343e+00
7.242995514393371081e+00
5.210472784505554067e+00
2.454183002957414317e+00
3.123435022624302171e+00
3.274942923287935681e+00
6.366348153139994359e+00
1.645009532979022193e+00
3.222222026969975062e+00
3.867068788614138164e+00
4.335818992512749936e+00
4.415956866823305127e+00
2.729582463259736524e+00
4.494284882101181822e+00
2.031896812896368143e+00
6.491589201152649480e+00
7.212261344198589441e+00
7.630149322453681826e+00
1.284734736005876288e+00
4.777949381035425880e+00
3.657833907311208499e+00
4.037042456851485994e+00
8.923044924859974358e+00
3.193947280205700956e+00
1.034759471382224660e+01
3.868788835536385751e+00
3.665822568158883854e+00
3.646403470120056944e+00
5.642908028125596331e+00
3.010459252345770498e+00
3.612934572516245169e+00
3.709721108408543078e+00
1.888534899557712698e+00
7.194855907478626911e+00
5.512110113917844778e+00
1.495586464086445577e+00
4.577361410935757213e+00
3.448436886686325753e+00
4.182261024924351922e+00
3.149642795803898832e+00
4.590708902932255420e+00
3.689144356613668574e+00
3.057644996245464153e+00
1.455560854202566423e+00
3.468628413191092719e+00
3.348499558339614435e+00
2.882386411839796381e+00
3.460348613986779398e+00
3.081729195589033576e+00
3.921838012214873714e+00
3.762024872952415944e+00
4.566040279813099900e+00
3.931011244292472728e+00
5.874774829584541003e+00
3.654039470058851435e+00
1.384315518795438127e+00
5.661868200407678131e+00
3.772009554385513663e+00
2.294680010338950638e+00
4.848136144224355348e+00
5.788985322510171727e+00
6.037921599586113963e+00
3.832234342788775283e+00
4.391572008187123011e+00
1.382892958503821879e+00
5.358772639146456740e+00
4.869488578273997170e+00
3.831739388762771092e+00
2.044131954812951957e+00
5.355306425946015025e+00
4.603227511553016349e+00
6.306629868055972032e+00
4.520893118692292489e+00
2.400730766998289578e+00
2.961990993655055249e+00
4.387413701538792843e+00
4.298441499873224991e+00
4.293233232665236265e+00
5.654333741908416755e+00
2.631120295381274232e+00
2.470200933891182338e+00
4.306686831821250117e+00
4.857672829433792749e+00
5.391493695355552340e+00
4.928485360617171906e+00
1.948507791230651653e+00
3.640470118444770531e+00
4.080228234449291946e+00
4.429952434678741113e+00
4.304757900764998979e+00
4.345505143612260035e+00
5.480070987136204330e+00
2.876425407757826402e+00
4.097435134884383601e+00
3.932350489585120012e+00
4.211037908962888210e+00
4.877074710441259064e+00
4.189820122970172811e+00
1.057239799261092905e+01
6.304755473419357159e+00
6.656022343421374110e+00
2.716174375560326482e+00
3.803678258723812267e+00
3.607911969854378231e+00
1.372495801225596601e+01
4.645802797310035537e+00
3.489618066681666519e+00
2.975513017586674636e+01
4.362274316996657575e+00
3.741038596392840088e+00
2.411999089321751555e+00
4.019551313673247250e+00
2.190847766042865796e+00
4.065179636072670633e+00
3.275117921424039125e+00
8.173541730143494277e+00
1.335075579000634072e+01
4.927794088588751897e+00
3.329556779014596568e+00
3.176281237753955544e+00
3.639532799267029883e+00
5.727724662006407286e+00
1.423537546048444069e+00
3.200770449485609959e+00
4.234149072036300865e+00
2.620081755719329220e+00
3.518889735047403544e+00
4.711054477637336646e+00
2.834536125013814800e+00
4.410464332458442271e+00
3.853431583985437836e+00
4.245103871952432328e+00
2.825700662245966388e+00
3.617167640021063502e+00
3.960722730474905529e+00
7.083772844525864976e+00
3.697917841269172889e+00
3.489412442353444721e+00
3.969047748787639218e+00
4.138537077208828130e+00
1.835844932360158888e+00
6.018986906140111337e+00
4.957825182521016671e+00
3.021221968194515828e+00
1.100414626326303846e+01
5.961405458408044034e+00
7.470583413328577116e+00
2.865835548317815284e+00
2.462625052902462031e+00
3.663601664390561563e+00
5.799841104726811025e+00
1.988604402525213199e+00
2.948416614751878218e+00
3.939534303565131346e+00
4.324734249806503783e+00
4.522947703045783641e+00
3.181403958034870971e+00
1.065033160248430377e+01
3.145604024350705519e+00
3.699678045357428502e+00
3.515545742493314751e+00
3.022786346436805882e+00
3.105986852586432256e+00
7.495421389891626873e+00
3.109124811226960272e+00
2.993403286595496482e+00
2.908888072485608323e+00
2.698742580391398249e+00
2.763899602380375686e+00
3.107138102917693878e+00
3.831641111350952755e+00
5.641916938046170671e+00
5.666236292877705694e+00
5.589616193843830239e+00
6.107413055083990017e+00
5.738407071825279537e+00
3.722772800216840761e+00
1.315551009229662682e+01
5.074105289743491731e+00
4.278602906675740947e+00
3.919555637293091088e+00
5.111902347934658142e-01
2.498844912670633356e+00
3.813014771822936133e+00
6.586328067602222447e+00
2.232719670954430136e+00
4.121685165494446856e+00
3.857908518910489803e+00
2.900748174766793586e+00
5.804619742634162805e+00
5.224377676972661533e+00
3.079281732890499779e+00
4.851595878252635607e+00
2.715464569013485541e+00
2.138017291460728053e+00
4.642747606890915257e+00
4.440844269617980622e+00
4.278062672206499606e+00
3.436422662044056775e+00
4.154976326019096611e+00
5.583864616644456547e+00
3.965596204645436718e+00
3.283080061093408997e+00
4.438064126981127622e+00
4.195756599820190225e+00
6.086704071538164840e+00
5.221953115352660824e+00
1.116416487158626580e+01
6.779150688225387356e+00
2.911614918798460128e+00
4.637378654059098437e+00
5.140228324856278341e+00
2.490228041462112962e+00
5.959598183187124754e+00
1.117619341666494348e+00
4.940568814265452247e+00
5.036183333414700591e+00
1.819860283895943898e+00
1.918412537526381190e+00
2.876978052162962207e+00
3.017625772419227914e+00
1.253076300555226563e+00
4.173065644950464836e+00
1.635838656238227884e+00
2.557163972661405271e+00
2.479357483122676342e+00
6.705496093850225492e+00
2.858529165479478440e+00
7.778550967290168927e+00
3.487150661048479261e+00
4.891057972530283848e+00
2.514516205617238764e+00
3.223517410182778153e+00
7.124270529775438732e+00
7.146437561909289471e+00
3.624346007951463999e+00
2.729906238329960377e+00
2.882096927517824536e+00
5.393240622353294711e+00
3.444781174170104876e+00
3.741834447171243916e+00
3.087539609437253141e+00
5.284679766782026888e+00
3.763281127578705920e+00
4.414589549002771562e+00
4.066529456053941338e+00
4.717287551548144720e+00
4.445004636352359206e+00
7.543188792845890056e+00
4.359574663826886187e+00
4.820171601242467574e+00
2.511759140663552436e+00
3.364871014386840553e+00
2.542488530222540177e+00
4.601884348346120035e+00
4.704789059747570334e+00
3.060648827746071277e+00
1.568402808328277276e+00
3.209385274622584827e+00
3.586476677051945394e+00
5.503561240351456441e+00
2.789791033864617020e+00
2.581783826931837833e+00
3.238413343313884418e+00
2.478673464141382787e+00
3.107254056802907449e+00
3.981180785122846011e+00
2.584421684946427877e+00
4.226532319295504436e+00
4.219942822511272063e+00
4.908268372244610767e+00
4.002476604093012647e+00
8.948807408490125681e+00
2.287690736827102889e+00
4.116870436261513611e+00
6.583522593199189643e+00
5.071067412295805710e+00
4.567644735270167899e+00
2.138506158035156091e+00
2.115861182221925318e+00
3.796240644331460690e+00
5.933470784650637597e+00
5.884351340579316414e+00
3.602637366893220339e+00
4.155807921068665145e+00
6.580491858722989029e+00
1.090103877105623909e+01
3.912602508338217877e+00
2.954344318443790751e+00
3.187971878154967520e+00
3.367209349222125336e+00
5.239650243916421424e+00
3.695544944562477507e+00
3.066284693054608823e+00
2.854164574110504393e+00
4.501402608452854892e+00
2.582652196903695963e+00
5.647540345999956024e+00
2.201640374162009195e+00
3.295876641133756113e+00
5.376206600184798567e+00
4.670316625446152337e+00
2.409440695846384095e+00
3.190810150539504342e+00
3.006979148599022267e+00
3.057669578460369575e+00
3.622515430051347796e+00
9.188982380884114676e+00
8.630317501633912869e+00
8.784502149816528771e+00
3.512564634691938359e+00
6.084915074852461636e+00
4.759948114108358830e+00
2.641758932037685081e+00
3.670418422058820074e+00
1.309512271119743110e+00
4.286180151746497913e+00
6.159546822000303123e+00
2.881392017323123778e+00
3.629981040701746320e+00
2.548730590415011044e+00
3.760017617214375107e+00
3.508000386061699505e+00
3.310936625766630836e+00
4.263469486703023392e+00
4.244642727350754541e+00
2.762533392733364401e+00
5.918488479911907518e+00
6.493260750976418194e+00
1.021742247338624665e+01
3.505899055502969652e+00
7.454882121696370767e+00
3.027471042135196910e+00
3.566354138273043262e+00
6.485556924309788585e+00
3.546989238495917629e+00
5.428138452891593246e+00
4.382497372023317794e+00
2.764804443452847149e+00
6.256676330581166567e+00
5.434618521967303550e+00
5.386611428186687256e+00
5.119426090897174930e+00
7.897639347526133946e+00
4.507921009037612059e+00
3.783795261861029768e+00
1.924317810848363841e+00
3.582593533634108596e+00
4.292057148044786885e+00
4.183971603125321792e+00
5.050067387225921856e+00
4.813454971687703754e+00
5.023141276512419040e+00
6.251563143544997203e+00
2.682723597449877762e+00
2.485648475552842740e+00
3.735839505169365360e+00
6.725258761360283444e+00
4.258398333026945259e+00
2.280238299621724085e+00
3.193079568147451308e+00
3.319301550581260418e+00
3.298134708559969486e+00
4.681114798850099845e+00
3.970610624223692042e+00
4.335492269602020166e+00
2.818852111242212910e+00
3.624701217550676979e+00
5.735737185688440043e+00
3.931147926964320582e+00
4.122133644319712964e+00
3.215717333795769406e+00
4.824845472873210639e+00
3.281325914151822509e+00
1.467980181963506991e+00
2.623221756403627758e+00
9.761312142448517193e+00
3.769795263056722412e+00
5.517049701686946861e+00
2.728959439519103913e+00
1.100614810692581180e+01
3.543499019126850946e+00
9.287365247110622946e+00
3.931241051114488183e+00
2.232334801970794036e+00
2.785409713170500901e+00
4.632956439135231363e+00
3.474484634384805037e+00
5.156680272761993145e+00
3.952063992325991038e+00
6.380886526210031384e+00
3.695486976586531913e+00
5.530575439301120610e+00
4.823817431460786231e+00
3.587741233472168556e+00
5.073431228657161007e+00
5.490910809747447274e+00
3.472384758566969598e+00
1.699649713019939945e+00
2.145409977292858095e+00
3.154290882015722275e+00
2.959592074788536920e+00
3.908407418322764837e+00
4.501367715295460314e+00
2.325007167929242780e+00
3.122298678808765882e+00
5.418649225027436067e+00
2.679142994554099211e+00
2.966264941368272456e+00
4.933084218230935569e+00
4.973737061770531653e+00
4.274886197113495712e+00
4.383534456433520354e+00
3.831529202450734584e+00
3.458044771450976107e+00
7.966800802261982284e+00
4.142170500062053229e+00
3.808865016064107323e+00
4.972746550205077831e+00
4.104899556414155271e+00
3.772840428805682045e+00
7.143324133540952303e+00
3.724720918518198420e+00
1.852205912416694966e+00
2.821687905386919493e+00
3.654163695742166595e+00
4.568776124757642165e+00
4.167648848968685371e+00
2.179101697319000941e+00
3.241826159731617363e+00
2.010837672990194669e+00
4.145182273296178721e+00
3.461482554346495544e+00
5.338429425951425777e+00
2.767750997669450985e+00
5.591237747425621407e+00
4.021042270281947495e+00
2.946364767187052092e+00
9.642108725253198287e+00
5.090042816934238878e+00
7.751734167744825044e+00
3.383813162564356158e+00
3.138616639109089501e+00
3.841663795013327221e+00
7.588186085714424323e+00
2.588513547403938464e+00
3.098692331344345074e+00
6.742616577105773779e+00
3.668354965242220711e+00
2.462491940834245607e+00
3.115039769022981186e+00
4.384730062945765283e+00
2.177998152112902819e+00
3.503070857462924792e+00
4.525462612661658390e+00
3.384059830865562279e+00
3.674728496103707442e+00
3.559557174570465055e+00
3.488075553495591841e+00
3.949964105553257276e+00
3.988229424092975428e+00
3.592709345014652556e+00
2.968935702148126854e+00
3.612338386911986721e+00
4.365485915047520038e+00
3.679305413915672673e+00
1.893261286307851288e+00
1.901998691928987295e+00
8.698956006653974171e+00
3.821380763222821830e+00
1.172831125811608111e+01
1.880039442016813389e+00
3.355445438027567118e+00
4.695163401863799990e+00
4.076517725116645785e+00
1.803512882470277523e+00
5.230692104260283415e+00
5.625606525619492260e+00
2.686810869078594788e+00
1.202228465548613068e+00
2.410767247603889718e+00
4.413714102028763797e+00
4.195806053694175475e+00
7.945278278098301783e+00
2.301985554044697846e+00
3.894080610257698805e+00
3.029680242279752189e+00
3.008172437097854424e+00
1.620799387834876537e+00
2.441071656514798516e+00
1.962500474679582885e+00
4.558093179387917360e+00
4.529830817189355763e+00
4.451021090578525907e+00
3.254731635167489312e+00
4.142006312236962806e+00
2.426447730600421959e+00
4.505091270047120844e+00
2.650926822370283986e+00
5.824359950610991099e+00
5.263159120459699025e+00
1.656979046923854559e+00
6.810623892124670675e+00
4.604301233523277581e+00
1.123089160679426790e+01
4.855390860105994300e+00
3.147504892657301934e+00
4.769480535713967129e+00
6.623043452225571670e+00
3.349105281636950426e+00
3.356242863037336654e+00
4.425033047540694930e+00
3.994570962557710825e+00
4.684951539412756993e+00
4.942760699099721933e+00
5.691351178254179466e+00
3.382005771771583458e+00
3.498277396424465557e+00
2.662546499860591442e+00
5.358488630660970919e+00
3.839541224360214056e+00
4.068795908921021720e+00
7.327215695728595435e+00
3.292247097429438885e+00
6.734692007698626526e+00
3.914222627643525687e+00
3.569144175491418824e+00
4.855322154343922669e+00
6.918789147218035396e+00
7.350691617039524672e+00
3.872708464062199152e+00
4.269604997340283425e+00
7.719892562968277083e+00
3.816209893376846463e+00
3.918254682031578007e+00
2.362035972997614142e+00
2.544799468554550970e+00
3.086694273034591873e+00
1.548222746635160352e+00
3.273846360379605080e+00
1.874755788647773258e+00
3.607906048490079787e+00
4.456753924324789118e+00
2.947416014942902951e+00
5.199034008100431592e+00
1.163083061957235742e+01
3.231838534743769920e+00
4.311606320242206358e+00
6.087580932641523113e+00
5.990897717983930448e+00
6.632712660575445618e+00
3.723233644166596079e+00
4.823880791264164358e+00
6.908122673104048594e+00
3.253390123144856538e+00
3.621430595024720311e+00
2.214153451505048942e+00
4.707976773287811945e+00
4.706087300518010608e+00
4.551465169192314697e+00
4.256098986177609511e+00
2.919517813223775349e+00
4.371036133712437710e+00
3.210788945970975305e+00
3.200586111155183655e+00
4.185782721266027018e+00
3.673055609833029589e+00
3.493334615462847292e+00
5.203895185695616377e+00
3.638786785231518106e+00
3.812798610812848654e+00
3.966480571374338293e+00
5.761175458229358171e+00
4.942020888664879763e+00
3.176075706803024534e+00
5.142978607963587301e+00
7.867639801628540930e+00
5.808033127836343290e+00
2.674178010428690744e+00
3.076809769746564172e+00
5.246514175439060068e+00
3.266939876949017663e+00
3.353890805125606889e+00
6.097802795273238097e+00
6.060349001895607657e+00
4.489247466464123981e+00
2.911157569225437669e+00
3.786820417634038094e+00
5.330087812767329680e+00
4.772414491589803021e+00
6.676431453662262427e+00
4.737536613733229096e+00
6.096398229273592762e+00
4.213458383378286598e+00
4.908067522230566304e+00
3.110556203818731547e+00
5.880140640732236079e+00
2.527068838922065019e+00
3.129223078264634417e+00
6.721653275257068572e+00
2.593044823633360974e+00
4.944749396748400194e+00
1.487198419010684614e+00
1.493545781299810526e+00
6.099545127456943661e+00
2.525443459643617050e+00
6.824034872379976413e+00
4.071149281847167956e+00
4.391947787708462059e+00
3.512519722972650804e+00
3.895765835432764224e+00
8.519015328810189303e+00
3.778667837591989986e+00
6.192615220172240420e+00
5.651699450364798594e+00
2.983279957441347996e+00
2.068147187709345580e+00
4.069196425694076247e+00
3.252222269407952115e+00
3.232797008326662169e+00
3.533778179912399509e+00
3.888086418302299840e+00
7.133112770483638343e+00
3.761487913192518739e+00
4.079967648348391762e+00
4.684589063026140643e+00
2.228557530964931921e+00
3.652661087900477721e+00
5.787431503218066098e+00
4.460588963605258250e+00
2.818096869429948192e+00
3.040060725216076953e+00
3.650049499381803120e+00
3.406997743006886292e+00
3.599827659816617231e+00
3.888607513148523154e+00
2.735523847561034394e+00
7.079680019991664075e+00
3.822800264752309829e+00
3.134090198105177638e+00
3.511934234208120120e+00
3.185733893134742090e+00
5.226422113320607465e+00
3.147878067276069558e+00
2.810159853642919536e+00
4.836774831030428601e+00
4.273179226503388328e+00
4.855362415297687306e+00
2.996712855932322839e+00
2.172481590593952738e+00
3.806305289470667930e+00
3.291966291957028279e+00
3.678343697135812107e+00
3.908039378520689056e+00
4.557876892472585872e+00
2.496356610178359414e+00
2.912954656784016549e+00
1.600992894508975084e+00
3.579890535100803017e+00
8.596200055808639107e+00
3.364830499610142578e+00
1.102918270138540180e+01
5.547947226175880431e+00
6.092525595189088428e+00
1.217327781250149954e+01
7.597118880224365434e+00
2.708106876261616058e+00
3.086939859541134812e+00
1.150636391839901229e+01
6.433528168063434194e+00
5.712246930915528154e+00
3.587895148465282791e+00
8.324956367210013752e+00
4.191738975179840843e+00
3.977264106540940869e+00
2.636163011285275193e+00
2.520974311908120935e+00
4.779844850627024577e+00
1.608650979275192183e+00
4.259877066410485469e+00
4.709326095617376140e+00
2.770202112265457650e+00
4.838005953007986193e+00
2.847829204079922238e+00
3.876241320773642141e+00
3.043519092718494079e+00
3.471675811365485753e+00
3.162069787101784879e+00
6.771795817357350700e+00
4.236522911580768991e+00
2.869371195341956504e+00
2.424846826547284451e+00
3.672720471327109770e+00
3.986642471973255386e+00
3.909436728306561637e+00
4.254208402724612981e+00
3.576333102215576876e+00
4.346510842337925062e+00
5.953360602645752842e+00
3.556940041589070400e+00
3.613714724603166673e+00
2.397035816489501592e+00
4.723900702367091142e+00
1.876940578442463092e+01
4.870887699831458306e+00
2.602574857776401629e+00
6.131349150815519344e+00
4.665351966696581698e+00
2.878166282533697995e+00
4.049230348435158611e+00
3.330969593697139075e+00
3.069549572382357372e+00
4.215541255148014699e+00
4.302590781555769794e+00
3.510312811163293745e+00
1.205056533239022798e+01
3.161027207737075795e+00
2.831595037612701482e+00
4.389802711536241908e+00
3.231848679362242738e+00
3.740428101675778549e+00
3.990635185857999367e+00
6.149473171328200927e+00
3.551774061195125842e+00
3.308088625259392401e+00
3.772906031456531029e+00
3.830228469404370450e+00
2.290212065471787017e+00
4.028423776426945935e+00
1.252882368314222639e+01
5.046494003331069678e+00
1.486909488265046875e+00
5.905280026393689319e+00
2.129404189289395788e+00
4.468363468710371045e+00
4.232937676643122593e+00
2.901402216994369176e+00
4.388972502584223001e+00
2.126831827263909513e+00
3.427269482987106208e+00
2.668291178350397086e+00
4.074985412216339142e+00
3.057599624663883908e+00
3.107623153515110648e+00
4.044104736407940770e+00
5.659464221847045451e+00
4.260299939041230388e+00
4.462480392705503007e+00
1.592588341809385133e+00
3.255567497022840318e+00
4.260619986914665702e+00
3.385144860483745965e+00
7.001406326803350844e+00
3.344192610213558403e+00
4.821728530101299093e+00
3.256123492952187615e+00
3.689381939778331176e+00
3.771975011816839363e+00
2.504787905309739493e+00
3.945500657393333555e+00
5.603635961895666817e+00
8.678115983030954439e+00
3.199307959854779781e+00
4.431417887465856076e+00
3.805321301306911597e+00
3.819313133703329921e+00
7.879370028662109782e+00
4.154999911891610331e+00
2.981644969036208792e+00
2.247718538398223220e+00
5.949143856324534241e+00
6.558121712660906155e+00
5.309173272474868810e+00
2.644683402417107754e+00
3.543579081360481275e+00
4.881765183773802974e+00
5.460092567775801875e+00
2.646710030434495486e+00
3.919489047594743703e+00
3.242876180435987798e+00
4.049043001144665865e+00
2.867115321915369552e+00
4.709630267093867673e+00
3.449466464325768644e+00
3.875015202327151798e+00
4.334024388541924289e+00
4.431788468963129723e+00
1.853410136605703418e+00
3.461294454952039246e+00
3.173798833592472501e+00
2.752288030594133961e+00
5.113828340169247255e+00
5.499204313175685144e+00
5.943650277176744545e+00
3.148398260575946406e+00
3.544815811244033998e+00
3.819245851058662655e+00
3.203209420698585497e+00
2.011630832722513862e+00
3.795459944727767265e+00
4.897952839542504933e+00
5.336212232586166060e+00
7.774776265560652710e+00
3.471650908503650435e+00
6.004451335535036627e+00
3.187885400497408206e+00
3.019895358948338160e+00
5.548106119410357806e+00
3.033182160044945785e+00
3.596656856465255458e+00
3.662396228885265170e+00
4.079604131385825561e+00
3.512255441220038410e+00
2.114804359037186998e+00
4.272439996934944695e+00
4.491782967140011351e+00
2.734349346258621249e+00
4.262737645481616156e+00
5.327627047917435910e+00
2.433099146323836504e+00
2.584109421444237942e+00
6.584624385633069288e+00
6.275776296910465568e+00
3.547558219011593739e+00
3.101806867225664011e+00
2.856005557719416110e+00
4.404174411195674210e+00
3.270850798483416533e+00
2.495513793988726636e+00
3.747906278803163627e+00
3.384678972695633448e+00
3.021470498910420233e+01
4.108873416614560625e+00
2.884533719857347300e+00
3.315203079691364074e+00
2.014874744627237924e+00
3.602212525349841599e+00
3.037955677971749591e+00
2.972102964570431105e+00
2.972821257639467252e+00
4.584416419842853863e+00
3.727648469193387992e+00
9.694175109826288050e+00
2.996105802731059864e+00
2.705158562606449379e+00
3.190428480802494526e+00
9.029595098184147517e+00
3.419587713881546254e+00
3.935108878451774927e+00
3.432528750055182432e+00
