8.000510461887158642e-02
7.118278519726062292e-02
1.068160245522543905e-01
3.377641566496814105e-03
9.683433393974982817e-03
2.864550583407067252e-01
6.262178503664635187e-02
9.825061682311897471e-02
2.133540492037816261e+00
1.568194058972866055e-03
3.567042166092262295e-02
4.448504844953134196e-02
7.910512133932040557e-02
6.690753490968757156e-01
2.387556077732085891e-01
1.834551773057371479e-02
8.971915346197576469e-01
1.853866360825617886e-03
1.959283247055257693e+00
1.903245608387521270e-01
1.137063432264710183e+00
5.515777067409164541e-02
5.187993523343733537e-01
5.690153981688713669e-01
2.659004478150174891e-02
3.211152474722247518e-01
2.171734890430510601e-01
1.229524099104417845e+00
4.634978591209764492e-02
2.818342324260598303e-02
1.747564895665571980e-02
2.518488731327071101e-02
4.545687300237869488e-01
2.972097631394605977e-02
1.783974768080668627e-01
1.696905279686335311e+00
8.973278224166382211e-01
2.916838781367775968e-01
1.015577431438642597e-01
7.152052266433195360e-01
3.717591547391384532e-01
1.221042489611830817e+00
2.981322001413424516e-01
1.803544681321911147e+00
1.044184250264218461e+00
4.092430007403379810e-01
1.160965622095193162e+00
7.079112251152930302e-06
4.223058592659550969e-01
8.264263257104075000e-02
5.128902162950584043e-02
1.644560440096614506e+00
1.653347868383774344e-01
2.450348591195052883e-01
1.836088997934868378e-02
1.490270733692206362e-01
8.438625928282320054e-02
1.354307666029574975e-01
7.966173025154300591e-01
3.343861129013438876e-02
1.972651240355161040e-02
2.357501830856945438e-03
1.988330700644619586e+00
1.916406230944105171e-01
6.901761173162226926e-02
4.239118492522360448e-02
8.569188352333420022e-01
1.340142747055911021e-01
1.056140088366540053e-01
1.200148057401193122e-04
4.110921253072992165e-01
6.091493671626091455e-03
3.775141773967530257e-02
6.743875767921773956e-02
2.171771262726280849e+00
5.744896072968668638e-02
1.644808746389019374e-02
4.158298782716465802e-02
9.576454768023568986e-01
1.334149897681542463e-01
1.341675401615430863e+00
8.850102782281381586e-01
2.353616985654584381e-01
1.895481118710859170e-01
5.464577129166320324e-01
7.707006071242521461e-01
9.428666804135571455e-02
2.229347945850929102e-01
5.982187519042444501e-01
5.596481199205742829e-01
2.560531269544375106e-03
2.093850162089658934e-02
1.579334068727744622e-01
5.801682349834278440e-01
7.263807962588908654e-06
1.669938785901203858e-03
1.062259255681358427e-01
4.872052321469411140e-02
1.103004137898468129e-01
1.912380604482561558e-02
8.646170565347407674e-03
3.521429640511752335e-01
7.634390424494903460e-01
4.760257753533725378e-03
1.620819103799081562e-01
1.528207429577458365e-01
1.358081379673930833e+00
5.242614578241954204e-01
1.202175678549462612e+00
4.370183376121399704e-02
4.880905076221084826e-01
2.867428669818998868e-02
2.345992683364694631e-01
4.617305109710474753e-02
1.627417688156801157e-01
5.355082001660055324e-01
7.687876180982975427e-01
9.145406439713621655e-04
1.755270990214139598e-02
1.116032085956476960e+00
9.592789821854040833e-01
2.276326718206398425e-01
1.487884257465386773e+00
1.189387525051838423e+00
1.230721359907824830e-01
6.256035110114709086e-02
8.602608264023513251e-02
4.827743222759266484e-01
2.067307815808440974e-01
3.157961448509687824e-02
2.771618765701650000e-01
7.751005819531556207e-02
1.883353622932092478e-02
1.232974673645061137e-06
1.853657011211866726e-02
5.257198765719264255e-01
1.016436942910951546e-01
9.645589654917546829e-03
1.357209510927411267e-01
1.377227356928825176e-02
2.649878985361509226e-04
2.975149196906303958e-02
5.656661675640315128e-05
3.622216107263495077e-01
1.595888539605365253e+00
4.706922274212857471e-02
2.364641073557313122e-01
1.733615790912348617e-02
1.663468589414398846e-01
2.876288044404367028e-01
5.746571824734552497e-02
8.574681516492737021e-01
2.694170470187333757e-02
5.406595225209498423e-02
1.771740375045233185e-02
3.012443889486203855e-02
3.554771481391494348e-02
3.719983862565498511e-01
1.464596350118320400e-01
1.152833029047051483e-01
2.509204683580488759e-01
1.293899311521843620e-01
3.637941094341901375e-04
3.706090821123254608e-01
8.999786497425917020e-02
7.245882076366685354e-01
4.901746742939721568e-01
6.087486064412486741e-02
1.618353413999169474e-02
2.318711158428788093e-03
2.461816986080367364e-02
8.117067346910032677e-02
4.000245961612180871e-03
4.015364951358335599e-01
1.223118313054524009e+00
6.188033729787667699e-03
3.788910572289193590e-01
2.258072501817839361e-01
9.810517000625407213e-02
3.402690440102976166e-01
9.489136748648633324e-01
3.579425152847761082e-01
2.597039838690038960e-01
5.752601829248601417e-01
1.718443829517890542e-01
1.945436986820321679e-02
6.912588778644596609e-03
1.600065378561563861e-02
1.741323337521774040e-01
1.079543777552571891e-03
3.128791141302951495e-02
1.970565465862762711e+00
1.352918876924065206e+00
8.306629923380680347e-02
1.886634886217185114e+00
3.749675458340884400e-03
3.601212722509403857e-02
3.509647501677630732e-01
5.157045784004754552e-02
1.660009504748982678e-02
2.602665288672808330e+00
1.405313697835214981e+00
6.336806505814563360e-03
8.689073020013536250e-03
3.569447307524025170e-01
8.210101400913760727e-02
8.639518862280717304e-01
2.886387433299686736e-03
3.785620098472129991e-01
1.130559352220623752e-02
2.206345694893181997e-01
1.020445840507278601e-01
1.144450320643247828e-03
7.736905997526077883e-02
3.854153359471506474e-02
7.126692200847065672e-01
2.713198638119052389e-03
1.448664014230536257e-01
1.019936016741669338e+00
1.182945474630721305e+00
3.570394835802613298e-01
3.910152846975505359e-01
1.091949145035448626e-02
1.428630441773162153e-02
4.310820671656474534e-01
1.081681042535562326e-01
5.936460006372513698e-01
1.049336044081147258e-02
8.345302387154449608e-01
1.101709869503095934e-02
2.104328864086794371e-01
2.475169013548317570e-03
4.117231936693219740e-01
9.328213758209435991e-02
1.201955351308784947e-01
5.954320005872471705e-03
5.063229606081072476e-02
1.461204757727395942e-01
8.919993430308310878e-02
3.773958484934962776e-01
1.806918724485234717e-01
1.363156748691479958e+00
4.053917642211286865e-02
3.645047357619848188e-02
2.950942736110155964e-02
2.960746535664626755e-02
7.411808618997759064e-03
1.065634952469771274e-01
4.625012744160950096e-01
1.975266029269195922e-01
2.363330332201359352e-01
2.204323890604683867e-01
1.142783665407650917e-01
1.063289235078832551e+00
6.242075117327734457e-01
4.962866385432049970e-02
3.968036203005076423e-02
3.952914347685521079e-01
1.739213113823915302e-01
2.025363881864721272e-01
7.072745786977647775e-01
2.499460120567004451e-01
1.062328412298175095e+00
9.458280198072176459e-01
1.385540753871359471e-02
2.229258089928845207e-02
1.258042049679058083e+00
2.416940429964439474e+00
4.454417007451771937e-02
3.300225785899365549e-01
8.806834324871855024e-01
7.146309552933373110e-01
1.605045749200089689e-01
7.676064412366755407e-01
1.189506276177404898e+00
1.774977985065946326e-02
1.462907529367900653e-02
5.565037033080467294e-03
3.053650932545836749e+00
2.326832432869162526e-01
3.994939438506695528e-01
1.212828058588217954e-02
4.584417058949982193e-01
1.617943768168324248e-02
9.165177461859230768e-02
7.422693335601769637e-02
1.846242459342571363e-01
2.702220953387083902e-01
6.844908836114911056e-04
1.697344326340839357e-02
4.957733705248881240e-01
3.551937513842371996e-01
1.048830306522404276e+00
4.234209118281424822e-02
6.354338171922947476e-01
3.412173173720664532e-01
8.425481812982012209e-02
1.605663601204260493e-01
1.339693845970698662e-02
5.904332830497901474e-01
1.027536594763702738e-01
4.760660053065468578e-02
6.908540857026782556e-01
2.166721892283662021e-01
2.361065919122356860e+00
1.753967514840465647e+00
4.576007582675345464e-05
3.871473618069938560e-02
1.577406153144331302e+00
6.422541044214317985e-02
8.155680544366046281e-01
4.195373976653704595e-05
1.970747364560793244e-04
1.436809671422508983e-01
4.582594958090985271e-02
3.508189999240372003e-01
2.982483622479210894e-02
5.733879690380165872e-01
7.574220197813714694e-01
7.476097707458229276e-03
1.128974631468813300e-02
9.573332981429355515e-02
1.939030048616565416e-01
7.609526076887447588e-02
1.493430707631545340e-01
1.586499973989976761e-02
3.392177463742394039e-01
1.008655101926260872e-01
1.233517021839575234e-01
1.044026133144991403e-01
2.487395374137280394e-04
6.527070319238674756e-01
4.856822319731253224e-01
4.830051236051929320e-01
2.130013949107874283e-02
1.925498076070596698e-01
2.562617334398616942e-01
1.216133580593844500e-02
8.564624916434018798e-02
1.036959263863456229e-02
1.096037779868100359e-01
2.845128869861590637e-02
4.972035682060862438e-01
1.008349618605563380e+00
1.957649008777676697e-02
7.978372840634616603e-01
6.654604803130715895e-01
6.349394934507124853e-03
2.834268500005554525e-02
8.356039754506717088e-04
7.175055210503429592e-02
4.691756828537285706e-02
2.028352249604106414e-02
1.912629889961442453e-01
5.690113505650802317e-01
4.540275708820683959e-02
1.958091233126941777e-01
4.752311499918180498e-02
4.858446412898734246e-02
3.132769522727462536e-02
1.640768477339905829e+00
6.085007760000457067e-01
4.765279583949461051e-01
9.449801376004103581e-02
2.350812680307777791e-01
1.047617189549919559e+00
6.606425956364714823e-03
5.049765490174338428e-02
5.737704691228330267e-01
6.835017594625787674e-02
3.971120034307816238e-01
2.153396997672586410e-01
6.356298026589940475e-01
1.366385853393931871e-01
8.098046585847087364e-01
1.393878593891769435e-01
2.701668654032390871e-01
3.306293693550906854e-01
4.552084318747221525e-01
5.228795571757659522e-01
1.910369509981710845e-01
7.791659239814419449e-03
5.808666880957933376e-01
2.770228470215708172e-01
5.801907727812602965e-03
1.031350566100264210e-02
1.105265711401577471e-02
3.612750816158780132e-01
8.017236122138285404e-02
1.769425945440131764e-01
5.096503663463352041e-01
3.241295947576462999e-01
1.750303758585547154e-01
4.677426350863311648e-03
4.958210408194425600e-01
1.693450452192603872e-01
1.103057355296281905e-01
4.669592447586847772e-01
1.961374098377479877e-02
9.534639163990031585e-02
6.685588109794871059e-02
3.675184574915819069e-01
7.392660569681997439e-03
1.485492865729625578e+00
7.429537413884114150e-01
1.723922499852303990e-03
2.293658011127586716e-01
5.708038932042939217e-01
2.293208239696975514e-03
2.310160593356860512e-02
1.785580198550787423e-01
1.755691911728869334e-02
1.981628014739095889e+00
3.068196890354786266e-01
7.158964028324779627e-02
1.668604425270725500e-02
5.195922868402576278e-02
1.209326274691036929e+00
1.020509069020049224e-02
3.994436983004656661e-02
1.416768654561449681e-01
9.033922814327060014e-01
8.702282596170441559e-03
1.801434029224110722e-01
2.903199658419383655e-01
4.863120130905058958e-02
2.825900375113765683e-02
3.542084256237799100e-01
4.236977945320496985e-02
9.456031674055198621e-01
1.886571851985981430e-01
3.742388396196939804e-02
1.143673158563424996e+00
2.475168010090207649e-02
1.496164700528586911e-01
1.138649224513045149e-01
1.023856342151939769e+00
4.459817415267413598e-01
1.813091265328886426e+00
5.553651645387974040e-02
4.577161132037936841e-01
4.621359040121413714e-02
2.631624742620122248e-01
2.467050620028619218e-02
3.475656430144846709e-01
8.289994316966052545e-02
2.891154234048815214e-04
3.286446324414171727e-02
2.539439324886299421e+00
2.101322359521493738e-02
3.971636756295091747e-02
1.368041566351939853e+00
2.286867699090203848e-02
4.837248267265947810e-02
1.128960286140226824e-02
9.748072641683803718e-01
9.431688668283655375e-02
4.978148438287779420e-01
1.503599346969611394e+00
1.756079808189442469e-03
1.666311286065942920e-01
2.631075772292472761e-02
4.354070931930891786e-01
5.206531245938954972e-02
1.204901402553730572e+00
5.906525578296637630e-02
1.924368459889496119e-01
1.851319637059305190e-01
4.380765793549926679e-01
1.938616519206042346e-02
4.604168103100843290e-02
1.027602271824173519e+00
3.441345153917325650e-01
8.597854866849302669e-05
1.151071310957642257e+00
2.952639465002181995e-01
6.582536508341488846e-01
6.263356584050049081e-02
8.277277583871657241e-01
4.201032116709969566e-01
1.961274082654757217e-04
1.059659596445485130e+00
3.193975321849036597e-02
1.987278705078743529e-03
4.237498926489172146e-01
2.943341073304654998e-01
1.046791668430965050e+00
2.223050699884814019e-01
1.065684630471071953e-01
5.177533436222497842e-02
3.111813667985749432e-01
2.611368914721665657e-01
1.853867309617871634e-02
3.744217969354498021e-01
8.459887715745994727e-03
3.080903025716924862e-04
8.977990332366883597e-02
2.809602093947239365e-01
2.822053896951089436e-01
2.754254211256417229e-01
2.203933295251907579e-02
2.361681209366205403e-01
1.188034656938799644e-01
4.745718424495999621e-02
2.626824297923465723e-01
1.663929023819225250e+00
1.875680098211293390e-01
1.034639918932034330e-02
1.887647632702260702e-03
4.990581700335128441e-03
1.473780093691817061e+00
4.669979481953596967e-02
6.643227203135416287e-03
3.361453172889623531e-01
5.885951856190019260e-01
2.814538616621098475e-03
4.144663037806493588e-01
5.257250689143820876e-01
2.372595721824316550e-01
1.723468703561976609e-02
4.070807557059931137e-01
1.821258127410773531e+00
7.800193014249345858e-02
2.504104732311766002e-01
4.690864121447212987e-01
4.754189576279955753e-01
3.781987265249014268e-02
2.214953523778990352e+00
3.974034213019813078e-01
3.061558542436175756e-01
8.391635877353099682e-01
8.281247275156362365e-04
2.823653550809904766e-01
3.148890484173296617e-02
3.118028511356443766e-01
1.706425364019971691e-01
6.453068766934647038e-02
1.843387737873624366e-01
1.936626376572556651e-01
6.556779466138644707e-01
2.160764991279263691e-01
5.978698597084204369e-01
2.408248037200188263e-01
1.101854541507907514e+00
6.610853101493574524e-01
4.190723342402924989e-01
1.906056995910621055e-01
1.699193979782632757e+00
5.626156477520443122e-01
3.381558091133846349e-03
1.730332252384602088e+00
2.604132142317102105e-01
5.456765466562540912e-01
2.130803902519027848e-01
5.384920086687666058e-02
2.678643187528557124e-01
1.124123643515545501e+00
2.723721445238887207e-02
1.185105020984954960e+00
3.733447959910858316e-01
1.129581950603926188e-01
3.575860214229662493e-01
4.272958337813774765e-01
1.433780871506853960e-01
2.974376384172780496e-01
1.747473226954701815e-03
9.154449888896650789e-01
3.023775413955043234e-03
1.180489420459874678e-01
1.676508289225761839e-01
9.567858479657226356e-02
6.208659616319778252e-01
2.132286594879906350e-02
4.460389884245778980e-01
3.213349725497034015e+00
2.997165661004723772e-02
1.307888086271385920e-04
1.651156397792092057e-01
1.368150469503671141e-01
8.419596360009793390e-01
6.321579160922850826e-02
4.411362278573358608e-01
3.930864119516911948e-01
2.322783522895032482e-01
4.274449956172553522e-01
2.238986650102632037e-01
1.958607017472345224e-01
1.238922498104611525e-01
4.928265389593642493e-02
9.453208387357556752e-01
1.018180655344806534e-01
7.032962728152378773e-01
5.524329603006341571e-01
1.111643371409743869e-01
1.418998396415398558e-02
4.223444962262773439e-01
2.410483095808178822e-03
5.073116982154291400e-04
3.181766022252262571e-01
3.976446910349871328e-02
3.154060432543158154e-01
2.763984427142640143e+00
1.306649634450906261e-01
2.713289775163093762e-02
4.017573098219160560e-02
3.666202506578611353e-01
6.017655515545986544e-01
1.283872927385614870e+00
1.262111810037178788e-02
9.141392789758882864e-02
1.405579104046587480e+00
2.270215219465049339e-03
1.992785337193406225e-01
1.681791938374330941e+00
1.356597581621628024e-01
8.700146446075663134e-03
1.322177785524120575e+00
5.553858870587802254e-02
5.277318469388662114e-01
6.876462412793207801e-02
4.125134365212263128e-03
2.684628478966529785e-01
7.705066044422642646e-04
1.181580820819913669e+00
3.336617722398803609e-01
4.168613281323152973e-03
1.113247558480935234e-01
7.300042719460154289e-03
3.172171227761174106e-01
3.554738264417259819e-01
9.461165483098953055e-02
7.036226950435886703e-03
4.768657344851416346e-01
3.005105162946695718e-01
2.136481313883816791e-01
3.268046615770677649e-02
1.291647795981649027e+00
3.386432573689329151e-01
5.282116557054905570e-01
2.496029301862073919e-06
3.253404728154544734e-01
5.091904222983101996e-03
5.381985554755720491e-01
1.272088342546074058e+00
1.446235793948038584e+00
2.780352326552756534e-02
2.008889595457681310e-01
2.181593817206991526e-01
6.123457598707947591e-01
5.204206167751483925e-01
5.027290563590559591e-01
7.115409173344459937e-02
1.364520659451919950e-02
8.504292673696186577e-01
2.730391016533331976e-03
1.289665771626825885e-01
1.428866299518350000e-03
3.192618990868405504e-01
1.696168014730407014e-01
1.517486583006991463e+00
8.024307352881724364e-01
4.401718808889917844e-01
2.119100626918341834e-01
3.718475958829322581e-01
7.496479933559417608e-03
2.629615093446044491e-04
8.784735116692017620e-02
1.601040442740703229e-01
7.806616986053588336e-01
5.638427739028737395e-01
1.161727311742926316e+00
4.874923978056240614e-02
3.346712215349738617e-01
3.217809367442734519e-02
2.992750456895185845e-02
1.110536050483604681e-01
2.728828848527165007e-02
2.921826244980562648e-01
2.038382954935831659e+00
7.880627648507998462e-02
7.242777285111756842e-03
4.307412266930324418e-01
3.932392070159482222e-01
1.277313549678622095e+00
1.613696217731448168e-01
8.937746699658340177e-02
1.385704589424188171e+00
6.674113253238804777e-01
3.699781664907913492e-01
5.025087765550191321e-01
4.536872248052468137e-01
2.296749056582345350e-01
1.378302474121215898e-02
1.346680663215459539e+00
2.665777934266668966e-02
2.123753862669349735e-01
1.152796214198832485e-02
2.295959592113872016e-02
7.815179080852344140e-02
1.110397631128303732e-02
1.087509590912406066e-01
1.454950060102117027e-02
1.570983363357373458e-02
9.420638687360601005e-02
4.225441197441071606e-01
8.565761268774448878e-01
8.306067237279821658e-01
3.895458026643106204e-03
1.298531435496450115e+00
2.360496611427584934e+00
3.810087637107348879e-01
1.274679879777487201e+00
4.996627558870079394e-02
1.468433691465454549e+00
3.670909510246185775e-04
6.686005322070061319e-02
4.084172354326172094e-01
3.065872532909892922e-01
2.175526029657670612e-02
4.297286507354441953e-01
1.141389693748856016e-01
9.694759458141524733e-02
2.116316408669519089e-01
1.429142627728345605e-01
2.952847314647559784e-01
1.101926649538151060e-01
1.048915850492767032e-01
1.392186866218456665e-01
2.116452291580153688e-05
1.967737458036378142e-03
1.185185393691381463e-02
4.219793311319844364e-02
3.241710297373923307e-03
8.766990949913678428e-04
1.371277431459277983e-03
2.707366195897941807e+00
5.315546137454084663e-01
5.312872103375646526e-01
1.578823711319698175e-01
1.738542554744581803e-01
4.738418288376789020e-04
6.394569248964310226e-01
1.374398919978170319e-02
4.176958540505218420e-02
1.675522479795813757e-01
7.515796608045191007e-01
7.915084292021348222e-01
3.790224488251668911e-01
2.681364171247185846e-01
1.700313045773178544e-01
1.318138385870303020e-01
3.549375994406109291e-01
1.272019241876186368e-01
2.072224382559523237e-04
3.989123510680543796e-05
2.177623105604131748e-02
5.449795043752605483e-01
1.568116066865374858e-01
2.127740223441176859e-01
5.744707245888063252e-01
1.650595052731984813e+00
6.746115955119397212e-01
4.283708454054885317e-01
1.090190366328609994e-01
1.638327958017885833e-01
2.851743083552756020e-02
1.614013232015686083e-01
3.788639536693488158e-02
3.696874442510435926e-02
2.235609502443200114e+00
4.578682625186877297e-01
7.005830637764005886e-02
8.033919901928505448e-04
1.067469142197109283e-01
5.507683023587738314e-01
4.594369431490526456e-01
7.468712524168004130e-01
3.773662173859526625e-02
1.717909978461255704e+00
1.652900914490399442e-01
1.260509029571239559e-01
1.015241396802741836e+00
3.891663900619548588e-01
1.015917274683776128e+00
3.812103402685662612e-01
3.712830757430570228e-01
1.258875219174075522e+00
1.789138718777238957e-02
9.525939331822370904e-02
4.566213215927106828e-01
1.825671268181564832e-01
4.299759681768069441e-01
7.175526264778398638e-03
5.124811201895463908e-01
7.454032290087959922e-02
4.803594773926604944e-01
1.075898920579896334e-01
3.295971762268141148e-01
1.390730574232030003e-01
2.287339332559408800e-01
6.489107514273285016e-04
2.372000081260310436e-02
8.691427565522563681e-02
2.158596824614285314e-02
1.722468986729633444e+00
2.334636818539410352e-01
1.281043754616080325e-02
1.281336425306080773e-01
1.263418539781213743e-03
7.134642700502498158e-01
1.633115059721476081e-01
9.967353269465373256e-02
6.939535325680994127e-02
5.025180241694016114e-01
1.813327646969451479e-01
7.671037423686511564e-03
8.006862324136837517e-02
5.644960901289989286e-01
1.361902849114959889e-03
1.192424712964630151e+00
1.011029737429022940e-01
1.729919129339934303e+00
1.281436682099684532e+00
8.571347907019744028e-03
1.398945078137875386e+00
2.437337890060751744e-01
2.628417141791815625e-01
3.126906124465467490e-03
2.767707024432907170e-01
8.239703187160046793e-01
3.114575447712171763e-01
1.111297643046683763e-02
1.268206284103081449e+00
7.419155328526993998e-01
1.000197158637610162e+00
3.713863263835213285e-02
7.476673308381842631e-02
7.145120471812119178e-02
4.003745914226428670e-01
1.396112483554195760e-01
3.313945964822506696e-01
3.911892830760280160e-02
1.474049631958918201e-03
1.120142061772762543e-01
5.342361618910962395e-02
1.764559461009346242e+00
3.196906143980753345e-01
1.071808932599771502e-02
1.070367680575640829e-01
1.631626912221362247e-02
8.823943052540228482e-01
1.528712968380364912e-01
5.660018555003442087e-01
2.013145673505409572e-01
5.940679621992529524e-01
6.198522391260350567e-02
1.697037327189081513e+00
3.307243718249452263e-02
1.678942858304637367e-02
3.693791117296872928e-01
1.776238261513158820e-02
1.724825047967051050e+00
5.686381425908834109e-01
7.625054106352453509e-01
3.733509834307753295e-01
1.678470360962046881e-01
1.413693490074610822e-03
9.421099010783118288e-02
8.930001933646579682e-01
1.103567947520815551e+00
6.817564627714412483e-03
2.691688988703469509e-01
8.207632505047030014e-02
6.093559973708435884e-02
1.326746906613841537e+00
1.470341402382635684e-03
8.125173981145473318e-03
6.912130675982093297e-01
3.241243391640958316e-01
1.277756626512459581e+00
7.588438707197645017e-02
5.292674771040584147e-01
3.182888844545388451e-01
1.324480227893701512e-01
2.504207505506175213e-01
8.303311023819102132e-01
6.208099904226260790e-01
3.323862946498540479e-03
7.593576102487953339e-02
2.206604230236169695e+00
5.151483424085397111e-02
6.786322461689948682e-01
6.233460266756288282e-02
2.357506730009845397e-01
1.305779954850778912e+00
6.512220336356412398e-01
4.090577277568629433e-01
8.078517099376880325e-03
4.091887036804520150e-01
1.874786604684576183e-02
1.280025226195257229e-02
4.179290722540556641e-02
2.780219280911712387e-02
2.253124113864094083e-05
1.320242441066909578e+00
4.531929849073264294e-02
5.302150247614028505e-02
5.454038339055765627e-01
1.127417235076221491e+00
7.431511114089879577e-02
2.786718468686302796e-01
1.033583672410397059e+00
2.759695731478926245e-02
4.541674204028139233e-02
6.851812679818236607e-01
2.155888902210253422e-01
5.397196704673699053e-01
8.404300689457402940e-02
8.431170107502961378e-03
2.321101877433697988e-02
8.762668734347639488e-02
1.007016133219462706e-03
1.175200995173200126e-02
9.813426756415194463e-02
4.349640808592567520e-01
1.634141221011343958e+00
1.163891470052971257e-02
9.097686076155686802e-04
1.755569189480453263e+00
2.759180536383484261e-01
2.494681541002604919e-01
4.834428819502415431e-01
1.800182512818507274e-01
2.410851422199446148e+00
3.121902212661477605e-01
8.484041780291478041e-01
7.658102324662819163e-03
1.492572771575204349e-01
1.375954032111472748e-02
3.381304127757185640e-02
1.021779779229031182e-01
1.551811969988543538e-01
5.986827684820406233e-03
1.603699424976415600e+00
1.703410468063812466e+00
3.069930835276244996e-01
4.406094179271063394e-01
3.011701945821766424e-01
4.864430743889326947e-01
1.179460985345641699e-01
3.022399858477474166e-01
1.339153236954053749e-01
5.025904255250028818e-01
1.237061080501764693e-02
7.741662804055244110e-03
5.023704779995380454e-01
1.328997783095087870e+00
1.603941185721707297e-01
8.969488630419377717e-01
8.255304970892374944e-03
3.555509644777854337e-05
3.013311169184205163e-01
4.640979826168580846e-01
7.263873732333167021e-01
1.422656514114995774e-01
8.152277359814852353e-02
2.636673195843364497e-03
2.792483205838082738e-01
1.581834021939665380e-02
2.631208931139552010e-01
3.283314148654907783e-01
2.320136731628978655e-01
1.163166672177133664e-08
4.985936804899755714e-02
7.268182061424559581e-01
3.520486910809417225e-02
4.810225961692327773e-03
3.619001254151132385e-01
1.185759197370270940e-02
2.691624214469063858e-01
1.752180147648698672e-01
4.929771432252059715e-01
1.318300802579952698e-03
1.033607567313844955e+00
1.100989220619633668e+00
2.364180584404078633e-01
2.226653627672225133e-01
4.446838624388700367e-01
1.598237032807494629e-01
2.063121422506327018e+00
1.309213766849847416e-01
1.996489102270424254e-01
3.131539167868276075e-02
6.879010584577252008e-01
9.424247536322707397e-01
4.204310136607518622e-01
3.493840359020741054e-02
8.889288766407199560e-02
6.110209173334895522e-02
1.154949200483721544e-02
2.776063198776881902e-01
2.596395727002389839e-02
4.280390226304536805e-01
2.648331994032473991e-01
3.109666436335556741e-03
5.736036846701442378e-03
1.359862745927337190e-04
5.326160004871252074e-01
4.148968646325038034e-01
1.309446641723155435e-03
8.884010230611611991e-01
3.237048901677314159e-03
5.490312131172844223e-01
5.252694600554015658e-02
1.540946102709178089e-01
1.932185541827610986e-01
8.006738791583357245e-03
1.766964666506229686e-01
2.674507170869283579e-01
6.391191208064301854e-01
5.846862688702689770e-01
1.196567171661666595e-03
1.736468227838397493e-01
7.779927284203909388e-02
1.733610531825643675e-01
9.238045612066488055e-02
2.530958616447681053e-01
4.420362876758988056e-03
2.184010152143041505e+00
1.883294430628047744e-02
7.621987749991088537e-03
9.310687710416465368e-01
2.730477278049807666e-01
3.060234713693822939e-01
1.791152705403114068e-02
1.123656075521336062e+00
3.520192644969302037e-02
8.547879520494205963e-02
1.061440551415948202e-01
3.877461555334249630e-04
1.400345847720405601e-01
1.690081568325401198e-02
4.587804240057894584e-02
6.293785527526810641e-01
1.913142343807647805e-01
5.409580489391627722e-01
2.531942967917654719e-01
1.736407448039488932e-01
2.420805814710691537e-03
1.991025121491498406e-01
9.083937148393435024e-01
5.830533745759369779e-01
2.675435956996235487e-01
8.412026086615740361e-01
1.067317779202423683e-02
3.504237719203153190e-01
8.644535015132603917e-02
2.425794405253680341e-01
1.200621363800252750e-03
2.027008430921788465e-02
5.101520178514633574e-01
2.940484286152298538e-02
8.860977718431351652e-03
4.808394445909580650e-03
7.817082967993692344e-02
3.536399438375783522e-01
1.468188061533171182e-03
7.238211485324967942e-01
1.296743567547855615e-02
1.019109577576794434e+00
2.848244068674166390e-03
6.561392639428939577e-03
3.874782876728125047e-01
3.383015706485449890e-06
1.398980217158824146e+00
6.187400076380061842e-01
9.339152666333991881e-01
1.313453582179333334e-01
4.903836671105544359e-03
1.355601266216054368e+00
1.214578490485450912e-01
1.885940913569383204e+00
2.095101978932948639e-01
2.174961596103997863e+00
2.181335155956146132e-01
9.535544405043672612e-04
7.568795561815107042e-01
7.197992177274494807e-01
5.836839337948349776e-02
1.477912365100206848e-01
5.566858585685965366e-01
7.961329372864703324e-02
4.830565765400287592e-01
3.029184188004293565e-01
1.843453307564278054e+00
3.617064938230339921e-01
1.054071784322332839e+00
8.514096581446395362e-02
4.341419918633152020e-01
4.589485587069873640e-01
5.713903347487384043e-02
4.615314308069278226e-01
1.276754391739617134e+00
4.256249438806876118e-01
1.451739988168139206e-01
1.171469976648551597e-02
5.577432956196203273e-01
2.913327388192965550e-02
1.953339798491137813e+00
1.762137500663152334e-02
1.133762592323678542e-01
9.805012098975373139e-03
6.154989785565994492e-02
1.069579154974160673e-01
5.734418865461722303e-01
3.540488370298522369e-02
8.395979240251030262e-01
4.339069636488652737e-01
9.236624522536401871e-02
3.131355906670791334e-01
1.520396438833431299e-02
9.357002172793666972e-01
1.697443272840700179e-01
8.574537333308118736e-01
2.584094022173742955e-01
1.351839536281997656e-01
4.334005083343434039e-01
9.105301652856667705e-04
2.427391488770618347e-02
2.767834925050796646e-01
5.598389163575347993e-01
1.035560568225909334e-01
1.036400614249297081e-04
3.163957620246810598e-01
2.071436575096329502e+00
9.184375625082333294e-02
1.479040293824526620e+00
1.350645403243210529e-01
2.481391979155188679e-02
4.388200935177556383e-01
1.297963032485155155e-01
7.672339083383228342e-02
8.514204805869791670e-01
4.209420022709604858e-02
1.678497362425959427e-01
1.414690554315280180e-01
2.598471325282790123e-01
2.207315178477280426e-01
9.922705295209448551e-01
3.844528538136684462e-04
3.534697492301229205e-01
6.537182759922113284e-01
1.157526871524670598e-01
1.324485222564325770e+00
7.357576071831100073e-01
2.157007434998380602e-01
9.127911101028951535e-04
1.458847070861551742e+00
1.394515260550961422e-01
9.656990958577988948e-01
2.515395223651637618e-02
4.683735475940382087e-01
7.209199798308320029e-01
2.893560418546340524e-02
2.832329702996551624e-01
3.248035975760710237e-01
1.693869971091041741e-05
1.276860631320759498e-01
1.248515823706198402e+00
3.796652936592715029e-03
5.233200973621666280e-03
8.782247669340340068e-02
4.594614073461045223e-01
1.316138459248659132e-01
1.278455857188271150e+00
1.859926290203357466e-02
6.520818857404873936e-02
3.469478679793656234e-02
6.077365746922799850e-02
4.258636119486034627e-02
4.031226365183968735e-02
2.993422237191134538e-01
2.750879301998068391e-02
2.801861820213535359e-01
9.338386481141491835e-02
2.495190883467285625e-01
2.352191370820140293e-01
7.808814878502468547e-03
4.651254737497290681e-01
8.243321882537609779e-01
5.025178051533635282e-01
4.950805566569649319e-01
2.387959121841611021e-01
2.327254200945099230e-02
7.263847047308503724e-01
6.682765769822070212e-02
9.459680333118223317e-01
1.288732858806658776e-01
8.102475178137727441e-02
4.628423558155209117e-01
3.115021901674291938e-01
5.408865031154204417e-02
1.322221989551291069e-02
1.311341440513928702e-01
6.578159606187981845e-02
1.391528452314598485e-01
1.661655259426413414e-02
1.118113716772728417e-01
1.659801621344093592e-01
3.773727955157681890e-01
1.971749029277964471e+00
1.385118061018791868e+00
6.823869652276974562e-02
7.962591640584495978e-02
1.369609596516920859e-02
5.093640801876140323e-01
6.445579234616670428e-02
6.359823535621700330e-02
6.687723011576419685e-01
3.289295629404511145e-01
1.285366928983896706e+00
4.253459249999138603e-01
1.845517249462156062e-01
1.066317270639153270e+00
4.143432604847883116e-01
9.131427980527296196e-04
2.681873274007005037e-01
1.945712431268840220e-02
9.641144586201653988e-02
7.433170772429358031e-02
5.268805162213894416e-02
3.592205798301038588e-01
8.628679920048171192e-01
1.040135501320079925e+00
5.909631565231766165e-03
3.971269279160102861e-01
4.756751880736427573e-02
1.384578737265781678e-01
1.220735293528523724e-01
2.900536445208766745e-01
1.734687059621873445e-02
7.275301844191708334e-01
8.420224799216234624e-02
3.932278183677951344e-01
6.934202354713806526e-01
3.043652510907517497e-02
1.365595223457654120e-02
5.307209995236803618e-02
2.277731948786448912e-02
5.988455167374802102e-01
2.802497956872452289e-01
9.677499519513190762e-01
2.945958752681251958e-01
1.268360832006911743e-01
9.937056965674345710e-02
4.660934416719167972e-01
1.726910799699930138e-02
2.921361987634108481e-01
3.537330486282145081e+00
8.059339904120665921e-05
6.320142306173982538e-01
4.071522075208511282e-01
2.886182693585508455e-02
4.154203174578538493e-02
1.447994151861577983e-01
3.449400400193924909e-03
1.889951763891359604e-01
7.737834146393848256e-01
2.732654345857558065e-01
6.727093931090792622e-02
3.492534344404071844e-01
8.212261758624053720e-02
1.387477451143208640e-01
3.417752687942929857e-01
5.906053346652848784e-02
7.203958744853826424e-02
2.484259139661483928e+00
2.554618552115717200e-02
1.868393072976293645e+00
8.501818097652072415e-02
1.526798598293277465e-02
1.621698747190530995e-03
4.184643924974669471e-02
3.171594393057275418e+00
3.159374953477380593e-02
1.356509699387262458e-01
6.658182626359998579e-02
1.026157241826623157e+00
4.948938363487716541e-01
1.806944168850087573e-01
2.680807036680371742e-03
4.490569164065796315e-01
6.101010632711029169e-01
5.475258074010207893e-02
1.483238743539252003e+00
7.988124706242678841e-02
2.284009367094697041e-02
1.421993636349138390e-01
3.627455376661122277e-01
6.034652480158775312e-02
3.204293938149960479e-03
8.886382876147952414e-01
1.050728351177450781e+00
6.279558744801648773e-01
1.203895817014199593e-01
6.765318995600022589e-02
3.167145934396867202e-01
1.144075288643097377e+00
5.458560221731886264e-01
1.209843754766548179e-01
1.179748431238571982e-01
7.668740607899536543e-02
1.448044314564516932e-01
3.193204150726062784e-01
5.296284439725014448e-02
3.943587783575290828e-01
1.155076288394723205e+00
1.954149583773057142e-02
3.631838065396193749e-02
3.235495101554562436e-01
6.301571104199155116e-04
2.866704652040548140e-01
1.462669318672639995e-01
3.382390496195281353e-03
1.464350093135843023e-01
4.038960527456214415e-03
1.350719170750038813e-02
7.786053434372478543e-01
3.888662014741963713e-01
6.227309561657937143e-02
2.046647115021936747e-01
3.107195139741682488e-01
9.439647608757775754e-02
4.419680047658989218e-03
1.273309152580723858e-01
3.101360782641980340e-01
1.041951723527584463e-05
1.935297770549595231e-01
1.751206656564354480e+00
8.938084377004273939e-01
3.267082269337586581e-02
2.522117609712867803e-03
2.368938766075334712e-02
2.652337396939830616e-01
1.426135509538244694e-01
1.362406257221255960e-02
2.657090596496991530e-03
2.001480128085853405e+00
5.245414002926404029e-01
1.940312620654134124e+00
1.129684912987150014e-05
1.152751773191959678e-01
1.797981190027584386e-01
1.210085226219297233e-01
3.115085156770284747e-01
5.820379936238817553e-01
7.012902475763663768e-01
9.140528270174677616e-02
2.457525259736528453e-02
2.611650281932333506e+00
3.767490723712421988e-04
1.296038141245797835e-03
1.038258613106566308e-01
9.841420703643155576e-02
1.203470979510742195e-01
7.193990402771581472e-02
2.314306348503221145e-01
3.588679244109556632e-01
5.458573343393934296e-01
3.561409631256329256e-02
7.418589968525113321e-01
4.591797103937505370e-02
1.143759696503080375e-01
8.259398265487366553e-02
1.001322415223913215e-02
2.016957036693284078e+00
3.028543736710375689e-01
7.385640994936349193e-03
8.662840465763560482e-02
5.072205007168779228e-03
1.848796253164807293e-02
1.940615544760506683e+00
1.009061749964058619e+00
6.665425531897761942e-03
1.960750162017937948e-01
2.022521421601490912e-02
1.729067868850308054e-01
1.092858586558675960e-02
5.052237376710096151e-02
9.755327303858499222e-02
1.182320972335546699e-02
7.702639654046204709e-02
3.266265068759963835e-02
2.643264988701310436e-02
2.466255272531439266e-02
4.586898795503163706e-01
2.416979073054621452e-01
9.517118616154542077e-03
4.917880892679138416e-03
2.149576706487940914e-01
5.312446022300637560e-01
2.281667283717527528e-01
7.535315139916845539e-02
1.371553985362194972e+00
1.446713866114856251e-01
8.596974852006727952e-01
2.907786114470083463e-02
2.780936555829885970e-01
7.794114368580695729e-02
7.431658355319843423e-01
2.711207059845278877e+00
1.485539598874512812e+00
8.206486533552746765e-02
7.560871096399691006e-04
2.170291682490228802e-04
1.312096977745729420e+00
2.523457922923290631e-01
3.501881212706461355e-01
1.213302142962939811e+00
1.045527088315832825e-01
6.710263587837378418e-01
5.526233440553066090e-02
1.250920786765066794e-01
2.482630221461528119e+00
3.260028829706764775e-01
8.633315904846107225e-01
1.086710146352824369e+00
3.321026171546788419e-02
2.459485231365406144e-02
2.361174087241428923e-02
1.543755659833138255e-02
5.898515271817466460e-02
1.379191477555566925e+00
1.219269772520308326e-01
2.423025907492135783e-02
3.416808333054022423e-04
4.514067200718951955e-03
1.717489206849842631e+00
2.938825434021448413e-02
4.177164477252959078e-03
5.667862046635300244e-01
1.311409846818042436e-02
1.512720134149835374e-02
3.446528214118453892e-01
3.745316386974129226e-03
1.568987382853711754e+00
1.262183982675038896e-01
2.394012720660816385e-01
3.503988852267431731e-01
3.455760400814545386e-01
1.873345697794259745e-01
1.357988410702017923e-01
4.717553775639041214e-02
2.764808707160835155e+00
1.695996901335706727e-02
9.944833107975054043e-02
2.849450430902289000e+00
2.546703766281577797e-01
1.266511010908042634e+00
5.890106958906904389e-03
5.357652281333624873e-03
1.062202092926949407e-02
3.902475414080712746e-01
1.730752725232789224e-01
1.106427105637666219e+00
1.479089870483524249e-02
2.210061195845767212e-01
1.163962311322595117e-02
8.811095274602394334e-02
3.227346697033590117e-01
2.659379644929818487e-01
1.085413704929689971e-01
2.130483104679542716e+00
2.805319234024987729e-01
1.123841820156235016e+00
4.338624863040463353e-02
4.786880012961214348e-01
1.783747911539449449e-01
5.104565162117950111e-02
5.496312155278195721e-01
6.304024378861186051e-01
2.513574086478935210e-01
4.463972879649280023e-01
7.062033416912361083e-03
1.523382509157110709e-01
2.199599385628520920e-01
3.308820001011028022e-01
1.874576259128373293e-02
1.129909481689173099e-04
1.467737973986547040e-01
8.121677992785958367e-02
1.694843574397291164e-01
4.159513522375468675e-01
7.566990765469417020e-03
8.281458142963789293e-02
3.108909805154610462e-01
5.884932031459477741e-01
4.939478036189676735e-01
1.903755709316344857e-01
5.128603147457094953e-03
7.175485116322963819e-01
3.835574017824971427e-01
8.681019450228696366e-01
1.419376173051961065e-01
6.518964974538401513e-01
1.395456058279849199e+00
5.537186278239011328e-01
1.287084499646275748e-01
2.579934781923003476e-02
1.374469888060509681e-01
6.236136834886918390e-02
7.630495909582837855e-02
6.413739378699770399e-02
2.656290989553679316e-02
2.279791990202566405e-03
1.319982343951058359e-02
1.621984087435068556e-01
5.638818403010716906e-01
5.133236948539332545e-02
1.772352735179317795e-01
6.130754869123201667e-01
9.778021638524925230e-02
1.387311904448882416e+00
1.369943396106363120e-01
9.034724144477401797e-01
9.761072974175896144e-01
8.622697328743118839e-02
1.392811443552753603e-01
8.898701021843623549e-01
1.621930993378596364e-01
9.741412514008179757e-02
5.270689189158818122e-01
8.144243102366713338e-02
1.378188199999519081e-01
2.113742953887487452e-02
3.500678702249495483e-02
3.290176023798898480e-02
1.593805304265969447e+00
5.446746950219106820e-01
9.373937349653838069e-02
1.685859060598926540e-05
1.186175175305965307e-01
4.204216075321798307e-02
4.872787364947523542e-03
1.884085808972750867e-02
1.382063591908733180e-04
1.608974887390580699e-01
1.096324451397926003e+00
4.194433934484175786e-01
1.108277689410763897e-03
4.528079054799696856e-02
4.830890699596797067e-01
6.978834594125681023e-02
7.146718523093684716e-01
5.173858952717992343e-01
1.603954786129603738e+00
5.512016806414308245e-01
7.619977227515219997e-01
1.433509794954870853e-01
6.823194971849025903e-01
1.212595435203832478e-01
7.653257837211935961e-04
4.969442547155461520e-01
4.078415229134893516e-02
2.876097074640380780e-01
3.109963091443286587e-02
1.958004187382913208e-01
6.024739565986408224e-02
2.249117877451412006e-04
7.713629841273772492e-02
1.057155502746815190e-01
1.050943904376589466e-01
1.177943649431954926e-01
8.422167414211756626e-04
2.175372427906532014e-01
8.647374941517389779e-02
7.376441485398860937e-03
4.219272633241470394e-01
8.092987376542978839e-02
1.633864170423651618e+00
1.191236485878853458e-03
1.228390567203932887e-01
5.051218414521230216e-02
1.029743402562504767e-01
5.398219271283588583e-02
7.105023299927601954e-01
3.419320830833229019e-01
1.834721139538697088e+00
9.817879108584760817e-03
1.279223878521926760e-01
9.640462973527429147e-02
1.008399797397156128e+00
2.645995976981320164e-01
2.980385286300157865e-02
1.460242762632046887e-02
4.885604561099830545e-01
8.327068523446570225e-01
7.117653956413567684e-01
7.245277592570237724e-04
2.130276004063745288e-01
9.525393294408797118e-01
2.444415927645116060e-02
1.603293770106627991e-01
2.479772117790316477e-01
3.393072709870748049e-02
6.284296287666680803e-01
7.978059006493399830e-01
4.411173693317074762e-03
3.761260663486947625e-02
8.538503777518320625e-02
1.085358852288069789e-02
1.296082727403923052e+00
4.645630051136884209e-01
4.526409602762989093e-01
2.677744861613405303e-01
3.819065626636586656e-04
4.852797861802283785e-01
5.214900781073126407e-02
5.002184483261427062e-01
3.693729221175271471e-01
1.260345790919555897e+00
5.465054654407744961e-01
8.958347450866695205e-02
1.564586524612166518e-01
7.683748553063236841e-02
7.413995607506972119e-02
1.180803441320057989e-01
4.015072978756721866e-01
8.498499132176278170e-01
4.682407038796894405e-02
7.171057735565509184e-01
8.409293760032978682e-01
2.757867637426553720e-01
6.377836814993540493e-01
1.891427745452257669e-01
1.388090903776895146e+00
1.102283227703442225e-01
4.186134776510524458e-01
2.981101943436050283e-01
4.477567466209256830e-01
2.114109787358520176e-02
2.025166059919604189e-01
1.997033322984071158e-01
6.056766822392792293e-02
1.963219531067936563e+00
7.054495287814516180e-01
1.491470189461656659e-01
5.755428148701430269e-02
1.144056733489714706e+00
2.058630800957569895e-05
3.645261566136230869e-01
2.088639044004745315e-01
2.294427616229540168e-01
7.856509142007322977e-02
6.498007447035623052e-01
4.266675095348810842e-01
9.631432130550560133e-02
1.910133959855632446e-01
7.673643735614621431e-02
8.585009840204094189e-02
1.317341376202960379e-01
2.369141445931954946e-03
6.463339427538342674e-01
3.255309877728776446e-01
2.609214930324660897e-01
2.101733842695019394e-03
9.459839516718915320e-04
2.014624511518922721e-03
7.764180881164756132e-02
2.395052058940944084e-04
1.108977370222975933e+00
9.509963029783371491e-01
8.263892962105497120e-02
4.726712470205862715e-02
2.456110006476329780e-02
1.649212971728805321e+00
1.281495270751684817e-02
6.211755326450752075e-03
6.138598912563531136e-03
3.819894066348517581e-01
9.595227515648888650e-01
4.800424896696179472e-02
4.306978818603174886e-01
2.552920543133848641e-01
2.203966071056015774e-01
3.687517028192719426e-01
4.046523547814195702e-03
4.812811945372280631e-03
2.803931391055842215e-01
8.789574934328055200e-02
4.132729824977770389e-02
1.528964722968700896e-01
2.142036903150742744e-01
6.164668649496379133e-02
2.077537579941655110e-01
2.024971981273222810e-02
6.283028711029550184e-01
1.303415929630786785e-01
2.672184201549884230e-01
3.019636163095462678e-02
2.420452572333802177e+00
9.576528865026086024e-01
5.423471759774950847e-05
6.968645714011216796e-01
1.299273843008611038e-04
1.963349355563422105e-02
5.230339974893105648e-02
2.600851484638710409e-01
6.037313364881207595e-02
1.830293730740330804e-01
1.381796616033652114e+00
2.675100798320473663e-03
1.597125547278516189e-01
4.555568914628494218e-04
2.959738467731093392e-03
4.668005619105645154e-01
4.892057751554346190e-01
4.552882124290835164e-01
8.845840806761096076e-02
5.568918167346766090e-02
1.575338785868161257e-02
1.634284587078682349e-01
1.969377162815643789e+00
1.997545494462517335e-02
8.338333316313501289e-03
1.534455604883114832e-01
3.579573536725123017e-01
2.756008983601598294e-01
5.743287563627245129e-01
4.426707396600407241e-04
7.272792410173885280e-02
6.942005549526683028e-01
4.906072468093121697e-01
2.450974320892504166e-01
1.486030428892670674e-03
5.382053501424928499e-02
1.541095256806309689e-02
3.261805829850472627e-01
1.661675101887100147e-03
5.299845166231702542e-01
6.676731126455129894e-01
1.761302912689789724e-01
2.127383433636524934e-01
2.580916714320526106e-02
2.211698166766997917e-02
1.282550484994556261e-01
5.261540910287166271e-03
2.388298702898142611e+00
4.131593982550818729e-03
2.068732020010333184e-02
3.433869238574443483e-01
1.094168947416149923e-02
6.031476469771991367e-01
1.492833888635183570e-01
4.152936110195177277e-01
7.282198873978029847e-03
6.846319763564616412e-02
2.222318586792835365e-02
1.531986283763163703e-01
3.909284782411088788e-01
3.682956116337998687e-01
1.458786189661315236e+00
4.451749949318882228e-05
1.092432800620475097e+00
2.142807654591302458e-01
5.249347359613132803e-04
9.027028392815865665e-01
6.065672032772555927e-02
2.762010379685904404e-02
7.784441845970448970e-01
1.853720262778721928e-01
4.938665353060354285e-02
1.484425620386104622e-07
8.363261676715082193e-02
1.082021579990926075e-01
5.839071860415604442e-01
9.062194896090270957e-01
4.129325804764949655e-03
3.501122614871561289e-01
3.077861408063653492e-01
1.021155807245842928e-01
1.076760244997909720e-03
3.734914780383142285e-01
1.900479448899858870e+00
3.074117579372750431e-01
6.860268956281845472e-03
5.923251407015194259e-01
3.639940220673246185e-01
3.447563234823036726e-03
9.934082885623141124e-04
7.909294444081313991e-01
2.503335931650967905e-01
6.178540549421071004e-01
1.009030881278630387e+00
8.004593818375251024e-02
2.363305503877224933e-01
1.108472863581052570e+00
6.479390540684200062e-01
9.586300030549299578e-02
1.125858637312755040e+00
4.463380243831878147e-01
5.137989443720514249e-01
2.213835817383266180e-01
1.693923595772529878e-01
7.316295426439634042e-02
7.852231445619862289e-04
4.368930178092577110e-01
4.680545747756373332e-02
3.619182770652304981e-01
1.233354841505935884e+00
1.057614055157635310e-03
2.639740196496102587e-01
6.860073440371976250e-02
1.978246148047127159e-02
1.818856960198296235e-01
3.087177420623272717e-01
8.806756325144693420e-02
3.205006348062122701e-02
1.647814700650529207e-01
9.104041486415903606e-02
2.437623067971728379e-03
2.208758258839423408e-02
6.776906583732256184e-02
1.630739577139999064e+00
5.870278392072399987e-01
2.587718962512051135e-01
1.038804928714428567e-02
3.687947879642449606e-02
2.929475427710843960e-02
1.358048779557199937e-01
2.985787421611313386e-01
2.320944319604663353e-02
1.287893944476419250e-01
6.211528413323089692e-01
4.972702093375577781e-01
5.597923433406614135e-01
1.335864627965693959e-03
3.214788681884677563e-02
2.180339163701774108e-01
5.000995441804452213e-01
7.893160725190857541e-01
4.272912959932259058e-01
4.318078283387647570e-02
1.358272902885566014e+00
4.323806944720243739e-01
2.643924852686652116e-02
5.445865870979379464e-01
2.707479350329057566e-02
7.283900907997074015e-01
3.189880754113276207e-01
4.148925896117853021e-03
1.002894578875626738e-03
1.008254829602434760e-01
2.268210472758495744e+00
1.091990346725808109e-01
3.094679572488063801e-01
1.342611981128784271e-01
1.659993395862146448e+00
7.778666093260373504e-01
5.867170383125933086e-02
7.181068174350349609e-02
3.534076192051962412e-02
1.643873230825973752e-01
1.881032607499083520e-01
3.854348548946182756e-02
4.163517842015862676e-03
2.703550255524267421e-03
7.057027230092836889e-02
6.737999592762041745e-01
2.351441239708228562e-02
1.577690769723022121e-02
1.012238387448292531e+00
9.393040150644877068e-04
5.158609181655410270e-01
1.266007866686169325e-01
4.805441964249171360e-01
1.094689101824116717e+00
4.939891425960317162e-01
1.035290658429186550e+00
3.339534905050425134e-02
5.886360248045515720e-01
1.460755604459054169e+00
2.632394461912095432e-02
9.716975695438768296e-03
1.740130743248952117e-02
7.673993896114486568e-02
6.250935109643461496e-02
3.322451570577185376e-02
7.321044165617922317e-02
8.393681191463780999e-02
5.068080265927815686e-01
4.710046711119102864e-02
5.791333703233547854e-03
3.161659950497555660e-01
4.860649281274120326e-01
7.546504875124416395e-03
3.293044181281237215e-01
9.816928354116881417e-02
6.095688043472700240e-02
9.442551103459873030e-06
1.020833387218084004e-01
1.946446721291120063e+00
4.273417884342849832e-02
6.478678222256599728e-01
6.906665686490273126e-01
5.247261449173976633e-01
1.265488825277784890e-01
4.479949528242693768e-01
1.026480862543284189e-01
4.328521836840487744e-04
5.205226560696588622e-01
5.138204968757631441e-02
2.818899783525474212e-01
8.358456665935016794e-01
1.034163627919225947e-01
8.326510488019055467e-01
1.675684679104441743e+00
7.309874927622715679e-02
1.263396797448567976e-01
3.142381944721842624e-01
2.163221161708728246e-01
2.925929707517667400e-02
1.640550402060125812e+00
6.922670224553386653e-01
6.613187315651553044e-01
1.872971431638349005e+00
2.017821621701794133e-01
3.019343010116415371e-01
1.221236670851899575e-01
1.031193451402288158e-02
4.391921445847155048e-01
3.656727000980657394e-01
1.503677424009212393e-01
2.297816958782135377e-02
3.840039711197098526e-01
6.585111314315152953e-01
3.340997917784138682e-01
1.404392700073244571e+00
8.990773562056273427e-01
2.819531049118884636e-01
9.419333215863706643e-02
3.595912543096551062e-01
4.100897273297654630e-04
1.650022791667713059e-03
2.950598641509394326e-01
1.428752313997382062e-01
4.291496947268280855e-03
2.976842499986247503e-01
2.943421296892172537e-02
9.940987447417636014e-02
1.599930097444608387e-02
4.086090845139234151e-01
7.161824848809983900e-03
2.669439038079918572e-03
1.053864530939016275e-01
4.590216967631572942e-01
3.149111437817076007e-03
1.191962759519873960e-01
2.098287410573878090e-02
1.033822085895890863e+00
2.270560860169982265e-01
9.905997640664536696e-01
5.968195276205845445e-04
3.869500416936177967e-02
7.360800126034821034e-01
1.624691989761204158e-01
3.432819871166566117e-02
3.924940351168748620e-05
1.074625175607495445e-02
1.913281151807604344e-02
6.918542215818466179e-01
8.493012800324045708e-01
1.105727005145641373e+00
9.274956981455462213e-02
8.775145645418280793e-01
1.423662855744043665e-01
1.416497569260909195e+00
9.809010992597491652e-02
1.437838596305752170e-01
7.534588416314776105e-02
5.911246967143445330e-01
1.603378463419366629e+00
6.440066018500299749e-02
6.747544796059038452e-01
5.879013910906821100e-02
6.376322593833989166e-03
9.967952191031166642e-02
4.588822314195395435e-01
2.312642893369072639e-02
2.682444513458735469e-01
3.414209433832438023e-02
1.023623671493820053e+00
2.925133913174254308e-01
1.700849938887652110e-02
2.655689990087985564e+00
2.707943717318420096e-01
6.237833243577304426e-02
1.473879182269392796e-01
3.743007896911313970e-01
2.460775431410066882e-01
