1.720110512153378906e-03
1.930609500810355830e-02
8.372301113567827413e-03
1.788996618672863623e-02
1.456570782325909523e-02
2.825886497644580428e-02
2.670515155741186308e-02
1.504796487823258366e-01
2.077175800559047988e-03
6.940234637179396905e-04
8.932640102823449779e-03
3.500112693509987299e-02
3.859176889242790787e-02
1.055082125556896025e-02
6.151866262769035076e-05
4.677964185998014467e-03
9.654127006244210205e-03
3.358221688018161316e-02
1.576184635214658222e-02
2.914085034456549705e-02
7.809076947045259787e-03
1.298371750891408882e-01
6.325083293912354965e-03
1.170200550670755651e-01
7.432525203180511200e-03
2.372912301802992951e-02
1.807741484013361266e-01
2.603306417123702615e-02
1.626908618593530254e-01
2.314662028427783014e-02
7.353290727640734992e-02
1.147065352417578170e-02
1.693601102165292333e-02
8.665749164440450286e-05
3.433693177595363577e-02
1.901890886463376710e-03
2.458599336011768263e-02
2.787606446712364433e-02
1.114446986398021100e-04
1.941161497636406533e-03
9.649305168526600826e-04
2.783982541987520612e-02
1.684807256288569366e-01
5.010481080947776916e-02
7.672917857111397066e-02
9.433065008430364072e-04
1.200343231840507452e-01
8.779129407563064993e-03
8.570586055256168567e-02
1.369316494776127158e-01
9.166995986035621907e-03
2.890875055549181789e-03
1.407867452217712555e-02
7.134029360781031504e-02
4.260011046122609384e-03
1.753352509173281004e-01
1.020607034304750298e-02
9.240390454031671003e-03
1.498286946652370444e-02
9.514054848009073639e-02
1.299283615289645658e-02
2.208055246131437280e-03
1.533955055723314372e-02
4.198760024692583387e-02
3.186665183595692473e-07
5.506670191668378402e-04
3.508730733089460174e-04
1.090505611413917081e-01
5.159189294325400993e-02
2.539796206563669015e-02
6.775170603603677955e-02
3.757784581688147427e-03
4.114940514602210761e-03
3.446187667491268369e-02
1.912268113333054484e-03
1.183436805543436852e-02
7.005022669970931452e-04
3.997077165924448755e-02
9.961595877088695594e-02
1.545529487300537422e-02
7.096112302458074117e-03
3.465670912062433773e-02
6.387705292992971497e-03
1.617419884582479706e-01
6.203850159982744750e-02
3.485151980622657603e-02
7.431840667095385329e-04
7.080330015326898735e-03
2.891248916410409445e-02
6.330441474453993300e-02
8.720087134676314869e-03
2.136029018024362958e-02
1.089088926199227175e-01
2.111769932011638498e-02
2.545223619875057117e-02
4.966799437367386272e-02
1.115126223579222114e-01
3.169475426319334072e-02
4.749622935050459849e-02
2.148767426295938518e-02
4.549878140282053590e-02
9.897793574197573385e-02
7.172800132606839407e-02
1.095517548477645681e-01
4.572630660485422355e-02
8.570219213004966197e-02
3.173318519459245729e-02
7.554499349047767362e-03
3.126341434471621716e-02
3.316830079632426265e-01
1.263003255617983929e-04
2.204358012314873785e-02
3.766419238876295844e-02
2.843706686661367500e-01
1.155210225547556938e-02
2.043513416695259544e-01
1.608886901800558183e-03
1.169520029962775945e-02
1.633419790172682962e-01
3.071283461780565521e-02
3.338447257848145555e-02
1.222301452128007416e-03
2.174329711871037072e-05
3.989405756969931910e-02
1.364820268035694647e-03
7.418606482386760209e-03
7.310609744035204138e-03
1.416321579277145769e-02
1.534470612103966489e-03
1.532443911595548491e-01
2.559578101628713284e-02
3.523075281359387689e-02
2.290715125033636335e-02
6.977700423079669263e-03
1.171386826708734584e-02
1.767857478873595400e-02
5.328381465684712409e-02
3.576408330268004022e-03
5.647532014320611133e-05
8.114594184443083003e-02
3.685207493304478582e-02
3.942357072315272434e-04
6.169729089850518183e-02
1.788751295478761827e-02
6.232511992883317531e-02
6.510184531617973732e-05
9.073360754962413177e-02
1.073454879277225132e-01
1.420241727112015462e-01
1.191574381390834991e-02
1.306484460613788201e-02
7.398086534534016601e-02
1.399646702304508340e-05
5.784090860460738837e-02
5.306964804747121150e-02
1.151763960566216764e-02
4.272737263720917389e-02
1.570666793842728087e-02
4.734748010069597494e-03
1.060939031440234098e-04
3.795270159244155950e-02
1.007185510110595629e-02
2.488607257870107878e-02
1.208290357886475236e-01
1.289663032224300787e-01
1.171215277321836779e-02
8.903526258448880501e-03
1.491554905063813830e-01
1.060267275830216243e-03
1.636549675015598615e-02
8.411775205294538815e-02
1.475257623667570496e-02
2.365853554570578748e-02
1.818992172081456554e-02
3.395202051662010029e-02
8.707377970433448355e-02
1.642851277418511460e-02
5.314418165793437926e-02
7.885376016435166960e-03
3.516918927363599386e-04
3.955790639598104341e-03
3.561370393609581547e-02
4.206829000231414317e-03
8.499214211795179212e-04
1.492330618925470087e-01
6.868255495224004359e-02
5.909840376546282407e-03
9.497810732489959940e-02
3.940266995154131230e-02
2.354488285583494799e-04
3.149381484234618778e-02
1.305394368573124580e-03
3.208010470922775109e-02
3.542463811567897339e-04
1.870178984810914533e-02
6.152319569561218171e-02
2.173822784272701550e-02
7.410975867205911449e-03
1.088504902372575166e-04
7.210774964820542560e-03
4.335748056310968768e-02
1.777430822513562233e-03
1.297534222532771217e-03
5.197785043284547379e-02
5.850916928827803792e-04
1.597062515056287824e-01
7.817016407047950449e-03
5.662080316039867181e-05
1.558128522111363601e-01
6.446663253793068205e-03
3.313901700101638077e-05
9.854793801208870663e-03
1.168306761321910719e-01
6.197943734103215224e-02
1.715971043066499488e-02
6.189537635122666429e-03
2.127935200243346314e-01
6.268441262884261048e-04
1.451942140032831858e-04
9.127655614646208219e-06
3.944166095071775791e-02
3.805287036056487215e-02
5.002541702150457154e-02
1.365503345221772379e-02
4.791412736376072373e-02
8.836482861492177265e-02
2.246687265997123623e-02
5.843486989127370801e-02
1.022897146911879232e-02
1.593938967018545683e-06
3.131283423648805603e-02
5.051642186119383211e-03
3.879687461054417280e-02
2.702162323718330234e-02
5.136155379225854772e-02
1.882767576027789824e-02
1.865373650839362643e-02
1.460980328669837889e-04
4.318430052413042147e-02
1.490457878574367664e-02
6.933915260064539045e-03
2.486507606110494107e-05
2.929639211166178842e-02
2.500514296732695395e-03
4.132715958261749811e-03
1.014107091744928003e-02
7.693988867738175974e-02
1.275858796834354950e-02
1.354077510268958916e-02
3.143492551772597294e-05
5.262484688101966290e-02
1.621705554667366572e-02
1.445250731780775288e-01
6.617248537809657973e-03
1.769368511338955188e-02
7.289285409302183327e-02
2.804388537450852592e-03
1.969466903564401003e-02
1.867699921240238009e-02
7.711143606391646262e-03
7.972353203519998155e-02
7.125037870913976390e-02
2.677776740093406032e-03
2.602863465587587632e-02
9.098120744833821316e-05
1.060685683701744451e-02
5.841613857233839135e-02
1.709761980310721130e-01
5.457671807608251852e-02
1.790559498874667581e-05
7.759464431591585332e-02
8.452753757508984275e-04
4.164632172489689255e-02
1.704444131263578924e-02
3.152158561855715121e-03
2.198075505882575269e-03
1.246421412364328296e-01
3.225137023721776075e-02
1.757670143690019324e-03
5.183835257782556070e-03
4.404530144266125685e-02
4.392698914331507470e-02
4.426477729261837218e-02
1.445705119523904847e-01
5.315542742984052244e-03
6.563455827975517732e-05
3.324716661697022283e-05
5.385073033382221930e-02
5.250396521116811217e-03
1.972841177583126940e-03
9.698294138437854595e-03
5.508191278426745156e-03
2.991980467125106638e-02
9.867682546502079544e-02
3.660468774719277934e-03
3.944229297662682314e-03
2.513837080356418410e-02
1.349489114826111992e-04
4.412671539837015241e-05
3.443986105522853919e-03
4.875557911534189582e-04
1.687399187108320694e-02
1.814538941037350042e-02
1.258528967158885174e-02
5.265413532004603603e-03
1.847198871804699438e-01
3.750338108418484195e-02
1.597957927105806558e-02
3.481312834127934380e-02
1.855903646640167867e-02
2.240322509067951828e-02
1.065525323269025416e-02
5.673634009145925999e-02
3.429483935232322672e-02
9.160915315961864688e-03
2.210358298318510772e-01
1.809571117324078604e-01
1.462676430441761481e-02
2.803349669662499877e-01
7.245341023441520187e-04
2.630635472666171051e-03
2.254894898137404201e-03
1.474725768157389427e-02
1.323288287988115541e-02
9.343663118099573839e-02
4.567033834387607041e-04
1.097157420088609161e-03
6.875306063929005618e-02
3.482558519469590441e-02
4.798017063001186466e-02
3.108299572312526737e-01
1.458130578672318413e-02
2.090245442582575400e-02
2.044074671371066704e-03
7.618393523856057704e-03
1.385386415712666066e-03
3.724558228848504765e-02
3.319022047059198843e-02
7.083777906392378339e-04
7.222485359448610476e-02
9.521845194555043218e-03
3.334877389830593897e-01
2.489024092809362723e-02
3.177355634268017037e-02
7.404633034378316258e-04
1.748987560833590790e-02
2.598765859975966583e-03
2.930766900189831978e-03
4.954232136256769793e-04
4.350042654007353626e-03
9.936602218220344507e-02
3.762953189918278457e-02
1.972473700898397936e-02
1.345031850894707649e-02
8.934004117177973825e-02
1.865477819226330370e-03
5.413949407787332045e-03
4.591587473189906801e-03
5.235012545302131226e-02
2.224314644721693806e-03
1.677708104181130496e-03
1.342674327657297773e-01
2.913039065124445413e-03
3.638853427547960456e-02
2.894269388925119107e-05
2.233021978835741592e-03
4.131676124140913620e-02
6.034514432916115306e-02
1.289239285614386665e-02
1.251687610137967302e-04
4.406997951115286527e-02
1.225435546136208476e-01
1.219935636948147988e-02
2.044223382509486719e-03
2.027175096565221948e-02
5.939355651427465077e-02
1.565008827371352530e-03
1.644435245894566022e-01
1.643469226252129928e-03
3.143617341711953030e-03
1.025879692106137532e-02
1.459253548820562407e-01
1.642087282586777996e-02
7.264743321847373647e-02
1.240098889259998562e-03
2.509294147148580581e-02
5.917619702467950132e-02
4.254843815609268137e-02
1.176175677368076489e-01
5.405112714009021463e-02
2.303909120391055287e-04
1.692940949085529334e-02
8.578416834025550178e-03
1.321469716464277779e-02
9.011777122117703431e-02
8.112540140593871405e-05
1.384233302254229102e-02
1.255338425821442838e-01
5.804000582594420754e-02
4.051378081261362840e-02
1.116243073489085530e-03
4.902536028827697567e-02
2.652768510728473628e-03
6.240232996026516543e-03
4.650294841320164185e-02
1.861483297606220388e-01
3.229757537060898992e-02
1.200709262675306484e-02
4.182682538394818378e-02
1.998697009447201328e-02
5.417072427485069251e-03
3.796592451311511817e-04
2.351507275467699387e-01
1.188927174937228284e-02
4.477017408847284996e-02
1.787435992293961301e-02
4.628675632317469390e-04
1.955360233574858844e-03
4.683053102872009044e-02
6.055714063016100386e-03
1.526691307926976784e-02
3.177614642653502769e-02
2.232649975382993909e-02
3.205219390976827773e-03
9.560464500057824430e-03
9.482837763939994113e-02
5.500948332786400946e-04
7.291305271775191943e-02
7.512110250436905383e-03
1.048769901793752610e-02
2.263091797894061646e-03
1.162714518964593456e-02
4.595954157695432418e-02
4.343444112445615096e-02
6.050387154834106773e-02
8.583640256919010392e-03
8.363073350472495504e-02
1.594578962016968181e-03
3.010635341661488276e-04
4.458710860493842934e-05
7.212616950149151884e-02
8.662236321578352730e-03
1.622430361021926339e-03
2.289241581669963950e-03
7.102404401794262800e-02
7.355210160275196807e-03
4.589692387842392134e-03
1.140467324520899259e-02
7.116856827163695054e-02
9.010844339630445787e-03
9.430587548361357708e-02
1.970507866063449937e-02
1.656001674801927531e-02
5.099063184728210192e-03
7.106280059854669373e-02
2.557324419464601650e-03
3.306801879604879223e-03
4.239119329538521865e-03
9.802091959853194078e-03
1.938615130514995122e-02
2.861312509809808054e-03
6.354839336829366803e-02
1.535301741125577428e-02
1.421285671589331626e-02
6.036549473162055972e-03
7.872280057565550146e-03
6.892471234928228274e-02
1.385461299051675248e-02
2.366447015991228475e-02
6.683589520267312067e-03
2.175209332340907048e-02
6.817617138758935323e-04
6.163319852465870248e-04
9.152684037221366737e-04
4.720797724092734549e-04
3.085080390747303031e-02
4.826658848879832875e-01
1.179114900362311924e-01
4.703290708095688583e-03
3.160305821375533099e-03
4.142102685864734762e-05
1.081318194091283463e-01
8.244833421217829736e-03
2.614314939791947999e-04
9.133387971969819663e-02
1.406601285438779762e-02
1.148944225980675412e-03
1.636905506034179725e-01
2.117602320558285497e-02
6.902157271688566520e-03
1.255212251049558914e-01
9.817001560914915756e-04
1.142972140537293693e-02
6.790935309580303347e-05
2.363482037945074943e-02
7.114467385561382758e-05
2.226277996822950819e-04
9.496123596413212631e-02
3.311634515890499414e-04
2.117009214429249261e-02
1.654139336547493216e-03
8.449522723726803075e-02
1.492528472283104202e-01
1.604829430545827162e-01
1.168170138659555164e-02
1.308375403813846413e-02
2.135143412922883843e-02
9.637506291536582226e-02
6.252286255908227897e-02
5.643645126062371131e-04
2.833724645984957852e-02
5.670430457765777976e-02
3.817653659035651764e-02
4.271523364117330306e-04
1.642377236087191824e-06
3.470987907875582468e-03
1.378839522437391024e-02
3.888863423835743627e-03
1.032187600250175363e-01
4.578487843379906719e-03
2.916730793868516254e-03
1.735589684380255268e-04
4.520177747535519683e-05
4.020688299550043317e-03
2.317389766375227769e-02
6.178951424078951010e-03
1.034224256454347379e-03
2.590725122988725773e-02
4.303055411187790835e-02
1.640219591576552380e-02
4.128194931909466114e-04
6.929267257429505902e-03
1.325167014510029474e-02
2.208909575335391284e-01
1.992105858767146027e-03
2.372168723218970668e-02
1.261079416386478268e-03
3.447411636587390665e-02
3.378486667397306853e-02
3.376038623657141163e-02
7.135829328189338336e-03
3.363217470399428727e-02
8.825412255307293896e-03
1.647155473023000916e-01
2.218514654613024453e-02
1.428175329852401150e-04
1.465423776965198988e-01
2.143189413026850426e-02
6.806456625886472822e-02
2.143458010158421842e-03
7.537620829378868792e-02
5.190266344494714893e-04
3.104148508190969491e-03
6.392236276976381859e-04
1.983596302507713988e-03
3.770194508923398885e-02
9.360544534673671813e-02
4.075188223900434205e-03
2.348152951577006306e-02
1.107068607589784329e-02
8.892682352952981095e-02
6.973815026763170038e-05
3.827919784301835049e-02
1.558116716626556375e-02
9.297166712424682553e-03
2.748454681096696231e-02
1.988781382249071514e-02
4.275022479289166538e-02
6.909666249684347922e-03
5.137100999190550308e-04
5.811875250736284193e-02
7.178555866750677833e-03
2.767228372330017908e-02
3.380190214052223446e-02
6.921404546802658632e-03
7.000866467979571447e-04
4.030290680860140577e-03
3.964401494672056825e-02
2.882824965930036801e-02
2.750871557030547254e-02
5.556638735878678334e-03
1.000524472501248402e-01
3.697694476947174791e-02
1.768112963308046404e-01
5.543871426566291533e-03
2.760675757896433741e-02
1.115222778222982672e-02
1.800385886311972649e-04
1.100731926679935323e-02
3.643643466801603503e-02
1.661625817876540290e-01
1.198168197228931947e-02
1.350698202790892935e-02
9.917936228869278156e-03
8.944018524539991064e-03
2.580240770558137053e-02
4.264571747195867665e-03
7.494359276969679746e-03
7.611948781321782598e-02
2.397146393555106211e-02
1.362875501901708065e-03
2.494423298979362488e-03
3.295535651594190974e-03
8.777357145776795710e-02
7.305152146791336937e-06
5.298526417908751285e-02
3.082957691691250602e-03
4.173156832534766908e-02
5.132668847377305429e-03
1.815320053448920418e-02
1.246407789674412563e-02
6.022083171137355279e-02
8.623431654810028227e-03
3.033446710096067769e-02
6.998554900066729367e-02
7.532315242124172638e-02
2.865378851729195597e-01
2.497768760922226480e-02
6.638818643667177173e-03
3.002280578808770237e-02
4.492805518395386055e-02
6.206501991921826306e-02
1.398374917943828386e-02
1.803624583374766662e-03
6.055362081297235161e-02
9.241037842884346210e-02
9.716122735627630638e-03
1.278893189002590913e-01
2.002925859936013474e-03
7.380551662645905980e-03
3.539454097927782761e-02
1.558627796415035845e-03
5.242195402541877103e-02
2.763684315711815304e-02
8.771001435224441613e-04
2.409632412039799942e-02
2.662693349015064076e-02
7.046983891562538793e-02
1.588145494611816790e-03
1.253787239557692607e-03
7.593041527560517650e-05
6.714337459317034837e-03
8.125407503499569584e-03
1.817664103305703378e-04
2.377605067105137762e-02
2.167083350581064816e-03
2.355417891425860832e-02
4.459028371002582251e-03
1.644612962458101221e-02
4.456193640768551373e-02
9.116144124057774106e-03
5.005618002661441773e-02
5.646203482647557670e-02
1.226641231147002249e-02
1.353874128398848964e-01
2.775475128928273343e-03
9.792567358522290266e-03
9.626769950050056285e-03
1.492121760777313615e-02
5.853012634699026329e-01
1.005902103769655692e-01
6.085444189593367664e-02
3.585068367598288896e-02
1.082554651553883224e-01
3.048861371361526185e-02
5.093021636225724107e-04
2.363487491985894121e-05
9.666237208910480327e-03
2.917134473636962162e-03
2.163505294531759340e-02
1.258314735981889108e-02
3.489734112675831751e-02
2.826356472271131237e-02
9.545635891948761175e-05
2.202606822594501811e-03
1.037527022098577896e-02
3.579303310842930214e-02
6.635775886248497513e-02
5.859737713257750016e-04
5.534508597078231784e-02
9.982010920335143700e-02
1.100162645533435402e-02
1.767576427455167659e-02
8.225398972977578105e-02
2.584447640416485947e-02
3.841384921183962648e-03
2.483800086640171149e-03
1.752377842824438825e-04
3.167062788934568718e-02
2.728509474953525133e-04
2.898428748671987715e-02
2.188269916957269565e-04
3.607399578105353194e-02
7.429563449415110821e-02
3.098185016933169972e-02
1.582401358543935460e-02
1.557237723350469727e-01
1.152728871558603568e-01
2.977811064323866459e-03
1.251937552382732972e-02
5.775828930901720504e-03
1.926136261225519508e-02
6.966776834343611779e-02
1.365405133141617267e-01
1.833428894406755744e-02
1.357512158857773418e-02
5.079392847787560922e-03
1.728861973024854379e-02
1.804621193846487432e-03
5.363871573665265902e-02
6.797493135678413234e-02
5.516080302995629700e-04
1.863787998033662394e-02
1.248507714083351428e-01
3.300289674569963777e-02
2.438283524198441368e-02
1.147086152808801940e-01
3.689880080016941233e-02
3.760915334969094654e-03
4.071509743964779496e-04
7.713509221985337568e-03
4.519730913451956017e-03
7.116855190149255772e-03
2.919793844936872940e-02
2.080622140301695983e-02
2.801869803811122498e-03
8.874464899160217459e-05
1.764364923502391436e-02
7.615356863323086188e-04
6.911985284900923343e-02
4.493998512670537709e-02
5.858049420781832710e-03
4.281367178838394599e-02
2.175152173741231459e-02
6.443238935912436183e-02
4.974778601705004411e-02
3.302578786439307884e-02
1.924412332968693544e-03
2.145864809453643801e-03
1.554968621283089533e-02
2.784052244833255200e-03
5.903592403093016472e-03
4.020435711593337014e-02
1.545245634681065121e-02
6.159047426029891012e-03
9.032912157735392689e-02
1.515313091393951095e-01
4.678191078339961895e-02
1.175516515878910657e-02
7.734471098810971612e-02
2.734973083538938380e-04
1.454343441169729740e-03
4.554031844892524050e-02
5.169166602366027236e-02
3.836856507157690443e-02
4.703450609291667112e-03
4.916556840196912789e-04
2.966918309222355346e-02
2.468414491952690762e-02
1.221722707601023347e-02
6.098420279381328024e-02
7.610084102944637829e-02
5.654607562788627636e-06
4.106534384845600492e-04
5.423980305971291133e-02
1.482932775946056714e-01
4.400645892908586210e-02
1.232559388538197048e-01
1.649627562715905149e-04
2.259861536326999640e-02
5.380252013585572202e-03
1.039933898678916946e-01
1.810178303225813690e-01
3.118367093389168830e-04
1.564556303990405350e-02
2.748586694731025549e-04
2.119867974911143760e-02
6.790775404315206598e-02
9.495630848177619154e-02
6.116791216865866522e-04
7.311591734855358085e-03
9.370809728729756136e-04
3.502689982485283036e-03
7.713402406702801056e-03
8.726769405525393536e-04
2.326571670663462113e-02
3.131498843154752881e-02
1.345647860808022456e-01
1.242262566514840266e-01
5.434743788980507355e-03
2.106505616202896183e-02
8.101239125392759208e-07
3.700047300961135932e-03
1.301081228590434020e-02
1.177580325960628782e-01
2.205078811084299623e-02
1.822435967469343901e-02
5.411751034551853107e-02
9.733360161335887287e-03
5.533747975326457763e-02
1.018722629253354661e-01
4.109926916789794979e-03
1.269746961817933006e-02
8.013944238127415631e-03
3.925912232926187170e-03
3.138819331457159273e-02
1.202760038230857829e-02
1.406237057915465840e-04
6.144359787856393209e-07
2.672399759973941025e-02
1.126299992707336349e-02
1.720621804025851572e-04
8.124445475937575045e-03
1.938030817485333554e-02
8.474283358805444547e-03
1.757870135317121663e-02
4.428299102644880914e-02
7.020185212203658431e-02
1.954875550067748380e-01
3.442154912915054103e-03
8.204584370392957460e-02
2.003729772901702844e-01
9.395694927434561881e-04
3.923644725424012963e-03
1.293024435680785282e-02
8.526913407170975956e-02
1.273504193466182266e-01
5.162271704985633286e-02
1.085939373360454707e-02
2.966063587782903979e-02
1.989088324003379649e-03
1.899948947315913683e-01
3.685544885631910489e-02
2.501162471636165802e-03
1.128469773109986446e-01
8.635119481596797292e-03
8.313019878177152142e-03
2.412026034404377137e-04
2.336831070091479820e-02
1.826568968975867541e-02
3.315351729670575499e-03
3.081209801443344706e-02
5.346088631328194509e-04
9.019116781213838696e-02
3.153396492270608281e-02
7.530664247804346768e-03
1.791109792859780017e-02
2.330895219897229781e-02
2.995158025480502972e-02
5.365898906116847028e-02
5.757669664028386425e-02
5.454100603625424565e-02
6.324874047424553294e-03
7.901273705374597597e-03
3.029467113109323567e-02
1.885025775706154066e-02
1.008228129329353379e-02
3.073907432289582076e-01
2.065406263010317045e-01
5.184160406991877856e-03
5.168648768909560667e-03
2.876756220415638970e-02
7.613322996417145249e-04
3.568594161708293856e-05
1.690343953769629370e-01
2.420197156737821306e-02
4.824600351731846761e-05
1.457434233684891563e-02
1.621353257079694628e-03
4.015194740661317575e-03
4.984710788344511034e-02
1.046182157496634846e-02
4.705760674145621943e-03
5.566830182776007045e-03
3.547655527106567166e-08
9.898716556374216602e-02
3.519334209989455342e-01
1.631642289322392638e-03
2.795519408258749158e-02
3.446533881196882365e-02
2.885097492634817150e-03
4.294378832209847646e-03
8.924296494417954459e-03
4.255272631250166943e-02
2.799435982614883328e-02
1.299757212626026504e-05
2.465297062508735662e-02
6.924517930279203322e-03
1.060294114075825168e-02
4.686173094672776637e-03
3.266093326244233486e-02
2.013614762004622104e-03
8.064446351964283527e-03
5.564109407212537370e-03
2.998934824133610288e-03
1.187833776874440139e-01
9.061694539470700012e-04
2.684633680341155793e-02
4.758970954070111670e-02
1.806628863338202717e-02
4.709944367823545863e-02
1.028062844569523852e-03
5.532173747761210542e-02
7.324618053917376285e-05
7.716462057958701527e-03
2.555308535188880684e-03
2.043177786218642808e-02
4.526575198702600077e-03
1.588192647500493576e-02
3.208627460751980326e-02
5.228095924448532966e-02
1.060008930291361827e-04
3.276913652530712845e-02
3.117931035892918359e-05
5.825356343698116085e-02
2.434482227126508105e-03
2.062420124967237478e-02
8.029030773081824446e-02
5.303590615649647101e-03
1.154504147139918946e-05
4.716220448533514934e-04
1.151252875476493076e-01
8.227549411915445129e-03
6.856305661187944711e-03
1.258906681583140709e-02
5.688617052739897845e-02
2.825899726703428975e-04
1.100408192711232590e-03
3.205350578990490140e-02
4.860208506743059903e-02
7.256004630774808180e-03
5.747128824920896134e-02
2.460834193260003229e-04
3.617487772303977674e-03
7.819609844489268109e-05
4.719755239363599558e-02
3.665349690267545590e-02
1.839065812827268137e-03
3.247624127463000069e-04
2.284017705031140752e-02
3.003557603240978799e-02
3.534866403381104350e-03
1.586219164941806425e-01
2.013787548063184093e-04
2.890316678105270699e-03
8.529050940658150504e-02
3.866810999008098940e-03
3.611926577827993031e-03
4.972736568254374281e-03
2.101428265949345509e-02
1.064388411445974306e-02
2.994558653325141151e-02
6.872985212836578428e-02
3.241080385116661567e-03
4.363646204873221357e-03
1.013548998038932454e-02
7.192978667573912644e-04
9.917960730934547667e-04
1.056341929598208183e-02
3.708263397038946560e-05
1.711304105036268522e-02
7.120862483296353369e-06
2.939284985357107707e-02
3.750556536484856915e-03
5.667413647223828836e-03
6.257582609672720543e-03
1.291556110032338056e-01
6.115367997043622689e-02
1.867321561871736479e-01
5.090173410140483301e-02
6.377895066376808308e-02
1.979943927654877027e-03
2.895203654863263282e-03
1.349645382670600913e-01
2.797648193282032889e-02
6.694581207440009410e-03
1.371458409364958303e-02
5.539789021346711723e-02
1.170828991170153217e-02
1.205691259771003027e-01
1.285345008853432634e-02
2.916350789912983479e-02
1.520623211959385747e-02
2.355266710941469194e-02
5.520720633434284257e-05
1.807959895775993571e-03
5.894396583301803744e-02
9.042572822045011338e-02
1.637079345539147190e-01
1.239448574910711955e-04
2.135567516295854007e-02
3.126024364863857347e-02
7.552129780856119134e-02
2.681505082002337559e-02
3.678608119193951462e-03
1.069832554894176863e-01
5.511255848621115063e-04
1.953757683975668180e-03
1.521917804423919204e-02
3.266144445304292737e-02
5.442348299795692242e-03
2.720838550134516663e-03
1.621637318421942397e-04
7.433489055783088590e-04
1.712698400860869150e-02
4.845914599875558726e-02
1.264000858827570191e-02
8.151990118143458142e-03
1.972529019034940240e-02
2.859883650271667372e-03
3.207448207827476999e-02
6.402556615429333409e-02
1.916329281722334191e-05
1.428326131820017442e-01
6.397022398511042780e-04
2.770016173304991162e-03
6.968288253124631237e-02
4.933608780271536015e-02
2.465778242335244508e-01
4.257878492143876009e-02
1.893996788472036581e-03
9.762307000988422467e-03
5.750237649661323926e-03
2.377598760130651342e-02
7.364904193252926057e-03
1.345019407278146787e-03
6.733636719266334301e-03
1.077526955477373233e-01
4.209920506437495264e-04
1.440843118018637729e-02
5.288669673430335116e-02
7.700525662123593185e-02
1.101268448863792007e-02
2.565227836353411311e-02
4.715294547331948943e-02
1.138999419833917025e-02
5.157698861023774645e-02
1.487954905640412676e-02
5.015707487318083781e-03
4.544230797721418580e-02
1.090280726841761326e-02
9.739165768347839147e-02
2.976722867494799307e-02
1.450747173636532557e-02
1.199179458453473839e-02
2.495216894976753919e-02
5.329264174440503932e-02
3.966044856986690112e-03
4.225718736123140057e-02
5.590856778141981703e-02
1.106120025383413794e-02
8.288151163287653389e-02
1.130215423297404893e-03
2.499176028947873787e-02
1.591774365807409547e-03
2.102725537411624917e-03
3.060559737845827688e-02
5.487047517667693539e-03
7.502276981988909672e-04
4.600218655393694539e-02
3.440609094600158985e-02
4.423019838696869155e-02
1.131446887530009882e-01
1.536827621427461297e-03
1.079939122748137387e-01
5.907347425984278699e-02
8.929923290509978254e-03
4.068892807768702963e-02
1.663828630425267519e-01
2.444845815067160210e-03
1.189774148907428095e-02
1.187305738629268644e-02
6.848932693707859842e-02
2.374712719595516858e-02
7.979651749294642757e-03
3.371909387384192081e-04
8.810901334345927569e-04
2.547457503145555274e-02
2.724591349230737897e-02
1.332687001032763219e-02
3.316773131756923804e-03
6.106579372153526919e-02
6.709939323727303478e-03
5.178022603583116307e-02
1.565549130993556040e-02
2.356097377742753611e-04
4.132389041104822525e-02
3.707310104777428866e-02
5.007593120391293229e-02
9.939276591337593836e-03
2.337226588219871656e-03
1.436770871459562386e-02
4.672216959266795033e-02
7.314934908938182379e-02
1.889980135519118152e-03
5.903458069353252624e-03
1.749985959334909814e-03
1.185750110935858588e-02
6.827534118353563442e-02
8.716964589644391262e-03
6.743435494977099987e-02
1.912109323453727071e-04
6.323383023229135758e-02
3.542104748814389054e-02
2.299795029905763594e-02
2.013616043854727852e-02
5.788638582225807960e-02
1.547864213819248082e-02
2.878244341691417116e-02
1.015448432559946934e-02
3.750382710384590149e-03
2.443131758085556257e-02
1.118885760918976457e-01
8.946414786720003134e-04
1.324715692935780897e-01
8.027654750881869222e-03
3.817819837131102874e-05
1.070194523139483822e-02
1.119073982877456623e-02
1.035314302489258147e-02
1.396676250872902307e-02
8.825469973681400460e-02
4.164794803061170822e-03
3.459214617196031821e-02
2.128378635664086513e-02
8.335913275354678862e-04
6.142658216670263127e-02
5.727400715294602741e-03
3.924536953291063771e-04
5.025833034404393780e-03
3.602956729541457320e-02
1.734780238623733969e-02
1.023328174141854320e-02
4.820368583438366245e-02
1.026103239472849534e-03
6.505456622605211570e-02
1.436769198176870987e-01
1.753613339120973363e-02
4.757600590913041682e-05
5.397610638707779629e-02
1.157098745309359002e-03
1.123370354086815695e-03
1.737855907161297425e-02
7.866175373797677783e-02
5.202435814331494643e-03
3.843293609669312850e-05
8.171514800674906098e-03
5.085961546739104638e-02
1.094647392631845940e-02
4.058251507674136803e-03
6.797717272048367336e-03
1.581527431332775402e-01
4.739871004694080903e-02
2.867146872537077937e-02
3.912451901169156782e-02
1.814404024122438593e-07
2.206457080653733138e-01
1.345652301412352241e-03
1.638480301410299923e-04
2.334074521842085387e-02
1.190698390339524175e-03
4.472272697090013543e-03
3.400270677346117071e-02
1.726545606046161682e-02
1.730088084502425308e-02
7.033873166793019882e-02
1.200389713769387662e-01
2.526216255298103786e-01
5.946375681768427575e-03
9.027535414274772199e-03
1.837968553629856783e-02
4.728715632663016422e-02
2.030633696091348750e-01
5.554944390080227001e-02
6.015373992065878306e-03
9.310544312286658797e-02
1.462434001328387573e-03
6.185040431457698024e-02
1.294722059862625507e-01
3.313311076167619294e-03
2.438220434661927255e-02
1.559643064178945025e-03
1.317130641031416657e-03
4.954357134637028814e-02
1.707622339347724880e-02
1.246843573814646229e-02
8.425259481457647581e-02
5.769537026257571134e-04
1.207281405935306599e-04
2.016499846381487621e-03
4.911056124893092151e-02
8.719737557307104259e-02
2.479429853972664813e-02
1.342916986393251281e-07
1.127268881890268420e-07
4.945652634147977220e-03
6.854222359219855343e-03
1.441777098179342596e-02
2.574692175515604087e-02
6.359826246465824506e-02
3.346362112980186959e-02
3.518041400781654615e-02
3.725341020793443425e-02
2.772416131638191783e-02
2.921887623269806347e-02
3.225520578942309407e-03
2.961743668774055246e-02
8.279897376942835924e-04
1.538608360181512556e-03
8.122764433111263893e-02
1.202021930251564868e-01
2.692599226572073550e-03
1.552939605546036200e-03
5.146387292738613192e-06
1.618446660511052224e-02
7.461070946090951617e-02
1.289356873705372296e-02
3.747325164080608610e-04
1.184561693013202847e-02
3.308275510556893395e-02
1.976253681230810411e-01
1.949406020640471471e-01
1.058066179345776119e-02
6.435000623954777350e-03
7.003646339108269767e-03
3.529579646913802438e-02
1.045546445020140124e-05
6.630166507511534024e-02
1.861788000241880426e-04
1.092329148474404521e-04
1.451017921877217984e-04
9.702810115920392289e-03
3.527141583691306703e-02
2.168619425142376961e-02
1.018616861654574601e-01
2.473960811689493444e-02
2.531992446834044862e-03
1.064258700429959563e-02
4.780882082041429393e-03
2.230904614953404391e-02
1.274286379285163862e-01
9.318703162429776976e-02
4.736213707550838981e-02
1.908987059498290582e-04
9.602359521799966324e-02
1.543029221626623093e-01
5.159955447767054088e-02
3.236747884665369928e-03
1.799844966895670639e-01
1.329274706810255613e-01
7.773922669620406123e-02
3.199061189753840684e-02
9.323645693289352165e-02
7.097478436237839028e-02
3.656769774905112569e-01
1.785591941613152711e-01
2.561972908765970496e-03
3.886691906139214114e-01
5.212345988111455330e-02
1.258607849471256659e-02
1.197094988686575644e-03
2.246518409181514492e-03
1.692217922365244279e-02
2.951845083226510569e-02
5.479441217972602640e-02
2.581487895660176252e-02
1.803907628063192159e-01
6.437551918561917885e-02
1.246587753668913431e-02
8.629858318590007691e-04
1.121788379521180962e-01
6.855114473092648042e-02
2.490664465815401601e-02
3.251066972338886862e-02
1.753381094926646008e-03
7.831746987717688345e-04
1.834865331313376667e-03
2.056726587581049481e-02
9.095730384347109482e-03
1.238823226444253287e-02
4.511667035437670614e-02
3.241560955346358547e-03
2.087589883236561951e-03
1.162608779988812124e-02
4.037011805836408784e-02
2.610717429966851744e-01
1.539429199603177881e-02
4.839072971013589491e-02
7.467424058114568129e-03
2.700470472612839443e-02
1.671690001790874722e-03
1.435475928849236082e-01
7.935018259817500086e-02
6.638684470955280581e-02
2.425148785511734850e-01
7.705514841798377645e-03
8.342567912440543298e-02
1.909270744485805360e-02
1.167098005125221868e-02
5.267440211891769725e-02
7.879718040061180206e-02
1.726475592141384768e-02
2.213886635961222031e-03
1.222768678925220537e-01
9.978551164016920272e-02
1.372354909346450436e-01
3.578962704036559288e-03
1.394166446363206413e-01
1.513825858861307140e-02
8.931630571443709490e-03
3.580398998987744524e-02
4.014490232512426746e-03
2.358232170127275585e-03
1.314768166301933661e-01
3.143325434031298687e-02
2.119302924965192972e-03
3.707917943412104150e-02
2.558206080214621338e-03
1.684430175142942118e-02
3.522285899851435031e-02
1.774595977864198634e-02
5.316594396806331030e-02
9.714283002735388944e-03
1.573974537351160996e-01
3.255396082447754857e-02
2.028357629510817717e-01
4.411327149053584189e-03
4.028301576161493203e-01
8.851095159565418313e-02
3.893221891167150672e-02
7.884557962857351165e-02
3.056904431999884911e-04
1.550368992158649914e-02
9.859396756212165241e-03
1.086798590732343389e-01
3.411673398157205606e-02
1.282417954981477370e-01
1.825310592037564239e-02
4.844958382533306150e-03
5.496101288185368389e-02
6.284036593406871173e-03
3.958468949640429196e-02
8.413827806510788820e-02
2.049454205295275929e-04
5.495126100061646819e-03
7.375645637031109404e-03
1.244562079121207948e-02
5.403342165622813421e-03
8.579613779733192766e-03
2.743963207127879042e-02
2.699890174928091385e-02
1.273640814759563304e-02
2.367267700860214291e-02
6.206373599355549404e-04
6.687629711622200893e-03
5.807291569044627927e-02
3.918389344412048591e-05
2.273808570975963117e-02
1.014450007300092826e-01
1.262829533082579503e-02
2.649118871304637058e-04
3.325957563567358971e-02
2.291435921140512130e-02
3.035207808364570603e-02
5.824411316853789124e-04
5.108142388101649667e-02
1.610725002592029026e-02
7.690144799627838222e-03
7.672524814043790936e-04
5.161296059563777461e-02
7.004121511485854844e-03
5.818268529816079601e-03
1.842734150196462944e-02
2.682196924094961549e-03
6.763470112589428651e-02
1.379902098708734454e-02
2.176800157541365979e-02
5.693967547418123804e-02
4.444569815437685034e-02
2.715131476088542342e-02
1.778195377738615024e-01
3.956503439994547844e-03
1.297099354708087550e-02
4.872514040602909935e-02
4.034324919595457665e-02
9.162558719861513615e-03
7.279803040530691055e-05
2.242631106702403995e-03
7.494229947699396210e-03
2.203536389444842383e-02
1.280301231785222968e-02
2.168536023494297901e-02
1.598591932377224634e-02
6.584085344836192177e-02
5.887691596761920193e-02
4.191973925268216439e-02
3.073038505979121607e-02
7.889629220036919674e-03
2.366306569158884709e-01
6.539283869331292184e-04
1.038741212756032484e-01
3.529929359040411690e-02
6.980477109477440148e-05
3.579370075259687058e-03
9.723681748152706097e-03
4.414561398869142755e-02
6.102249986046720531e-02
2.486162049768362269e-03
2.189151330931875597e-02
3.066617658087089919e-04
1.200419602315138876e-02
4.413468867877678309e-02
1.182563312421217386e-02
3.618241841051470647e-02
1.672401437260934230e-04
1.436345468097641881e-02
8.449335526060197665e-03
2.301841418694824254e-03
8.126645996042305975e-03
3.431153906927280478e-02
4.793779503305285218e-03
2.959555101675539687e-02
7.063805004425235956e-02
1.943426063877334029e-03
1.919860633724562379e-02
1.626393030888783897e-01
1.208438603250094612e-01
2.235100323849237985e-02
4.496657406290472010e-03
2.657502689861996129e-02
9.606259386256645397e-03
8.112847971003063832e-03
8.027190195136009454e-02
2.382362581170341387e-02
1.872896900170124140e-02
1.133479356515484232e-02
3.027591665344029348e-01
1.858391802108286944e-02
2.182881162555121504e-02
5.398193564196834132e-02
1.490240474023796745e-02
3.054881430237905982e-02
1.049881483475266454e-03
5.595395738032955466e-03
3.182185229837144330e-02
1.648864872344873306e-02
3.292942791909331951e-02
1.087942622275140381e-01
7.841012459463980603e-04
1.081510959211912743e-03
3.683989218895993012e-02
4.510190284647223186e-02
1.182019779035921488e-02
2.594173849816129238e-02
3.843347740885754565e-02
1.061200489761575209e-02
1.488589199046413481e-03
1.427017638875541228e-01
1.975838857647634894e-01
6.405450065929212122e-02
4.430013640140819699e-03
1.402253685547175110e-01
7.236835208779809903e-03
8.447664889655585874e-03
3.411049902069498291e-02
3.142667762853893257e-04
2.303775210251036293e-04
2.819916488657963488e-02
7.934236150480292182e-03
2.530154906592794670e-02
1.232819397833037622e-02
1.993348399519506708e-04
4.139181485097681579e-02
1.217463369621868061e-02
1.060256616401852696e-02
1.096213150676250518e-02
2.157067934662277101e-02
1.928104798735236769e-01
7.989627297124989814e-06
1.182054144584148703e-01
1.821342815874107957e-02
5.274789704210681301e-02
7.342439998444766358e-02
1.851821490473750872e-02
5.099655865545234257e-02
1.088065845044981772e-02
4.884427437385586296e-02
3.588365926589715048e-04
8.095631502652874886e-03
1.454902894073081820e-01
3.505629133072469400e-02
7.792488100492298009e-02
7.075522001350097656e-04
1.758866241215873982e-01
1.275382128569670093e-01
4.266815269703491827e-04
3.109096779832723478e-02
8.489167942720579618e-02
9.017535063167634451e-03
1.641316702837699584e-03
2.117612806684757154e-02
1.183592950416811895e-02
1.551171102288892434e-01
8.457942213068017634e-03
3.255990566365942699e-03
4.856912493326413262e-03
1.043825598997266679e-03
8.440764722368414991e-03
1.292058797949594516e-02
1.960298030338429934e-02
1.365147091275129530e-03
3.935689842400960647e-02
1.530473170839100235e-02
4.259271378597402624e-02
3.940334428700851275e-04
7.449321792711606494e-02
8.019465134541423448e-05
5.928536111999319763e-02
1.177767306720405582e-01
8.945921952092870597e-03
1.841887278647472669e-03
1.299151871118575316e-02
1.093065900541766028e-01
2.661670181503944868e-02
9.974389229811891043e-04
8.181037511484266778e-03
1.773337481374389069e-01
4.685317167860669763e-02
4.430820839355572444e-02
4.973476081777470324e-03
1.091035299056574148e-01
8.684736057298279854e-02
3.098307606438139294e-01
7.964543890928089259e-03
4.181646383171551580e-03
8.536473082514035859e-02
3.899467376621843645e-02
4.497229676847239004e-03
2.060399637333399647e-01
2.374052649832507356e-02
6.293488838306222910e-03
5.141696083478296264e-02
2.270982552349049347e-02
1.496670157544699453e-02
1.572953136948297692e-02
7.927794300596672714e-03
2.423888237727292189e-03
2.408765616270558668e-03
3.839238179042251536e-02
1.862873212253899485e-02
5.323741563821225709e-02
1.651076042466326221e-02
1.253161881010690475e-02
5.154358643373730536e-02
2.027273592882863906e-02
2.307465405182922494e-02
8.833553364599314173e-02
2.570697928596798890e-04
6.418149734866995110e-03
2.179445042009939271e-02
3.610072031318774938e-02
1.488507978819729113e-02
1.036313833004315343e-01
1.143134313352001975e-03
7.437601462156387400e-02
1.245254470990027167e-02
1.037522775562302292e-04
1.459350283053531018e-02
4.440971638240565587e-03
2.348113065415816450e-02
2.400430532859698803e-04
3.488623103045745922e-04
1.861735308517482174e-02
2.449299494375426628e-02
1.128014215281395241e-02
5.106966718244832643e-02
1.162762803658594010e-02
2.541681266512614123e-03
1.093116880655549232e-03
1.036497687917001297e-03
6.672441314154151950e-05
2.230269557588374779e-02
1.743356751382940564e-04
1.876491743413257196e-01
4.977919381669110299e-03
7.333495462873811099e-02
2.119703814215390461e-02
2.751077463828019432e-02
5.492459293133066661e-02
1.048968307228161437e-02
1.167784285074798950e-01
4.134003227144515680e-02
6.095927166777187663e-03
5.618991317645899532e-06
9.909164192833305740e-02
2.595529181097002216e-02
1.669474655213660716e-02
8.784987169387817318e-02
3.062676725089225060e-02
2.095648110348050173e-04
1.419885233879193860e-02
3.920001049347165978e-02
1.717154548788540252e-03
1.455820602882243117e-02
8.113957963643071702e-02
3.135988241141201421e-02
1.253949521151173641e-02
1.632476771144518099e-02
1.073775166172815237e-01
4.298656893825769654e-02
8.822205280190536852e-05
9.382445158324959371e-04
3.024000366028431735e-03
4.405989408976649334e-03
2.074920546980274641e-06
1.534634622363822282e-02
1.301314285564197969e-03
8.299042988543824115e-06
1.294527131214822935e-01
1.854415645263954304e-02
1.781801699353633972e-01
1.823443210497767766e-02
5.682320456239670081e-02
8.916965712413502110e-02
6.053283318274749192e-02
2.609203148458532490e-02
3.247517716548723593e-02
9.984969367408115873e-03
5.693351777743910430e-04
7.019882633874999223e-03
1.762169287757902811e-02
2.285280274941191552e-03
2.283216781507420995e-02
3.985877973144064113e-03
4.913134576314298618e-02
1.216868651827290870e-02
6.822365199114696632e-02
2.134973751427688207e-02
3.241214930522114124e-02
9.235204755069399696e-03
3.189959599717513954e-03
1.288445451094982486e-01
2.849843632042527511e-02
3.752318514993675802e-02
4.826054044493517658e-02
3.035682209987033975e-02
1.860483890905748007e-04
4.782627999458536130e-04
3.789425617272746544e-02
5.788795532829084899e-03
1.956464732889727151e-02
1.016642305320558225e-03
5.989820084235722430e-04
6.966616142786172770e-03
8.245907477137087225e-06
8.747157464476204569e-02
3.588707206999383614e-02
3.563406384160137160e-03
9.279647425722084564e-03
1.809094501653436479e-03
5.114737618272092003e-04
8.658897823530683352e-03
5.449458973190037143e-03
7.529442072082671855e-02
3.403832521070192241e-02
2.396601123301166369e-01
3.285226542789922155e-02
1.253740873971247952e-03
2.291541642906853513e-02
6.624393222361467382e-02
4.474182738108268241e-03
1.072648712983436531e-02
6.860581297119719424e-02
2.021995445195133578e-02
8.237713639400989774e-02
4.224349166999610827e-02
1.271663004696767631e-03
6.258384185321118343e-02
9.706706605247462927e-02
3.133817846591626516e-02
5.676895738662090379e-02
2.480057283303705937e-02
8.533918510071115959e-02
9.032418655652843520e-02
1.387204705545433403e-02
2.391863877878155215e-02
1.987359311511678259e-02
3.730007760963667540e-02
1.648752295267309103e-04
5.207011479582829283e-04
2.983938896398253063e-02
2.566277406161783081e-03
4.475645765216040156e-02
3.153764199399575066e-04
1.992979259018090032e-01
5.222721139637463705e-02
5.993247659959446624e-03
7.559928033212806250e-03
8.493058952349560875e-02
1.857015391491911860e-01
6.127135999769939224e-05
3.239921295387453160e-02
1.050730771718549894e-03
2.846282217904833045e-01
6.892273445279900601e-03
2.787329145980640271e-02
1.167285647192844132e-02
4.208462346976415725e-05
4.248006365411508695e-02
2.555086957321853441e-04
1.012086193041357137e-03
7.505722597727358669e-02
3.325934739227509075e-03
5.290046707993683282e-03
8.481468991486679210e-02
6.096970462724557449e-02
2.518183074972874923e-03
1.391497394321810884e-03
8.451145789845897205e-03
2.075418676960938055e-02
3.263585301659664012e-02
6.026082685060298733e-02
2.634941253239334036e-02
2.694681840000728162e-02
1.832786025195034044e-02
1.213562767410089789e-02
4.604620770346171815e-02
5.149509772414392200e-02
1.997195119782968053e-03
2.414022866221329083e-03
7.616374193544031036e-03
3.609496300254395797e-03
9.612604366290025681e-02
1.175535753039113757e-01
6.336757150590952015e-02
4.394589570413797580e-02
1.111419493793688699e-02
6.345570901731691082e-03
1.120315715725428013e-01
1.629643982760307572e-02
5.881856167331678958e-02
1.452051365066852340e-01
2.820120343173543472e-04
1.801926890263927036e-02
1.635144870710023568e-01
2.092307348659255134e-02
1.455647439595027064e-02
3.917400475087227940e-02
3.247329378614275102e-04
3.253683392358309306e-02
2.262707886279400130e-02
5.742375972439275889e-02
7.904980492646334136e-03
2.661197861839559265e-04
6.610880365443720652e-02
7.061763479489371366e-03
1.279735778180282058e-01
1.596768199360547313e-03
1.143299756587051880e-01
6.672889200195449184e-03
4.109962673267984756e-02
1.534446540393018428e-02
2.141005633939338168e-02
2.615042180083277171e-02
9.897393622824095238e-02
3.804625309950346920e-03
3.944358077606026011e-03
2.320430484202987229e-04
6.982616327742290074e-02
4.611685938441639743e-04
1.740817725762852305e-02
7.171075059431661694e-03
1.731776547170287570e-03
5.893857461635906847e-02
1.042966674094644546e-02
4.641210645666300587e-03
8.950743601841490596e-07
1.160511499817825226e-01
2.107799865792625849e-01
3.384539022071212516e-02
1.171434938646928256e-02
3.050986371138454320e-02
9.667592419549606020e-03
4.394532674852996701e-02
6.607510189433977998e-02
9.433203254576985608e-03
1.309421370915359734e-02
2.777406215168931256e-02
2.904827980550084982e-02
6.256015693404000377e-02
2.111042161241140011e-02
1.187369588054980126e-05
7.075765284622004270e-02
9.340395347314896929e-03
1.488256058468926399e-03
5.552753532401409620e-02
8.093066959949690373e-03
4.863241030553977495e-02
3.235134137816239944e-03
4.773114606322215701e-03
1.525757266653842391e-02
4.461852979495001259e-02
2.351157392114639963e-02
4.316865415025131908e-02
8.584320599082652381e-02
2.623551331608129419e-03
2.889470240167932404e-06
2.109782727513335315e-03
5.757607402770842443e-06
2.814595103363496387e-01
4.191830914602345803e-03
1.577672997133451995e-03
1.000510596644508220e-02
9.970779503828694490e-02
7.651528424122433503e-02
7.371906880338134627e-02
5.503724610153048341e-02
1.070540681342131879e-02
3.749280903579773477e-02
4.341300351759830312e-02
8.299752721721687099e-02
2.821776221148492372e-02
1.723354221869686717e-02
5.603712914473368140e-02
1.303207592736410278e-02
3.633473713290251862e-03
1.442973610414080045e-02
8.592161129086844581e-04
6.082410906589324345e-03
1.554536091204603530e-02
8.067112006219727405e-03
2.889247842054417509e-02
1.531049907622197004e-01
7.564280400974471297e-02
2.513364659248199461e-04
7.452750259471563332e-03
3.315191163028925053e-02
2.012281345537852636e-02
8.517996977686387305e-02
8.463404832851928461e-02
7.909628761661621765e-02
9.365046080942115991e-03
5.504341324354682097e-02
6.361185700513209695e-02
7.742317473025863567e-03
5.232943919258876975e-02
1.730164203885225724e-02
3.869286675255914631e-02
1.924954083400087085e-02
2.372686988028172017e-02
4.535298638099807822e-02
3.670263565466213435e-02
5.199525439173949964e-02
4.308749761542705614e-01
4.837985670123724248e-03
1.742416678568873287e-03
8.270152768672941286e-04
1.604565049320010733e-02
3.370227506799664680e-02
1.039519718506648482e-02
2.500899585693779764e-02
2.067464601600344008e-04
1.958507779866234394e-02
3.058816255099076041e-05
7.031682812166765995e-02
1.072585555231874987e-01
3.603919238735778935e-02
2.679382573640244278e-02
2.816412080063436448e-05
4.487626105565765966e-02
4.366457850419497994e-02
5.005501002842725061e-03
4.144093354717062749e-02
6.321857948236216281e-03
7.512285748326344090e-03
3.678968135465312487e-03
2.116691826121421677e-03
5.336547446018495219e-04
1.028277714669213749e-01
1.295309348889830126e-01
1.360780674120350142e-01
3.729910503436281288e-03
3.445566920675680067e-04
3.668194425082304394e-02
9.705539229395433731e-02
6.039551471281480628e-03
7.496236982743433208e-06
6.933225982357159312e-02
8.626509797850978947e-03
2.601016836052768948e-03
1.294788401167915916e-02
1.857673591780655692e-02
6.520452057043106542e-02
6.626634631908314907e-03
1.895780198281168732e-03
4.175669330062996981e-02
2.630121205854524529e-04
2.518157888472468894e-02
1.669423494735156120e-04
3.274489779266211154e-02
4.993926658165683506e-03
2.482091793907570745e-02
5.133338307874264067e-02
9.510250604454762704e-05
7.229129457467807496e-02
7.001053329570898487e-03
1.779620764530252461e-02
8.901657226636761761e-03
1.179265759127561247e-03
9.103729006062077781e-04
9.567880955177568078e-03
2.223386181568847153e-01
2.157117500268035393e-03
9.038640395229080582e-02
1.055474527900075177e-01
2.996860122046446709e-02
9.179521609853669162e-02
6.088202262841258114e-04
4.641181531801109525e-03
2.947246916425610031e-03
1.638230095174099399e-01
1.616423072634457503e-01
1.669662579682918216e-02
9.658387924247840983e-02
7.747014062826951264e-02
9.378424032700646840e-02
2.815022304945838383e-02
6.851663622362105452e-03
4.338663192394742046e-02
4.769357336042470003e-03
5.393782814963058586e-03
5.163942012209945219e-03
2.977245095199639383e-02
2.731427905580601986e-02
2.426200216424278990e-03
1.089398546690127948e-03
6.924214722856056325e-02
3.862394854715184267e-04
9.041893362363227470e-07
5.687667018389762406e-05
4.495573743553236273e-02
2.017154498463782572e-03
9.938270503199125860e-02
4.177232292407018048e-05
3.940468543602106133e-02
2.999662740937034805e-02
1.138136128318411808e-02
1.868441684349553267e-02
1.386622893627056366e-03
1.548833924165864476e-02
2.074153570419365322e-02
4.222197724551676745e-02
3.475451703476212240e-03
5.943421326391904770e-03
1.854616978411188222e-01
5.337990120874052530e-02
1.383874586199885814e-09
1.358864701858850110e-01
3.549067519150933873e-05
6.364623478088671758e-04
1.565400588141832930e-02
1.360100680547876584e-01
2.103030442369599115e-02
1.232392512196624559e-02
2.516746562842571769e-02
3.969080420017116403e-03
9.178904754000476521e-03
7.784817927983117298e-04
7.087054091523596611e-02
3.396152888182053450e-03
3.650983007097408062e-04
4.506391336720755314e-02
6.786379692754394843e-02
2.501839174179480707e-02
4.392626315955373839e-02
7.563539524239148992e-02
3.623265282786599512e-02
1.532076670079278620e-02
4.009892460057282171e-02
5.647055383007537621e-02
8.169011922322641506e-02
8.892821695009296701e-02
4.765942700522399211e-02
3.652631971958761326e-02
1.490497959058752903e-02
2.457710693869335355e-03
1.753535995161594700e-03
1.171109401815680767e-01
1.746456179939212539e-02
5.186425773596950971e-03
1.194401750085192504e-01
1.161081421729878195e-02
1.052657899058603505e-02
2.381603622470014348e-05
7.486275981911677535e-03
2.140253080328724175e-02
7.497866614800954843e-02
8.778289570841268930e-02
2.691256860537237505e-02
3.210607391918453984e-02
