5.241785764992312226e-03
1.708714777682579099e-04
3.107563785179760817e-05
1.904963227026213932e-04
9.913459518718231028e-03
8.303542915081488088e-05
9.774012827436104334e-03
2.053555748138848058e-02
1.002731922689919402e-04
1.099722094797924224e-02
6.432548683531608656e-04
7.617751512652097719e-03
8.917162473831237446e-03
3.386700915381172204e-03
5.793770468833875321e-05
5.751096111010438501e-03
1.056336912273034626e-03
1.178171142667089967e-04
1.794020616629092362e-04
1.618776603598538755e-02
1.363382107082352496e-02
8.683100372307080584e-04
9.254421096129390126e-04
3.926281118537143560e-05
8.222384415216129824e-04
6.684562272880967618e-04
2.269344797837477903e-03
9.595985434988090921e-04
1.353913163811602295e-02
3.931285403176959883e-04
6.891669937774906997e-04
4.454809110152254184e-03
2.171517098257623804e-03
4.788702271257475182e-05
1.947560722481912385e-04
2.588821502782644342e-04
1.505110094138522323e-03
3.357431340954941060e-03
1.479586429254729817e-03
6.005392511429535896e-03
5.110478268456766044e-04
8.698625142846349526e-05
2.513175458249971694e-03
2.049045782525679878e-03
6.195462031375192642e-05
1.357028373883174344e-03
3.621539368226605465e-02
5.791224004746344141e-03
5.821841158880943466e-03
1.764422014134535638e-03
7.065677479159010217e-06
3.406515474269699944e-04
1.648703901494194893e-02
2.683847183127739591e-03
2.835255137540699383e-03
7.823349888248864277e-04
1.253730279896896071e-04
4.965455367423585176e-03
3.112005769672166432e-03
4.227070236236093779e-07
7.992729892289432674e-05
5.684398441684763021e-05
5.377604213439611709e-03
2.122946215294082054e-04
8.668665599166449839e-03
8.805548816651541377e-03
6.135928659339571350e-03
3.376608052025081472e-05
1.340456548343384874e-03
4.894883050240676900e-04
1.737738276243108788e-05
6.329355145834491235e-03
4.736015268548689032e-03
1.102596921776950700e-05
1.785716159717459653e-03
6.355827286837168692e-05
1.105877026712359830e-02
3.498124741955595187e-04
1.688231162558124240e-04
7.689460402982403170e-06
1.459985358798913772e-02
5.139712105046532510e-03
5.604041433099487841e-04
2.606973183457919271e-03
8.624677725070590889e-04
3.458951727909813628e-03
2.499772312338213926e-04
5.886297158551098870e-03
6.604195174657724252e-03
4.257830501916127358e-03
4.610085128853406988e-03
8.049926326453670303e-03
4.783424114945492050e-05
2.394632693964202346e-03
6.023617694502727453e-04
6.928620751957191744e-03
3.857875776199867920e-05
2.428195505660030954e-03
2.903774764371268129e-03
1.409581415985345157e-03
9.389876880242435490e-04
1.751022523314080736e-03
5.641504710454730784e-05
9.000081283649259949e-04
5.444378300506329824e-04
7.437108873104616817e-03
1.754631280304021559e-02
3.094241537490417804e-03
1.954989398535617073e-04
6.155770673591829528e-03
1.680378914205075741e-03
7.053314981770794634e-03
1.037694733068518851e-02
2.368732940219006513e-03
1.225678744376522454e-03
2.473475189332963956e-03
5.507651326827754955e-06
2.206823700291740621e-05
6.498510974433296082e-03
1.924031629463355663e-03
1.724620970399276835e-03
2.530003180800354141e-03
1.110652414857915982e-03
1.194752493275215476e-03
1.385561925022233938e-03
8.361402232060751241e-03
6.239000761300708860e-03
3.492377289149223621e-04
4.270205846911852288e-03
6.360119626245115676e-03
6.385540772096515941e-04
1.769116107944773350e-02
2.743572551298852384e-04
5.235661631367351590e-03
2.557751487389219120e-05
3.777888599920745105e-03
1.885939278898597843e-04
3.493319739008251233e-03
8.565797947460387809e-05
6.048689785697503908e-03
5.256525547354995269e-03
2.070652641888175941e-03
3.808344197319385297e-04
2.495781493538754003e-03
2.586568418059227237e-04
2.830862226996938582e-08
1.353826157738209461e-03
7.567807525530951401e-03
4.979202151083078620e-03
4.755656868628309504e-03
1.862283927533977049e-02
2.147432152168042823e-03
2.053239264805923128e-02
6.933526533820906718e-04
5.868440546655999488e-04
9.519935349134177500e-04
6.770668437290625671e-04
6.080881583911652106e-04
3.129366075238852220e-03
5.470494686912453358e-03
6.532355317982292513e-03
5.706252261901399205e-03
8.585822398201033243e-04
1.066236656550708034e-03
1.622713993613235167e-04
6.077057108515708864e-03
2.390039168138029160e-03
1.408751681422807690e-02
2.737955455419835774e-03
7.803316236562362826e-03
3.971573257390092988e-05
6.255222266243249838e-04
5.180699408861706408e-04
3.281845363291533389e-03
1.063115488840513535e-03
7.911519816909708927e-05
7.315877652955866603e-03
4.180446564063998623e-03
2.725319594860033980e-03
7.790108654730799539e-03
3.483261987550119888e-03
4.271199139046903161e-04
1.889293767515965502e-03
1.410134805059863996e-04
1.233998116427437175e-03
1.841307851046789174e-03
1.024209120554419802e-02
6.948428423154624604e-03
1.333222943115818653e-05
1.732903960657628174e-05
1.982009887442816570e-03
2.614380403741647235e-03
5.662592379152847502e-04
8.534843264406927579e-05
1.189904141273738297e-04
6.789270723842832055e-03
9.667583028852228325e-03
4.411226265358534487e-03
4.370082138959800440e-04
3.114342817410758416e-03
5.035167173622265117e-03
5.012145687857940063e-04
1.833103256545493345e-02
3.606187087447831376e-03
1.353201574354599094e-03
1.769334670221977320e-03
1.158130481093731529e-03
1.240818098836330048e-03
7.027903371393265375e-03
7.120801104479061640e-04
1.276234549865386085e-02
9.895402309326390214e-05
2.741410037468537501e-03
2.013681293454716061e-03
1.006673611659479606e-03
1.153791270162405312e-02
4.047253198571664976e-03
1.132440370936286730e-02
1.591392733746699317e-03
3.921007172895389630e-06
6.374303095902829081e-04
1.281385446947825441e-03
7.847846268345386341e-05
9.948607365568387130e-04
8.532778953363204331e-04
7.041152373389526938e-03
6.719792917357091805e-03
4.571622406537651970e-04
5.800446837395664213e-04
6.937430808739840794e-04
1.736157162578804640e-04
1.061651088950839837e-02
1.180919826444165946e-02
8.126362409474029158e-03
5.067498227407931169e-03
2.692167948799667129e-02
4.865473634040190984e-06
1.204322766401532373e-03
1.907143983153274450e-02
8.409805417919342593e-03
7.901417800020040763e-05
4.790829079797873091e-04
6.141070452467759649e-04
2.070761054377620852e-03
1.367530462617598357e-02
2.605956852953588928e-04
2.184345889109269145e-03
6.334066607703698303e-04
2.113934136420358295e-02
3.296489893615764280e-04
8.092572833709663072e-03
5.607226815541436343e-03
8.718991005776083433e-05
6.435510114531440944e-03
2.565433892143841651e-03
1.935938378942792318e-02
5.153707034434943171e-03
9.352100307278066182e-03
1.314271233016856130e-03
1.806537811708498417e-04
5.848331122972881893e-03
3.148728039194749386e-03
6.032806893741473990e-03
3.325452912628854414e-05
8.966848848127566144e-04
3.775386685300548013e-03
5.263054149537788919e-03
2.070957008536428948e-03
1.089115227777144204e-06
7.562990777951490023e-03
4.222468615212804583e-04
4.241046387380561708e-03
8.126211062055246784e-05
1.246348687371242984e-02
1.200697784384051120e-03
3.244350074144954944e-03
3.663489498227053063e-04
1.278627234801845997e-03
3.022694602550132868e-03
1.751060548577487675e-06
8.922695349168872220e-03
1.180738374234680541e-03
2.316420843976816355e-04
1.800694706607376596e-03
2.813398577035639263e-03
2.578008402321500022e-04
1.352445248193258343e-03
1.220173258983555352e-02
1.121487835543311627e-03
6.123170168412857706e-04
5.079204343029418921e-05
5.005007817942725036e-05
1.960296777714999649e-05
6.666535904330341416e-06
9.700765166918983926e-03
7.985493127297522975e-03
2.450697439224329595e-03
1.049162814317440920e-03
1.913369996853030077e-03
1.283154466592061321e-03
1.108780002508236856e-03
4.364579790080818852e-03
1.691054780776939407e-03
3.919188557837425223e-03
7.388854573477130839e-04
5.812016115689147208e-03
2.890657485017406915e-03
8.260808900427919418e-04
2.547338420402297404e-04
1.755877837252946098e-03
2.210800445209310568e-03
1.917537617965103325e-03
2.246920201031829545e-03
5.359011601915378113e-03
1.112358871524950004e-03
1.135630130825230136e-02
4.886342217548514041e-04
1.543063083872788172e-03
3.678149802314440060e-03
3.525164501623010284e-05
1.743775455336107503e-03
1.045305407823951885e-02
3.687380434895021528e-05
1.064353283307341129e-02
1.111297509665588835e-03
2.007667352334837393e-03
1.350083689080935510e-03
9.241175520434770710e-03
4.022588453303751533e-04
8.665231243280774396e-05
3.044813175236427963e-04
1.182968253028533816e-04
1.218002293859708415e-03
4.545865171964348328e-09
3.028150669090597883e-04
3.355937470837772225e-03
7.596928156576318938e-04
7.286534050548594500e-04
3.757963980092659390e-03
2.926254220591693444e-03
4.041719338134616051e-04
1.652604715110379558e-03
3.115192718237306570e-03
5.560227213114072448e-03
3.680694115449313283e-04
4.518824859863729108e-03
7.295437510522371875e-03
5.045913854322371488e-03
3.773172626309576668e-03
3.221823365918439607e-03
7.977180275549770883e-03
6.259419765688850439e-03
1.478472175320759852e-03
1.744340111720554072e-03
1.604426275119274744e-03
2.848570162604767680e-03
1.043407328317121595e-02
2.352032929326118332e-04
8.557679732530367638e-04
7.134507455150450100e-04
4.624439260897291988e-04
1.276607699393481586e-02
6.886265206026556196e-04
1.846227006914398288e-04
8.603272309478566821e-04
1.325041950986207480e-04
1.827351933746866565e-05
6.233373167078086995e-04
6.397319614014338775e-04
8.352721842259363400e-04
2.590345780010609814e-05
1.394866946519180773e-03
7.523526868681424643e-05
5.846314637041879728e-06
1.424476759658238915e-03
1.549789466628920167e-03
5.665380001848029784e-03
2.967565262139896295e-03
1.397885300333834594e-03
3.787348962010836096e-05
2.364985339428366114e-04
6.080910613716801472e-03
1.900755295325970559e-03
7.775721196965204108e-04
1.009968357791814209e-02
3.732432732014510715e-06
3.201518771493634587e-03
1.082702078291232321e-02
2.412326561914186632e-04
2.544191984352646430e-02
1.794646730813873666e-04
1.798138598679925246e-02
4.470395379046427330e-03
7.051175542044182563e-04
3.101922629400065065e-04
2.397818361190851011e-02
2.479976984063059502e-04
1.006285644896482243e-05
5.345067317758178470e-05
3.315849757490463203e-03
2.760339281012522822e-03
1.873116823327211286e-03
7.211423266133494591e-04
5.536834251978192678e-03
8.526060649205252293e-03
7.883361489101506445e-04
1.116358949977158292e-04
8.147658634227911839e-03
7.110903614811576665e-04
1.334873873640208663e-03
5.323892552911452399e-05
1.041472705801582211e-03
1.671414593933933518e-02
1.093341513690183116e-03
3.473287054299966063e-09
3.056538346733021771e-03
5.481918670975809323e-03
8.374438724483289007e-03
4.323434504389654306e-03
1.767266517401273060e-03
4.682166875526954514e-03
3.538735373545264483e-03
1.244321574347017701e-03
2.324323873392161212e-03
2.464166864469078408e-04
1.050999838316440949e-03
1.115687927359303167e-02
8.825779201782384814e-03
2.912390761537469747e-03
1.634783900624861910e-02
1.685240364740686614e-03
2.595500339450898097e-03
2.559062225063695947e-03
9.442116762512303913e-04
1.847112737074483452e-02
1.826009360650897350e-03
1.475499383978437407e-05
9.769847874646422903e-03
2.933959979872008059e-03
5.964328518938844664e-03
1.430486051195132842e-04
7.915871930766455551e-05
6.021761802964781078e-04
1.324302694703950256e-03
5.293309263813125373e-03
2.060911875880953013e-04
8.843310467281850697e-05
1.302004167671806016e-05
3.170754566455187301e-05
5.782169168273236688e-03
1.192900806080832556e-04
5.199488191814066306e-04
1.816325972453130535e-03
4.576912540006074183e-04
9.701908953378999417e-03
1.035524178001544183e-04
2.999785142926586444e-05
2.098102749094963443e-02
2.952301617579391330e-03
6.559521620806709440e-04
1.599948845628925906e-02
2.337891410165239374e-03
3.756414190700442003e-04
5.488111604266718665e-05
5.347642837448980929e-04
3.666465368172842952e-05
7.921776871510276859e-08
3.556162858500914519e-07
4.914808393456523983e-03
1.006742025144539282e-02
8.499832959233023658e-04
4.113830854746628580e-04
1.564133610752741805e-05
1.739924830871460344e-04
7.439359484342103306e-03
3.065845645756887401e-03
1.348724860672043818e-04
7.462744144823883297e-05
7.997764959318170780e-04
7.404354131435439065e-03
1.381095377875812651e-02
4.914443064299892452e-05
5.309958107236710382e-05
1.034361710876423313e-02
3.867779618242296504e-05
8.184321966849135085e-03
1.761964965359481567e-03
2.709429388935011111e-03
1.548696731924847865e-05
3.586320098261986701e-03
1.262656283736285790e-03
1.990265653749039455e-04
1.461077664438256447e-04
5.094908129557325360e-03
5.081579010127139492e-04
3.572636438334473880e-03
3.401122585667740563e-04
2.403626089325375508e-03
3.828477171506273428e-03
4.987040774151033003e-05
5.447872892915417447e-05
1.083445371563534218e-03
8.424035127377605797e-06
3.983542541207914928e-03
6.396548522966278303e-04
1.644097795350591340e-04
1.152057085649811413e-03
1.936889639982655210e-03
3.620651743764436228e-03
8.276582170588533906e-05
1.510629860052481368e-04
1.057374288490043978e-04
1.567532569450633953e-03
3.977741133967014481e-03
1.203481426210828431e-02
6.714981831465048796e-03
9.608627107428579497e-04
1.292662857330469095e-02
1.180813807917246733e-03
6.533171639741658897e-03
4.225377715061917443e-03
1.530101429425154841e-02
1.774748556757269015e-03
1.393427962260255885e-03
7.776532767220250067e-03
1.213123986811010272e-03
9.872248092642060824e-04
9.885985548557922088e-04
7.419999627427192814e-05
2.656530219883520508e-03
6.855793442707780808e-04
7.736435270399715262e-04
9.992888625464274241e-03
1.517793652967624118e-03
7.603192518740787241e-03
1.007756939152802851e-02
3.344374488527807401e-03
1.080925127252827141e-02
1.288620766275613665e-02
1.071357564270255559e-02
4.587459721123070874e-04
1.029712037769722527e-04
5.739472335863571783e-04
2.324205215803954924e-04
9.633123410704588774e-03
1.464457855071678999e-03
6.465717978007696478e-04
4.325601857866684581e-04
4.393151569721298112e-04
9.848515515030357786e-05
1.676602498107275172e-03
3.114093723650509810e-03
9.009262895709365160e-07
9.908582231999379757e-04
1.009472943230981575e-03
3.774853555283575520e-03
2.078414079483521543e-03
2.614296328981208055e-03
3.205046820471995272e-04
9.598038562319197858e-03
4.964002339523724801e-04
2.424433848595315254e-03
7.995921147408022655e-04
7.692673441633209735e-03
1.510242412552809770e-07
2.424898426735287368e-02
9.138351430622778174e-03
7.686469668709271794e-04
3.918501964723717160e-03
8.310952664560975129e-05
1.509860872451615097e-03
9.402505398561624914e-03
4.479848056468853715e-03
1.565616528150067877e-03
3.834705053749225875e-03
9.093842759287956061e-04
8.594893760528256625e-04
8.729545472783822521e-03
5.923097556364738132e-04
3.515206260618215089e-02
4.159907129606838297e-03
5.988041098531419256e-07
3.683346427824318609e-03
8.316794145916047223e-03
3.907810963328984567e-03
2.606998120922131811e-03
1.660394445046615639e-02
9.170278792715468377e-03
8.926810663053305270e-03
8.634967459216782125e-04
1.787261047499307713e-03
1.459900084800386071e-02
7.704567210433086594e-03
4.240173920580270510e-04
8.136714036412233874e-04
9.712964793330709215e-04
2.240588180687791561e-04
2.345735818093940515e-03
1.392388308213448646e-02
1.071614132859122605e-03
9.702061296669734077e-05
1.720219462699229540e-02
3.524769189112727293e-03
3.300903260483725515e-05
4.258922787968335021e-07
5.215415815787139385e-03
3.259298808788492225e-03
9.122449958832330730e-03
3.198276513061041465e-03
5.438916491689638650e-05
1.640992897753557013e-03
3.126421901841725751e-03
1.149039937672278284e-03
7.472891213491741381e-04
5.279163382126056186e-04
1.608271497998560830e-04
1.089548953011524809e-03
6.912494152522287563e-06
1.397393600645330811e-03
8.065357442696080093e-04
4.985330977238409608e-04
1.364980011581444800e-03
3.226997921890708740e-04
1.033503502867456512e-03
1.759304666797236079e-03
2.195119235635268771e-04
2.874239698460201464e-04
7.334477483565551370e-04
3.422268328426907643e-03
1.988033100582394137e-03
1.435532392744358354e-04
2.223535786106228297e-03
2.545215619978119168e-03
4.231373242791778948e-03
3.379439212044466762e-03
1.912090048231130648e-03
4.690363250239011281e-03
3.918797179319299766e-03
1.951710685506809900e-03
1.097075486045336577e-02
2.302987303054750937e-04
9.173633716799300302e-04
8.524780640494706348e-04
6.697784298720975502e-04
5.195924681756695571e-03
2.828364982757412653e-03
7.105525949115126458e-03
3.248938359487607043e-03
2.248468276858381267e-03
5.317613140238203542e-03
2.799311647895516065e-04
1.864974247001695501e-04
8.310780703104583486e-03
1.587355126559765461e-02
9.428347874399279661e-04
3.975605556734082557e-03
3.617728911314630705e-03
3.810653380037138695e-03
3.902262632915006954e-03
1.111950796586117331e-04
1.141881243987022919e-02
2.507649898609152941e-05
8.686173872282890404e-06
1.476823242559855602e-03
1.820361454005112959e-03
1.429220859699995537e-02
5.370871395597760431e-03
4.120935350166807058e-03
1.172684059494327052e-02
6.192728311034860836e-03
5.414426870913030673e-05
1.113697301505298673e-03
1.195271371924051156e-03
2.007055952560123438e-03
3.932918530920687062e-04
5.153882494185575529e-03
2.398724933482022231e-03
1.013180382517243905e-02
2.363183367032336093e-04
9.980556493654412723e-04
4.663165532216031702e-04
1.716899714029762863e-03
6.175726451459514176e-03
8.266922155617503808e-04
1.500396264493634654e-03
1.107413094015387463e-02
4.118236215877280754e-02
2.165449188455926058e-03
1.432748293587254244e-04
8.567499415853873160e-04
8.201901723708569791e-03
6.229171390680186967e-05
1.556180904519252465e-04
4.235784573765807035e-04
5.256805083143523127e-03
1.840102514699447432e-05
3.120723642268323755e-03
3.113020105308107917e-03
1.953480277329499269e-03
2.539073011002011999e-03
1.676349195742549264e-05
1.051723092760943742e-03
9.378382306192744114e-03
2.770082610537379433e-03
5.227867775591606321e-04
1.761291053886433191e-03
6.571290162917934111e-05
1.594463170589432511e-03
6.780326411486109982e-05
4.405975082770624898e-03
1.464959897284329356e-03
7.924961357231958756e-04
1.264274359761196546e-04
2.261458077042199227e-02
5.417026703066085301e-04
1.823547633785641822e-03
4.670070570098572261e-05
6.686248210669473290e-04
1.173791934161198683e-03
9.891720539267845959e-06
3.250257682657814223e-05
1.963343043714429852e-03
1.020724061527033557e-04
5.892881772247603525e-04
6.239743645219313593e-03
4.776565786619733738e-03
1.213759605773984080e-04
1.013512677457756826e-02
9.979861650358676228e-03
2.712008458086492477e-03
1.143222069467070712e-03
8.316365978225027933e-03
2.162359748690945160e-03
3.538114968460556080e-04
5.009141047365984339e-03
2.220115813815537898e-03
7.064392217998162558e-04
1.976364259566289455e-03
9.106101729373521124e-04
7.448029964488058971e-03
9.590086253176817455e-03
7.577722959538083164e-04
5.943234201292637436e-03
1.272466955967562621e-05
1.283354636865550102e-03
1.532534676877082488e-03
3.090470731995181250e-06
2.540980276792009643e-04
9.210577946373435304e-04
1.621815490604857491e-06
7.781339292189968365e-03
8.010985367312090989e-05
9.784478021291884153e-03
1.988626186598853405e-03
2.026684686201601615e-06
1.976979930576060456e-03
2.711156357182956003e-04
6.093927232510259161e-03
6.831563456304009033e-03
5.972737398901279511e-04
1.029111724759942389e-04
1.266021523697580947e-03
9.561851540021922588e-05
2.412954156829086750e-03
1.186075160316416369e-02
4.448511798398042602e-03
6.744973842741906235e-03
2.254958303125519038e-04
2.071081965604706281e-04
1.200561104009797682e-03
1.748771737419019257e-02
2.202316319293452633e-04
1.988373081582148140e-04
3.878109178654750959e-03
1.243666920393846466e-03
3.921406463234890227e-03
4.353461098833566207e-04
1.243573006215230012e-05
2.901375523464603395e-02
6.031693076108670878e-03
1.405737363565084724e-03
6.017372102754970763e-04
3.527198777029261082e-04
8.008538386494037454e-04
3.026899377578583196e-04
2.733212699623358867e-03
3.413845858435032680e-03
6.426405151600017747e-03
1.332298275063509459e-02
2.204410163173913580e-03
4.294120649483229579e-03
9.681031724326115081e-05
8.609542347274240861e-05
3.822681686521410549e-03
1.135361922531750653e-02
9.990236070705147894e-03
1.998278715000819896e-05
2.294031911646497637e-03
5.256479624401851286e-04
7.641343250122772414e-03
1.163600388325054065e-03
4.487648828735025245e-06
3.581226071814255243e-04
6.767119940365912134e-03
1.321663372865526827e-02
4.818242978531370874e-03
6.560057636868665658e-03
7.253153720975275714e-05
2.707411025693262779e-05
6.067982105518176204e-03
4.174623566595124795e-04
5.113220766707871588e-04
7.305937920847940630e-03
1.994460214968238939e-04
1.831587011451378229e-03
8.444501680231102303e-06
1.885163562802762149e-02
5.063082653332257868e-04
1.295722601668798137e-03
6.027156897100245311e-04
1.772414301500763105e-05
5.065565848856743098e-04
4.475806786842084252e-03
1.763281901670034650e-04
7.544810326299944251e-05
2.670003823726821348e-03
1.111468735967019623e-02
9.458671927861701410e-04
1.863438052617309411e-03
6.309932074998749699e-04
6.032904596465816800e-04
2.624979800047201606e-05
5.607042716366036385e-03
1.274813380917210772e-04
1.558183524496439864e-03
2.851904550215014766e-03
1.705274186423576125e-04
5.923675145058649978e-04
1.783985047461384560e-02
5.219140482351938490e-03
9.371504344679046979e-05
1.311175724435937327e-04
5.479919189570081508e-05
1.011022942897904509e-02
2.126647734759806990e-03
3.891611521759448289e-05
4.775326762498903303e-03
3.105658673569381117e-03
5.397485840640689697e-04
1.137265416541445237e-02
7.581704418629796501e-04
1.706023821147522652e-05
8.131983058925505714e-03
5.232048283912279964e-04
5.726558015533799589e-03
5.723804842321286376e-03
1.902397060342070649e-03
2.584103863478528599e-10
8.172176016579487529e-03
3.927680376759830165e-03
3.122693496058085404e-03
6.484958515549492939e-04
4.738330085489546664e-03
6.017500616756135158e-03
2.342151175686388382e-05
5.081914398665142657e-04
4.474664771486784121e-04
4.086823718768784306e-06
4.411408384346403679e-04
1.151024828490585438e-03
2.355037130105076760e-05
5.571793342489674873e-03
1.400984777747833721e-04
4.572751953769839915e-03
5.746431364629400219e-04
3.633129126897716860e-03
1.318263344446802534e-03
2.836781740332517104e-03
4.664586815580752752e-04
1.413017376990809149e-02
4.198711784391334157e-04
3.177213450210894397e-06
6.231845069565476389e-03
8.714835089828085277e-04
1.329116584245032323e-03
7.857802493181465807e-06
1.493323528953712388e-03
4.553907390378935174e-03
2.154037356152855610e-04
5.436586016499709781e-04
4.306753736907710278e-04
5.753019696902806138e-03
1.953013985943609495e-03
1.276942926905365837e-02
1.904091959433873091e-02
6.730289943298593293e-04
1.299858994947396913e-03
1.910552343993950986e-03
2.935544217812946933e-03
3.808719295446343078e-03
9.678492575298845366e-03
1.200268661968628657e-05
1.815584390820168840e-03
8.258790376719939543e-04
8.490441695567455677e-03
2.899578693554788632e-05
1.072620323409078204e-03
8.627969908763580970e-03
1.305040361477608846e-03
2.803603686993822491e-05
8.649539189556455093e-03
1.478168170858820771e-04
1.563441173582664893e-04
1.178696192621345867e-03
8.920304699284075517e-03
3.184666870154075589e-04
6.652815687751979790e-03
1.518435050927845328e-03
3.250020025287432470e-03
1.766749585978285176e-03
1.931122136063375154e-03
3.484988369530599324e-03
4.957420127896356409e-03
5.147807365138829666e-03
5.528034212961786473e-03
1.454950682951686516e-02
8.272130460906776980e-05
7.258281055689585863e-03
4.333374419221166867e-04
2.760196573864270517e-02
1.262734449983269475e-02
1.152801979344240425e-03
6.338030037763635674e-03
1.641131645585506618e-06
1.299028312144703454e-04
6.727989624934825434e-04
4.534990763110512309e-03
1.193101391499460685e-02
3.292444591610974279e-06
3.331755338962529532e-03
1.962526438296834184e-03
4.603938800283037015e-03
5.947004750683259136e-03
1.064665279541653943e-02
1.214178115981885773e-03
1.430431994252713600e-03
3.567013778313521226e-03
1.162603650925561584e-06
1.316956499630508176e-03
4.475279295964152901e-03
1.098506685286366894e-03
1.418388836902807933e-03
7.057979833165741942e-03
4.894841984069432097e-04
1.784761139224800685e-04
1.153808837147358470e-02
3.081982266878569195e-03
6.370379959080399099e-03
1.362241273166025016e-02
3.675640401370624220e-04
9.280701611454979238e-03
3.488315094775969053e-04
3.786331061296823505e-03
3.123508881527296138e-04
4.343513543276463114e-03
4.440446000149211175e-03
3.144654649740024569e-03
2.141469783808226234e-03
5.577622602525225855e-03
5.479094060447681040e-03
5.463573256714718057e-04
1.635174242569654296e-02
9.116907928353113399e-04
9.179824467560446580e-03
4.210862457585939087e-04
8.330779702183568197e-03
2.715941260758709605e-02
1.184055170182562967e-03
1.634437474591208216e-03
5.188669575961968143e-03
8.970446304097743490e-03
2.790194716410177890e-03
1.909733555114183617e-03
1.767023658445683989e-03
5.353518368459120021e-04
5.552635560976994233e-03
1.201143745478078359e-03
6.675161908735279719e-04
2.288248970398436624e-03
1.894591288180342420e-02
8.110010537610054160e-06
1.556484263582573989e-02
3.595851194822472559e-03
8.489594473003365255e-03
2.245946692534125336e-04
2.621179629613969424e-03
6.573273228322531157e-03
4.061447365723480293e-04
3.378818428651747356e-03
1.020267753446157943e-03
1.392446511194281875e-03
5.698749633625974087e-03
2.435249140279887215e-04
3.480480428418447191e-03
6.091299996907862356e-03
1.334136497888603265e-03
1.080575317839109601e-06
6.381636936454091781e-03
9.468691876974725044e-04
1.596794043742448196e-02
2.085117841433923019e-03
7.454160247357966831e-05
4.804709396212965972e-03
1.454977605829079097e-02
2.032753868942596687e-03
1.004557873822373507e-03
3.769366633386721287e-05
9.055015742933478218e-03
1.882239681778358935e-04
7.476739257495837628e-03
2.467926434390259067e-03
1.249804318644635393e-03
3.515458637021360959e-03
4.880221846459675480e-03
2.375515549543670037e-03
1.119382479030909400e-02
1.985261416512681650e-04
1.889831319190750998e-04
7.113630052985167596e-03
5.813936509112583936e-06
3.056990392584085238e-04
5.536313431552813838e-04
5.788435282131461183e-03
1.322673803534298682e-03
1.712413983234903000e-02
3.866842460467206899e-04
3.064716153360096855e-04
3.470685770486848956e-04
3.293649859263091399e-04
1.461164800810355741e-02
3.418629847443173646e-03
2.736616584121909571e-03
5.704110287288531494e-06
3.566518641695472659e-03
1.359643331856004271e-03
3.068997686518024895e-04
3.006500577847221736e-04
3.935251536433353320e-03
3.516672152729527143e-03
2.827963331360444036e-03
2.621000000914121492e-04
1.172459915256124623e-03
5.448209563630485898e-03
3.943057867048526159e-05
3.222384293982417415e-03
5.256929021084946968e-04
1.233623822230693959e-02
9.961966387352621383e-04
6.538153567154577316e-03
4.934995339936055180e-03
8.260499875406605852e-03
6.423691844153837363e-04
4.399060994584080668e-03
7.184692302019473134e-03
8.857908988191266070e-03
1.498222082231190876e-02
1.822211698634701536e-03
5.666146054469593790e-05
1.026309976639005334e-02
1.457351860195972679e-05
5.928978909912886903e-03
1.675391534796129072e-03
1.835043456320631199e-03
7.078815541749647550e-04
1.811103536160776038e-03
5.357926104830020096e-05
1.046910733759114304e-03
1.761226470577356446e-03
2.869120235157655678e-03
5.593700213945409843e-04
7.950722804958582773e-04
3.623094957956655721e-03
2.224894552313175494e-03
6.280282825212295944e-04
2.139109329874278108e-04
2.081627576147185635e-04
1.105398014411510264e-04
1.710524433122661073e-02
3.864015488747253764e-03
5.219281179036707212e-04
2.257421092571625226e-05
2.640887655854348877e-04
2.105518513840634663e-04
3.291277901104306086e-04
1.929766350872795359e-04
1.939136113754334994e-05
9.880189689759384317e-03
8.064479389751424976e-03
1.760233083803856044e-04
6.470339582154620382e-04
3.281594633703736712e-03
4.586424185319016111e-06
2.612890414321905760e-04
2.354558652144708708e-04
3.730357958431702772e-05
9.076080770699886113e-03
3.349781772164986139e-05
2.103964333834064014e-04
1.396470544361970998e-03
3.518382808268549333e-03
9.440038701206888061e-05
2.889228673477248205e-05
1.401286336396969376e-03
2.667828469714911732e-04
1.804899849307305473e-04
1.663965063253509307e-03
4.954354709452363399e-03
9.916759516661091331e-03
9.362771726711784700e-04
1.634825106118511888e-03
3.098437000833787142e-04
3.265289844099625912e-03
9.922754382431059306e-05
1.836332892070835585e-03
1.118110490214630284e-02
1.403651738556045692e-02
6.806535894783894173e-04
3.929054519151949153e-04
2.999393261117468080e-04
2.161638588851508801e-03
1.290237860560225361e-03
1.145121008796472945e-07
3.753362416138500608e-04
1.354099094542357117e-03
5.294331144102173113e-03
1.361326803857058117e-03
1.358666462700646371e-03
6.977748954443215197e-03
4.414309976722915487e-04
1.798811334295463693e-03
5.810256708648504689e-07
1.612170187977078790e-03
5.070620897482394467e-03
2.115950192554524531e-03
8.851564481675888761e-04
2.086400705340683837e-03
3.236605652176215847e-03
2.238760303764673692e-04
5.483000791376816535e-03
3.816123563257512721e-04
1.112471199197709185e-03
6.621718166245995664e-05
2.519617683913093296e-03
1.516723505266903735e-05
1.991495086608299336e-03
7.868733079357478205e-03
3.467128275037994751e-04
1.114009512657876877e-03
3.263169601513520209e-03
5.144519781419341735e-03
3.332003090602136003e-05
8.930467274565763447e-03
5.318606395953872149e-03
1.069953886439650205e-02
2.025378279014929692e-04
5.463044444763188751e-04
2.916365403561775116e-04
3.572813527429043786e-03
2.719245959887691064e-05
3.423678378792896666e-03
4.460357453782205252e-04
3.029635509301616646e-03
2.775696970028214677e-03
6.613596308845216343e-04
8.677883808530691134e-03
1.365112130002803150e-03
2.013048490424314621e-02
4.480882169851052761e-03
1.518225574590800883e-04
1.356406051997335850e-04
4.088989457803960011e-03
4.771266112958950055e-03
1.283878837041175017e-02
2.586360356211464626e-04
5.048136392174511531e-05
1.935312177432017659e-04
6.262653910266519032e-04
3.068821540819962604e-04
3.074569158628906186e-05
4.567930100736286927e-03
1.638627164437545100e-03
4.993253989573120727e-04
1.278551536853138283e-03
8.424946435865973736e-04
6.222466261911379964e-06
7.979706973973488271e-03
3.063076361645286380e-12
7.072952270039718639e-04
5.353273486709623748e-04
1.376562716179621830e-05
2.830493564661036576e-05
2.326487361227397895e-04
5.885740122096784922e-04
8.112342014523652931e-04
2.137508948936777536e-02
2.677998364811892511e-03
4.364145030011730750e-05
1.038480162320574318e-04
3.105606870135754045e-04
4.242170391257864617e-03
5.104769767429622775e-03
9.365229119877287872e-03
6.994838179607935046e-03
2.503981691491008466e-02
9.636572417452287515e-03
1.678383565471307888e-03
3.026842873618313615e-03
3.903238316671663239e-04
7.632374376334551992e-03
9.335175519907299531e-04
1.338989864943121097e-03
1.868697454874834808e-05
1.648218626550570446e-03
3.452702162069683396e-03
1.394938454886091765e-03
2.071305299309762413e-02
6.195423092162524389e-03
2.339504112725016016e-02
1.108606312494461212e-02
3.548368780655393288e-03
6.297524556223441962e-03
1.933934408820463160e-03
6.091297621861604603e-03
2.082643136213121419e-03
1.706706576169902912e-03
6.661114384245896483e-04
2.593296721171089677e-04
4.342697309041438345e-04
6.848379099875370269e-04
1.612674585248463762e-03
4.779734647786416523e-04
5.659370803859115062e-03
2.076411683022972091e-02
3.223984055753005996e-03
7.437485577263575239e-04
5.670198773818736077e-03
1.135637036756079622e-03
8.195376681962941723e-03
8.224587620842692577e-04
6.122101034308825331e-03
1.257350705168033735e-03
1.277103196894275813e-04
5.059526780819327552e-03
3.293095030445213089e-04
6.735951314597091438e-04
7.293842560600958050e-03
2.382206096216228555e-03
1.015713825698100724e-02
1.798019629825661769e-03
3.626529374290104850e-03
2.281497869927058292e-03
3.634656798492027704e-03
6.965806529868364197e-03
1.831769379078882452e-04
9.115017966763403487e-04
5.750729165958295497e-04
4.483039563156630131e-03
1.662487984710712529e-03
1.270638132292271634e-04
7.402412519439692355e-03
1.781168486737544658e-03
8.936218071678795824e-03
2.415624203309321705e-02
3.044438172253571343e-05
6.150032448551862908e-04
4.096092838324549092e-05
1.654203360939334117e-03
4.093128683563398676e-06
5.275349053913528947e-04
1.441759027652027942e-03
4.801405216921976818e-03
9.900963545682547363e-04
2.106157274124760808e-04
1.956836028908276806e-03
5.116065197514476715e-04
6.197541934741801310e-03
1.804534044101539260e-03
1.258641414622380279e-03
2.888457017083912500e-03
2.410146539294747911e-03
2.166819972917731138e-03
4.671514895474074107e-03
2.422734096495530488e-03
2.507481712845684227e-07
1.784363042653788669e-03
1.120025557567593671e-02
3.163541604786765989e-03
4.693133933916124496e-03
9.518157090801225226e-03
2.636614813308432335e-04
1.028071739126283917e-04
2.341809464724833994e-05
1.921981701078545601e-03
1.107175621004954013e-03
6.143758977906238115e-05
5.228342425224291948e-03
1.313213926416070517e-03
8.997516165302739486e-04
5.961660288073734491e-04
6.773474957278776028e-04
1.367246937260360490e-04
1.019982727975459087e-02
1.669889031159861289e-03
2.081633569417522950e-03
2.246608246662426880e-02
2.321385583977510583e-04
2.103946212354278894e-03
1.094589255969348994e-02
1.667126554726552782e-03
1.719618182384428538e-03
2.436001634878947296e-03
3.686431738976847592e-03
3.120640586671369517e-03
3.153415375923386728e-03
1.220377955909092172e-04
4.946794138227233876e-05
2.129137607379974571e-03
1.915819390108057171e-02
1.088874468745267086e-03
2.730835091521299903e-04
2.334934135483138834e-06
1.282957195283177801e-03
1.671540461243091035e-03
8.673778097795173045e-03
7.458992990289940121e-04
3.980105562376244806e-03
4.552888444147387703e-05
3.185217018330008905e-04
1.107016326205705233e-02
5.439171520552274350e-06
7.927229112233565370e-03
1.093459191613580222e-03
6.920478964563012668e-03
7.456701738718479711e-05
4.385477316936995350e-03
4.014870812918248585e-03
3.327150878727662756e-04
1.957086409846999192e-04
4.483951780850600234e-04
4.048149519891602633e-05
8.336136746684628908e-04
7.044245728073121517e-04
9.519721547151860147e-04
5.513747410264507962e-05
3.211128117693905698e-05
2.907273455681271511e-03
2.050201930517182511e-02
2.924937565980385238e-03
1.509434100105468655e-03
3.113647089813563799e-04
7.026510862652979132e-03
2.147996411228697902e-02
1.252824501610049542e-03
1.353062905128972623e-04
9.176002203524671885e-03
1.420459908723961965e-03
6.920109082494841496e-03
1.208102087356663530e-03
2.419098526146208367e-03
4.454469416316831666e-03
1.430297724022640965e-03
7.004310440924257745e-03
9.585471250986811118e-03
7.895817838610937923e-04
7.223097590643705757e-04
9.851481254573868644e-05
1.667977107803024224e-04
5.703849736446990642e-06
5.100512608713621797e-03
2.812810780844355978e-03
8.929312718954529021e-06
3.397515218873238909e-04
7.903798079197502146e-04
4.439416736607785250e-04
7.338888194146233170e-04
1.084657906250353562e-03
1.319283117842657812e-03
9.825039546914547325e-03
2.385148415214425905e-03
2.735398086306795040e-04
1.288348920801086291e-04
2.582505561080708433e-05
5.552331341535132814e-06
1.744192614883810629e-04
3.244786973555989235e-03
1.244907201210802318e-03
3.202465225434582285e-03
1.411503153624370319e-03
4.710422705455456949e-07
2.168311682794963821e-03
1.792469687372399937e-05
6.292177411078537889e-03
2.025241451609136479e-03
1.164087323213451944e-03
5.442029591321906942e-04
1.142857849080897136e-05
2.303117439801970374e-03
2.587461472281716440e-03
1.731803796977710193e-04
5.526493299327236985e-03
1.247255314681046477e-03
4.687290499055940876e-03
3.022675450066599715e-04
1.891485436012104587e-02
5.699151499814830105e-04
1.069882800732474033e-04
2.260346954386091307e-03
1.229690395363312047e-03
2.030493058481528529e-02
1.038788004629433246e-03
9.566646111684280415e-05
2.378405004602770090e-03
1.794494269123639600e-03
1.993365572123013279e-04
1.283866555485570129e-03
8.798423445666561963e-05
8.940011151838464639e-05
1.699395051103440085e-03
6.382433249528870513e-03
2.816250925606729491e-06
2.490371285995463327e-03
6.028458903164250345e-06
4.582720322761586751e-03
8.252764409703168200e-03
6.448346820951622420e-03
1.337703011961032906e-08
1.506205547635843049e-06
4.847933259013629355e-04
2.691223473856270594e-03
1.055104714210107356e-03
1.289637211439749985e-04
2.466563780259293116e-03
1.122843219961192052e-04
5.097809655154348979e-04
2.502897818488238036e-04
7.872537676155653150e-04
4.460836811739364344e-04
1.683409191580474435e-03
3.142432082334321343e-03
4.540735017960918080e-03
1.143780610093318804e-03
9.720345814313486460e-03
3.643439417176293237e-04
6.740608304858073177e-03
6.953622195865470992e-03
1.055011170580843544e-04
1.177339204303635284e-02
2.241746466016820375e-03
3.978825651929308350e-03
7.015122964650409403e-04
3.806857122238708167e-03
1.523444668073964045e-02
4.308466195152193395e-03
1.441929509942253785e-03
2.227116726857640821e-04
3.549629081683706999e-03
1.240591932486452727e-02
2.446057035251938375e-05
1.229169073802230828e-03
3.905397643272950654e-03
6.241922911253881823e-03
3.096081567888463453e-04
1.103244197469819936e-02
5.690716221374503107e-03
3.094089164356414456e-02
1.198329332427908482e-03
4.547636008670719959e-05
5.629311549557794306e-05
1.253341306969876831e-05
2.602542603590566640e-03
1.943262381558752763e-03
1.076221112745171307e-03
2.899010394346626142e-03
9.234142674597323186e-03
6.045563314335893577e-03
2.517899276426566841e-04
3.208834401490975874e-02
2.408829249597196928e-05
1.649646455167088103e-03
2.418964736426118447e-03
3.350571826177761291e-03
4.400855515147996701e-03
1.012994762995365245e-05
2.245344595306302763e-03
3.370743466293470679e-03
3.909726930406372042e-04
3.645921573839565159e-03
1.063828898821882408e-04
5.711032892642319871e-03
1.019554298126906398e-03
5.168264489865671447e-06
1.540528530846267848e-02
1.953172550870857591e-03
4.817152130026516681e-04
2.002628043759733037e-03
1.209933401255433669e-03
3.759189172625690563e-04
2.767802580337562707e-04
5.430524118623156378e-03
7.474374327433220720e-04
1.758443838547084481e-05
4.284547946685972331e-03
4.783611949409151453e-04
1.132101078812636235e-04
4.122264223446742279e-05
9.550180293067697624e-04
6.959724025230457078e-03
1.105051845936768154e-02
5.956630053708418006e-03
6.990560302183987569e-05
1.104043361128892490e-05
1.140455917537161988e-03
4.949878592257563091e-04
1.174549431941364873e-02
2.743223433671371312e-03
2.092908672976572188e-04
7.266419911049635562e-03
7.009474120449094188e-04
5.049745983414031213e-03
1.874968758105674559e-04
1.141808761659952702e-02
3.169133020429704345e-05
1.221593051412336525e-02
1.512546929076342094e-04
3.983863177077300553e-03
3.298258813465566701e-03
1.251218275521907386e-04
6.033829760384397042e-03
2.015516699913064320e-03
3.777021786974770054e-04
8.716624055972888724e-03
9.314554939047521229e-03
3.465779001259021094e-03
1.677167939377514818e-03
1.239557177079882166e-02
2.283807237373574575e-04
9.549970624515566938e-04
6.447935561349868081e-05
5.477727964942382018e-03
4.697088949055204521e-03
3.460270320327666022e-05
1.083665408170106544e-02
1.202911902957997520e-03
6.258795748643999814e-04
5.946279586621765548e-03
1.742824468848304387e-03
1.158183661928038769e-03
1.076949776949277056e-03
3.501342403898012861e-03
3.929870022580120317e-06
8.097809066269261646e-04
6.804803784127329801e-03
9.811787783086146908e-04
4.498717578980374906e-05
5.539370559593792369e-03
5.661655704369233759e-03
4.230343221967273679e-03
2.165007722094912986e-03
5.155623644021696886e-03
1.150164336217346026e-03
6.808342198113015789e-03
3.415014989218836438e-06
6.664982942107071894e-04
4.412910092971752941e-06
9.678727296606419580e-04
5.906907182288169238e-03
4.626900252202578029e-03
9.776033515418601407e-04
7.441154186786534327e-03
4.673368523827813384e-03
1.861867304385440586e-03
5.727975320570702094e-07
7.875253251130320559e-04
3.586132951074018665e-07
6.501257562116456983e-04
4.517183370028515776e-03
2.002820096247870125e-03
2.111934180016823703e-03
3.407231535397165119e-03
2.728691385803551643e-04
5.783084231607602639e-04
9.291140028929259845e-03
4.027074959309935587e-03
4.882306751979320278e-03
1.261762700448110751e-02
2.218768579432555299e-04
2.370547731627695859e-02
2.546820743604219853e-03
6.731370071307628614e-03
4.127706956889923284e-03
2.070460592193269886e-04
1.898591815838703218e-04
1.162689786970677380e-03
8.657467180084585715e-05
8.446873855227979289e-03
3.450027345973920995e-03
3.267155353051620810e-03
4.107147341762365273e-04
1.688700800690233256e-04
3.792485434348136404e-03
8.927305786292755695e-04
1.918405940351872846e-04
2.163316006329419391e-03
4.526865711250404852e-04
6.765813816271005457e-05
2.201754040528512181e-03
1.035009888226149895e-03
5.346510608128556474e-05
1.010464358639070895e-03
1.514418160589190918e-02
2.089380043692712265e-03
6.744458741734556638e-03
2.226606733410034506e-05
2.245937029897107293e-02
2.713225748845297502e-03
1.851653637159016716e-03
1.380989071217306532e-02
1.351861083379666227e-03
1.900400110073314401e-03
5.938245428294328235e-05
2.070753622005470831e-03
4.669948443506303885e-03
1.743356323555824721e-05
1.278222610665439088e-02
2.381478607534324738e-03
2.826029798084855015e-04
1.656360988306880566e-04
1.034761710466561464e-02
2.909623151340475704e-04
2.111232074417254838e-05
1.311594517749597500e-04
6.754841684777220748e-04
2.900387643376488409e-04
6.948845450926125096e-05
4.943255868237159817e-03
6.701025742702564590e-03
4.958850895065593581e-03
5.285246564501097297e-03
7.230192659471953477e-04
8.339900090598742185e-04
3.589248617171860237e-03
7.815322851573573357e-03
4.658109374647683223e-03
3.959939244417168790e-03
9.586486899948353435e-04
1.214059021247145074e-03
3.584939010876086584e-03
1.306202071602676450e-02
3.078283431170985001e-03
1.263520263355213252e-03
1.258101758707938023e-03
3.071071712887230021e-03
5.048189842886021116e-05
4.502718530628355663e-03
3.033655112019572470e-02
1.459376317508059200e-03
2.022013259951402873e-03
2.283375146471511817e-03
7.765228776813182108e-06
4.797439510828671702e-04
5.638188654762141781e-03
1.748447033466669952e-03
1.593930137556161253e-03
7.769350136750232728e-05
5.670291516986506962e-06
5.994838295130144011e-03
1.125276758962166605e-02
7.914332191366828630e-05
2.067741984832362906e-02
2.439681338910425123e-05
7.605400367183568280e-03
1.517285259061735333e-03
5.014674276835992713e-04
1.169611956426627915e-02
2.729336423541129861e-04
8.224655435356207885e-04
6.678849139734254273e-03
6.932946902582058299e-03
2.114501933296968755e-03
5.307724592114997433e-03
2.694350905315078524e-04
2.342389284685260017e-03
2.165768986815035449e-02
7.763714816318165526e-03
6.557849573417075034e-04
2.618527928112882714e-04
7.315146933494378820e-03
1.025717733858769708e-02
9.825299979942123200e-06
7.683017013350156585e-04
1.301232306285305014e-02
4.155889688538045440e-03
3.432115542337201529e-03
1.579166943733306900e-03
6.373592152779100487e-05
1.977173963152479771e-02
2.961297789439841510e-03
1.885400222607075535e-03
1.586374596944606363e-03
9.520146695320480176e-03
9.470516044887009044e-03
1.877737311230633966e-04
8.106225120077941186e-04
2.697260238112746903e-03
8.937587715747159767e-03
4.657195836837036557e-03
2.305109504632773393e-02
1.487935518523294219e-02
2.682515116507148880e-03
5.989496973696500567e-03
1.177710015027486713e-04
1.993206270540358750e-03
1.588477993824015302e-03
7.158183066091681861e-04
7.562964887583434196e-04
1.641305038352751768e-03
3.830856534973200826e-03
2.512616211614722775e-02
4.262368941840144606e-04
1.374143840058495401e-03
7.806831071546192768e-03
1.020232439937221241e-03
6.560961700908004082e-03
1.284527830027987465e-03
1.873127293509762974e-03
1.668925232767765401e-02
2.654115942458727347e-04
2.963856952046784246e-03
7.134457401495505327e-04
3.543061430830586177e-04
3.040445844752372347e-03
1.269257221898964332e-02
1.655533716256641936e-03
3.695410214405998699e-04
6.662240692591902061e-03
3.284042631387242440e-03
5.071589001229599367e-03
3.336420728595138746e-04
6.148936491632049986e-03
2.064810339839147531e-03
1.725234645466726391e-02
6.407625720659466039e-05
4.130108323934472518e-03
9.127990814555574138e-04
3.995643741794269350e-03
3.947075759591761861e-04
9.358501254821953441e-03
5.416024251093098756e-03
2.568812987785638186e-03
4.387904962932715966e-03
8.372068106917520213e-08
1.157443761737103269e-02
3.786688361790571126e-06
7.001751135222648685e-04
2.637203434261395796e-04
1.414693068691646669e-02
5.467550513290578718e-04
5.075974439328488679e-05
4.066142934326779160e-03
2.917892700702717258e-03
4.682519740945999438e-03
1.256615461773419404e-03
7.865192216397816038e-06
2.651040424819086500e-03
5.215350065614954332e-04
2.920769960488804953e-03
2.787640885882725441e-04
3.988344379473008033e-04
3.002646672995269630e-03
1.102345517155023738e-04
7.163391534597621235e-04
2.110302314899998102e-03
2.189003529359392821e-03
2.537400548122890811e-03
6.479080703756873866e-03
1.026773172937167546e-03
8.880346604623758728e-04
9.388540655692781227e-05
2.371295964620938129e-04
7.590023995627907932e-08
3.028539510065046420e-03
2.514508146632937063e-03
4.780763085115261567e-03
8.524993496016283518e-05
1.529148324334553798e-02
7.820468323761849865e-05
1.536152616727389300e-02
3.678477948300933314e-03
8.797082390084784691e-04
5.490423921981138489e-03
1.030656185208745929e-03
1.053332276058259291e-03
7.476555095172847647e-04
5.464246672424531714e-03
4.502261868566749309e-05
1.944978400458351143e-03
2.154522428006780581e-05
6.519482564098054564e-04
3.561436911300486924e-02
1.111056833074512869e-02
1.308084743559457164e-04
6.647457772601382889e-03
6.123553896851725593e-04
2.967070293767179890e-03
1.628170712525954219e-03
1.439369445621471819e-03
2.842391102469750234e-03
2.148052016940383245e-03
1.276167773935280893e-02
2.997552582426562390e-03
1.336270266103321966e-03
3.165239679588888015e-03
8.275072959165080330e-03
6.976312969923675368e-04
1.629798201841082487e-03
1.809013414807316257e-03
1.675488124531986003e-03
1.203266371566405132e-02
7.390397798146938891e-07
6.796090941397716799e-05
3.861126602319612470e-03
1.394028435401149270e-02
2.222520664879458854e-04
2.270038923522434138e-03
4.953516999108030505e-03
1.970059722337091316e-03
5.668171222677308293e-04
6.635363949416885629e-04
5.527930177533033756e-04
3.302924632269627693e-06
2.737424261715064571e-03
8.684334895595518036e-04
1.406451687566400268e-03
2.157650233561591181e-03
9.810010613055452841e-03
9.312020848585364149e-03
3.516843480833163744e-06
5.703044891230767133e-03
8.567846978185729087e-03
5.945891956262109451e-03
1.606795407020322405e-02
7.537174206179538503e-03
1.206248904082897130e-02
1.878977895189900483e-05
2.732870096340713276e-02
3.670828113326391135e-04
1.371898087144978601e-03
2.968147623201345970e-03
4.876974661111616038e-03
2.536594547626049522e-04
4.201427950542552638e-05
1.126698576966687080e-04
2.746259868334374700e-05
2.979001092977617902e-05
9.268324227881206403e-04
5.058683796740630519e-04
2.934864170394352843e-03
4.033155231028939976e-03
3.377244469145663890e-03
9.205943099366092897e-03
4.852156796803536068e-04
3.796010051423953473e-03
3.969486727219095207e-03
1.463284550776749321e-02
3.360311162167173293e-03
3.228976810122758095e-03
3.339976851118376007e-03
7.324099675502348215e-03
1.392217605569737377e-04
1.350567265313775897e-02
1.211106087722363134e-04
1.785149480667896308e-04
3.355285374911074793e-03
9.520518215006724017e-05
6.103259320328733792e-03
1.530028664444715684e-02
2.763659090404930845e-03
6.037409677903312136e-03
1.889187126823294993e-03
3.685946285999955763e-03
2.212132322084012139e-03
1.352947298037760230e-03
1.193389053879590237e-04
6.072193457071273226e-03
1.467609608890695012e-06
8.099007274634877421e-03
3.129422515056655071e-03
7.510569031202863136e-03
1.029868400161260003e-03
8.317421568679452215e-06
7.791499221797850393e-04
2.704599441238364228e-03
6.705006963244475185e-04
6.006771286627363496e-03
1.519281197330168324e-05
3.370365172575610219e-03
1.270355587033292037e-02
2.939665075936235324e-03
7.097705369649823064e-03
1.248077206969284807e-02
3.245423980430353107e-03
7.583880451593068804e-03
5.098358017283433682e-04
8.136031481276383929e-04
2.146153132556521351e-03
7.792381342338422501e-03
5.757639857002217317e-05
7.120523332844973501e-04
9.588270760983982942e-04
2.497163886903288384e-03
2.589103360426246074e-04
1.361801843489102154e-05
1.474366105034410901e-02
5.947240134202170115e-04
8.240266025379990424e-04
1.644954468111745061e-02
8.442894959536305062e-04
4.781063764332201156e-03
2.530977777395150216e-03
4.604071907590950689e-03
6.632922843337464396e-04
3.038593778034938040e-04
3.332153140028768553e-03
6.395907319219196370e-03
3.950184362254740558e-04
1.634168678493535469e-04
4.473384155247675346e-03
4.913308080005521217e-03
3.205517044702181368e-03
7.454618399198655915e-09
4.442115448067110277e-03
7.351892611063531435e-04
2.401624882864945420e-03
2.775471614540532452e-03
8.279261015002601157e-04
8.280567139019229033e-04
2.040623183368162757e-03
4.320133654839096557e-04
1.115590278881546616e-03
2.496267086259763368e-06
2.920522715779147373e-03
3.636087412938403610e-03
2.329442446493402942e-04
3.992575075443476930e-03
1.338764241658192472e-03
1.246383393822019696e-04
8.666345524252796334e-03
7.505201210340297670e-04
5.222034541284366251e-04
4.473903277840126334e-03
4.749570661291086827e-03
6.927109982987404669e-04
1.532739177843335087e-03
1.470411841147056115e-02
3.411704479505794224e-03
1.220036119188028755e-02
1.056408269007422067e-02
3.406086912379527841e-03
2.887107595326579242e-04
3.409675362350063398e-04
2.284244910506281318e-04
1.904642761831435620e-03
2.425224953297756768e-05
1.030780292895848750e-05
8.789559495219190753e-05
1.174141806373744110e-03
3.438865339617164430e-05
4.565967197439807002e-04
2.060194399992206285e-02
1.073994415384669186e-02
3.078985303756958075e-04
8.572064766717562710e-05
2.692130189742599281e-03
5.060406460193740685e-03
4.027458384750546780e-03
1.331558529351497232e-02
5.523725025670573733e-06
1.232990742411068871e-04
3.793197487978045013e-03
1.459838561310584752e-02
2.514502554854429386e-03
1.552321756830029285e-02
5.548229264952964524e-05
3.842803820174616261e-03
2.338059803875755673e-05
4.907239482955048356e-05
8.067715485475355705e-03
6.229494392512958251e-03
2.488179586814529345e-03
6.737933238555602125e-03
