2.922961828366173187e-02
1.698711715850515641e-02
2.304982869154400702e-04
3.549676972450914805e-03
1.798466606076570742e-03
2.229406098087876546e-03
4.125796465686231915e-03
9.420598817162319227e-03
1.507946671718632999e-03
2.569505751596504878e-02
1.764190040744167338e-05
1.916419737295579559e-02
2.619763475668234268e-02
2.223974128113179877e-03
1.592328310951388048e-02
1.549813897965463200e-03
6.779870922016425355e-03
2.705086995376878353e-03
5.020037895617611087e-03
4.095400914464797821e-05
4.483776904690060794e-02
1.311906099106652625e-03
2.971224576577160062e-02
4.547343750133974599e-03
5.138164721605649986e-03
2.326598563362676855e-03
9.385150124040294185e-04
1.330090897251580081e-04
5.241733794661118315e-03
1.010641376390692108e-03
5.387486172208020771e-03
1.508462527642343790e-03
5.279163417756349390e-03
3.727377884666095622e-03
3.827188906059256299e-03
6.208739976202244486e-03
2.350900244094774119e-02
4.046669162860638304e-03
8.157714286523915642e-03
3.936718388660153181e-03
1.634586380139720204e-03
1.279017699754600099e-03
3.396267344381796640e-03
9.700084187578273645e-05
1.734576997626564301e-03
9.262557612729832243e-05
2.834059590735724110e-02
1.252325557385238104e-02
1.265304262166221322e-04
2.374014566058225972e-02
7.750967708687774363e-03
1.092653290232308873e-02
1.943508675062381036e-02
1.779307402413466202e-02
2.686462145701786278e-02
4.106697198316915489e-04
1.389108029466019564e-02
4.540561882085940998e-03
6.467151801163205198e-03
4.138742695315352979e-03
5.163909630096913395e-03
7.696752000004296757e-04
7.027683731629934434e-04
6.648631685480340357e-03
4.589936192372057709e-04
6.078762686595240899e-05
1.186264944845726423e-03
2.585472265173262632e-02
7.938118001331024784e-03
5.629079247354469719e-05
1.939457022872662648e-04
2.574928272506623477e-04
5.326425010807419279e-03
1.498392387682905870e-02
3.991247083494325887e-03
5.362125314511453911e-03
2.023931991910228080e-03
3.129879905970248816e-03
1.061498116389797235e-03
8.752060030706684465e-03
9.476519600598268256e-03
6.496884361564876642e-03
8.622972282773222821e-03
8.574359828821909255e-05
4.185974011760332610e-05
2.607011173487428207e-03
1.213281052792465967e-02
1.368730987082139681e-04
3.500277460712403980e-03
1.066503686976495767e-03
4.246760340120861628e-03
3.221997040594740125e-03
5.775401789268524771e-04
2.439613093897004953e-03
2.305233382488899342e-03
3.796569291151225922e-04
1.488414046440867354e-02
4.370702961367110340e-04
1.265098253732537025e-03
2.917671208773411472e-03
1.711247101616640174e-03
4.529927365654256438e-03
6.603195634007055694e-04
2.297172912256439936e-02
8.981839702387882807e-04
3.796028281040300797e-05
4.191162732300171036e-03
5.231356137703885995e-03
7.023117141437005932e-03
5.878009394294980358e-03
6.652567799548836933e-04
2.353867594117313878e-04
8.912476320950567243e-03
6.666213285516784520e-03
4.309871254579670553e-03
1.082203041224757229e-03
1.119866461062776937e-02
2.288598175888236028e-03
1.427625155710153179e-02
4.250911545670298108e-02
2.851576623380764480e-02
6.707021335446296901e-04
4.662077314967851861e-04
1.154402867877136162e-02
2.609805772089379607e-03
2.452473390440150156e-02
5.738798250906665920e-03
7.644601150642330208e-03
7.807365686108952776e-03
2.561845546118029799e-03
9.256232928681797784e-03
1.682176440563758505e-03
8.749837617597748876e-03
1.153482639555427659e-02
8.031327620122306801e-04
1.709064769556167836e-06
6.607784673159334057e-03
1.419403856978095936e-02
2.456801238405768861e-02
1.374308003801043331e-03
1.269478462658717264e-04
1.476684385335688297e-03
2.878595676818147386e-03
2.577335616152392981e-06
4.841863837350314915e-04
1.884078282110409871e-03
6.320763924919787537e-03
1.630898946722102866e-02
7.136108928954536940e-04
3.059179823600356671e-06
1.732918173965300023e-03
2.294326008305381734e-03
4.023660107678281739e-04
6.653196789272044316e-04
4.202728683443222174e-02
2.141890547096866534e-03
1.097586158227554544e-02
1.134505475714542907e-03
1.114125073322962383e-03
3.200286480510523140e-02
2.343687383281782294e-03
2.482314869877214861e-04
2.050100853498875234e-02
4.884061462252072211e-04
7.619976599901268945e-03
6.974630659787501869e-04
4.102471758508001096e-03
8.676089501492922440e-05
2.690918249767281552e-03
8.182259634620683147e-03
3.628061740236041433e-04
8.031349075076340887e-04
4.920758562439676333e-03
1.219600849503153089e-02
1.554953808626431634e-03
1.033166426017950668e-05
6.637087532438633829e-04
2.312236233438147350e-03
2.578517804287335652e-02
2.019556838006516218e-03
1.080439316097707263e-02
4.639011190381766951e-03
2.647623877926702507e-02
3.126269575366421444e-02
1.032801447341187822e-03
2.458114785065188164e-03
4.681634246696115415e-03
5.226007572167354343e-02
5.846014823646076978e-04
1.563315017861489865e-03
5.689919203653294628e-03
5.469406262652666550e-03
1.236844053499975594e-02
3.137350321749205954e-07
2.094738866106379827e-03
1.343662662715066443e-03
1.836126259457555865e-02
1.702265815392649956e-02
2.408778362563133296e-02
1.150649938203977026e-04
4.429411042823276461e-03
2.362968605992011846e-04
1.333925543186600645e-03
2.816289062378086669e-04
1.861055316514145374e-04
4.881925541787650292e-04
1.296033865260485260e-03
4.930777136908042315e-04
1.775418801801790505e-03
8.216153365772421377e-03
2.194134820815430743e-03
2.952009661478955608e-03
1.742688011797891923e-03
2.953099423671765359e-04
6.880932576871066518e-04
4.696269768386893487e-03
9.976787477747002530e-03
7.988330131935112658e-04
1.498009026563928807e-02
2.011456970263688845e-03
1.459404931361559486e-02
1.104234181019802174e-03
1.352675435018888331e-02
1.394955573572447373e-03
1.701417683266091482e-02
3.363022328472766581e-02
3.642010162611674512e-02
8.654453586650618160e-03
2.336418139014083926e-03
7.617643647293046534e-04
4.276162472756441136e-05
4.389904898098110340e-04
2.740883011919091963e-03
1.650150908778528960e-03
7.292552471914874905e-04
3.780213169775966005e-03
1.055071485958065626e-04
3.418045136105916232e-03
5.079672307842564077e-04
3.610799266997546508e-03
9.734875667322721859e-03
6.588229496252494093e-04
6.189814117848673608e-03
4.832803092651324862e-04
1.649108641628927046e-05
7.378926125746620860e-04
5.958211955965017772e-05
5.343215724262119905e-05
7.410531633476126522e-04
2.305784486208259376e-02
3.960925202298720948e-05
7.438753703684961201e-03
8.589264151315845804e-04
9.277772682328010601e-04
4.103132244761320590e-04
1.889976300305225981e-02
2.643260192945097106e-02
2.936561844397960613e-02
1.933010275381805284e-04
6.181275697974879246e-03
6.381500516813393316e-03
1.209228967014790157e-02
7.627673996868171956e-04
9.473805087077374939e-06
2.877330654449824728e-04
1.496610796504469626e-02
3.403435767438066882e-03
4.210237375630756021e-03
5.173283059498831084e-03
1.100843736635663712e-03
2.338495766991647174e-03
5.228412623182210686e-03
5.888269563730070232e-04
3.640110972248593486e-03
5.142875381486269534e-03
3.677979518708325048e-03
5.899068426862198733e-03
1.516259259983781952e-03
3.191259934487843987e-03
1.412434592598688435e-02
1.179739846732776954e-03
1.418268242050485864e-03
1.949785337350352400e-03
8.183868550455429877e-07
2.049712832148442142e-03
4.295095911276817537e-04
3.641173788140219039e-03
3.922700062552400557e-02
1.349157735483452270e-03
1.904381621657118967e-02
2.309559491148306144e-03
7.741311104446834063e-04
2.015379864029259900e-03
4.665825698424410826e-04
1.727508640461625136e-03
1.553989572097247938e-02
2.474780540905932233e-02
7.579414919511638302e-03
1.116080690073296099e-02
1.762264362031555620e-02
1.887067486560729465e-02
6.588527650517388493e-03
1.387309101647796661e-04
1.664207027045529197e-02
7.763910889898183523e-03
4.140260513565809444e-03
4.068713822659172918e-02
1.813012207525343394e-02
2.825589248157515140e-04
2.437326667793002829e-03
2.528323463403351137e-02
2.441151206945531369e-03
1.996233264498424934e-02
5.605168732966681056e-05
6.106721907109312428e-04
1.873183960572663564e-02
2.405343714071433645e-02
2.299881156037385244e-02
4.090899605590075754e-03
6.846409362790996081e-07
4.275366012576210101e-03
1.163033113532598375e-02
1.501568405048205046e-02
1.200548854346658589e-02
1.480281299970030761e-03
1.407353700240122582e-04
4.125572506453404481e-03
4.006949716260818119e-03
1.579750611697245907e-04
1.189964880021269784e-03
1.164773696688136025e-02
4.422818405638631318e-04
1.969189412420366270e-02
2.336972604032682907e-03
4.467579960548539314e-03
4.099299119790034487e-04
7.873031040312894902e-04
7.849415955522348956e-03
7.988752922676894963e-03
2.464662484823431678e-03
4.447006245455838690e-03
3.459635432999700472e-02
1.658953165862509991e-04
1.176308851080404456e-02
1.176626650794162328e-03
8.152793959794746043e-04
8.787408122636847859e-05
9.048516747307343928e-06
3.540733738246446948e-03
1.347143768439484739e-02
7.995785743552868627e-03
3.677559970526803404e-03
8.210165408779480922e-03
1.447746960712314665e-02
1.927346283793978168e-02
1.203495952853641865e-03
1.901554956755718883e-03
1.929694368283343953e-03
3.038983961967032491e-04
6.664740728876088335e-04
1.440992898884305628e-03
4.408710925437362522e-04
7.877223211032555888e-05
1.622086118902241582e-03
1.956323047631591805e-04
1.053599963686070555e-02
5.521990724274177149e-03
1.815571013670537123e-02
1.857765067320005153e-05
1.810123778617556163e-06
5.687348424948177050e-02
2.479230169607450282e-02
2.492750627366763748e-03
1.727932205572421448e-03
2.712148251464241452e-05
8.501547198522668713e-03
1.275546323787735137e-03
2.104280480180149154e-03
5.047970541597151389e-03
3.657978577176052709e-03
2.158751214370005674e-03
9.854953499568700273e-03
1.063735573942535106e-03
3.358527847986430464e-04
1.833309256543023610e-02
9.148663067221472767e-03
2.516169545992474540e-02
1.388464338350942594e-03
1.730007854900008496e-02
7.137100805721068378e-03
1.419881136894950028e-03
5.719839377410843029e-04
4.988193192596791277e-06
3.079892131285307585e-03
5.512000301859663540e-03
5.209891535530516982e-03
5.141338104155793219e-04
2.560433735467371446e-03
1.197772305682907532e-02
1.838568251703389181e-02
1.269770361576503257e-03
3.626648445757099312e-03
4.655668284073383265e-05
1.759703298502442517e-02
2.225877060850960792e-02
3.233449244707971293e-02
2.097479975212803056e-03
1.007791879759080324e-03
2.760164955215606004e-04
4.879925404812958389e-02
1.480681606653675721e-04
3.177429605246318012e-02
2.356598499048168441e-02
3.795745968557388481e-03
2.963671735453410382e-04
1.019693663328626845e-04
2.615687262057653142e-03
2.627013317367764538e-03
9.108943946143407871e-06
1.980384366424054604e-02
8.344418422087915982e-03
1.709581862333649964e-03
3.471986561404683848e-03
2.615367399956698883e-05
1.979094351025776936e-07
1.244340000569890171e-02
1.154452373175130810e-03
5.853688176903145551e-02
1.665179777233640260e-02
1.047347570020275027e-03
1.144882189184043492e-03
6.909902546057761284e-05
4.690977273459556035e-03
2.249285460993495720e-03
1.195262446310907216e-02
9.880478581029979168e-03
2.969859573559301223e-03
3.821892800130257534e-02
7.937547320975078639e-04
1.269476848650767133e-03
6.557126271097472522e-03
1.949448609599053334e-02
1.438872084734075726e-02
2.108285832962123428e-03
1.943216227848669486e-02
7.573113139274315411e-03
1.000468942720212674e-03
2.154542138773471487e-05
4.927746123114862264e-03
1.901018847219139007e-03
1.546040109395238095e-02
2.636112235079607607e-03
1.481684713098792945e-03
1.733919757814821961e-03
8.932559170417368440e-04
1.325589139173384415e-04
7.376336817056277501e-03
3.675537260681887956e-03
1.041689315563424853e-02
1.580902187383953971e-04
1.201745622320704688e-05
1.509138873931115555e-03
3.687949205613930657e-03
7.039193090582518712e-05
1.185973783017252054e-03
6.279015368683403021e-04
2.258579720705454225e-03
7.302753398497097452e-04
3.083438100001831880e-03
1.433764194094095702e-02
2.110647263040941329e-02
1.574329341974638457e-03
2.004617949166738466e-03
3.482843431629852309e-03
1.531877294499648171e-02
1.042800626065912110e-02
2.579980334199426543e-04
1.266389137887907724e-04
1.079624878565966535e-04
4.175855192783547998e-02
6.167169712431213105e-04
1.235074010793607915e-02
7.234923216785377068e-05
4.403562602925151399e-03
2.128643891551235470e-02
6.718618577748510911e-04
4.929811757357854124e-02
8.191792876504433256e-05
6.128361182917162241e-04
6.411149149157575715e-03
1.266636470219142906e-05
5.671414344367037860e-09
9.124128685698778369e-04
7.092791805767080862e-03
1.617329297480944478e-04
1.521161044989735502e-03
2.837308721662699235e-02
3.900867678753568786e-04
8.454743767955215719e-04
8.080572770581476291e-04
1.540429593237588888e-03
4.531474390651904992e-04
2.699870285148139089e-03
3.088802424539719761e-04
5.224913970843859842e-05
2.036279256182006378e-04
1.828136003995983186e-03
2.096699881445260305e-05
1.505111667824426350e-03
2.662208015322583589e-03
7.271829086753922242e-03
2.033448924969661828e-03
5.790902182646135744e-03
1.318208660782886621e-02
2.926752161753944440e-02
2.889599349389350099e-04
1.323904348334732466e-02
2.564191222651243662e-02
8.966091349222947253e-04
4.611944058683512676e-03
1.120166081720926163e-03
1.838449803717125131e-02
1.519355227647088257e-03
2.859669250138772555e-03
7.781820648541038637e-03
3.496424225002839965e-04
7.558666746376046380e-03
9.381512023351152446e-03
1.539402981390655255e-04
2.449129717169283918e-02
3.278066630880803380e-03
4.593051938957233918e-03
4.257156311682551951e-03
8.238669585417931693e-03
3.321650340821825670e-05
2.954438303386132392e-03
5.713595105910425527e-04
1.106534404350218576e-02
2.764634816573024664e-02
3.402961924026593252e-05
3.346559295655542510e-04
1.987126744722196971e-04
2.860780094790649122e-03
5.982741066898079191e-02
1.567240171494636847e-02
1.350327530120828436e-03
1.479615936004946607e-04
2.743363752957170536e-03
8.143877053164829197e-03
8.396275151278336998e-03
7.851699025645974997e-05
3.013909890328224286e-03
3.482770346426298722e-03
2.260322769294967836e-04
2.245911319588604290e-04
1.735436964890430065e-03
1.260184464422423826e-03
7.289849993910212968e-03
6.854442076179516341e-03
3.832534447260197482e-03
8.271600892723411300e-03
1.333844049463996746e-03
2.336121532105872849e-03
1.207833484575068436e-02
2.630414194342264368e-04
2.034030386266783355e-02
2.740013422924364480e-05
1.448207033716060726e-03
1.053836684407711329e-03
2.459636369728107792e-03
1.518686690488546651e-04
8.069348767183161242e-03
5.419618140772560020e-04
3.499274382078580280e-03
1.671681479025658552e-04
1.060564996291730837e-02
3.775825526535561859e-07
4.166308013883990823e-03
1.075494178846714260e-05
1.616489812082429894e-02
9.154099882146358308e-03
1.392302817715524626e-03
8.820223607256543960e-03
1.272649371551804950e-02
3.618976697915454038e-02
1.026922383008449340e-02
2.743207648977039753e-04
1.175592223085718344e-03
2.028410922718962457e-03
1.395432779822093291e-04
7.696451707513774279e-05
9.199403757921894177e-04
7.382498606117736395e-02
6.170511521438498985e-04
1.757636498261337438e-04
1.872506486441001539e-02
1.257819668373370889e-06
1.666249058464028265e-02
2.844635602541392087e-03
1.879400969361095033e-02
2.235267312906336762e-02
1.275703054301646072e-02
2.704466214996854075e-03
9.326268054614577155e-03
5.389011952626879959e-02
1.330932616729496847e-03
4.603094572006928217e-03
2.624302269824466049e-05
4.897815424929223560e-03
1.034097943810289612e-02
1.561696123108626379e-03
2.688059825968807060e-06
4.472933879879827969e-03
7.039107163611457892e-03
1.871636765747591510e-02
3.249426280917925344e-03
1.735597099812921131e-03
2.075396877123599198e-03
2.097355130345995682e-03
3.256043850872350487e-02
2.530226138020906881e-04
1.339747816568926178e-02
4.677546590414249049e-03
3.363095746858958766e-03
5.338480864606898061e-04
1.387945960263502372e-02
5.025454496409132007e-05
2.883325246985493640e-02
4.563024470693086143e-02
1.544906576865708600e-03
3.854833452880187996e-03
1.128165582876471465e-02
2.302553255162881861e-03
4.621743788483539943e-06
2.011413789693218459e-03
3.833684246104078486e-02
6.133458109147889618e-05
3.294496254160680926e-02
3.023752778074467046e-02
3.687623778374222831e-03
4.181012848140987790e-04
1.032834876340270845e-02
4.066193087895226752e-03
4.914115874638799904e-03
1.184834185882288680e-04
3.130407540628502044e-05
2.527949841265914499e-04
7.076477858187391230e-04
4.431560405211291791e-03
8.195646031348383098e-03
2.366416863785456882e-04
1.800579663476692058e-03
5.563993777236731636e-02
3.255547257014244911e-02
1.115727807751594079e-03
4.548201556332984001e-03
1.463067312681567418e-06
3.769958071820927580e-03
1.313179104618741660e-03
6.379254669864689760e-03
3.075709341178074416e-02
1.664878059552403001e-03
3.037714103761770396e-03
2.573770516235744221e-03
9.481052508513508983e-05
3.257665391518685827e-03
1.913405507197222339e-03
5.171997295672851430e-10
2.010503954285866764e-03
1.142780544099155152e-02
4.590947763280846142e-04
2.546886926205009505e-02
1.628769066082354558e-04
1.565938292140164889e-02
5.892584863959556864e-03
7.774333893214549648e-08
1.727696259920182302e-03
1.699479301537052192e-02
1.381601056867661501e-03
6.318677816207860354e-06
8.211958458112747494e-03
9.774131579737438749e-03
1.131488175818037324e-02
2.678739957592990602e-05
1.060287132426169369e-05
5.125909014721995649e-04
1.483374807402343225e-02
1.073834764018434505e-06
3.757557305536031282e-03
2.510848578672284989e-03
1.467082650838398561e-02
4.602840272112979254e-04
2.363512109307643313e-05
1.109728859326252284e-04
1.674497299447637744e-04
3.219316527475659783e-04
4.404266750327987673e-02
8.632815490740266412e-03
1.443787210558683358e-02
9.567655494312082148e-03
6.260067365607700600e-03
4.252347750367736767e-03
5.732403830932251997e-05
3.335521383897997738e-03
3.941889371664159913e-04
1.718824703670632920e-02
3.958760006670695650e-03
6.621611856131305075e-03
2.440859799260688967e-06
8.043351572175162084e-03
5.095499428323337597e-03
2.625041639481030462e-02
1.703268440911510559e-04
2.830588752516364093e-03
1.197720549410392606e-03
6.069494485662591671e-03
3.409622148825421778e-02
1.716319181791846717e-04
8.662082069007674993e-04
9.122426514873407249e-03
2.464600331853139190e-02
1.353806370826322360e-02
1.740278876100418912e-02
1.068301337048447805e-02
1.694474820636600624e-03
1.981746520868121904e-05
1.453079185858609885e-03
2.473534274608925332e-02
1.552003422469817743e-03
5.124512848653046612e-04
9.553446338589262690e-03
5.375770846417766806e-04
9.479925638806663973e-03
2.415601464528452022e-03
5.958618401778663885e-03
1.267962076694317645e-03
5.152794589358180785e-03
3.744404698438782292e-02
2.497550776203258729e-02
9.622276865481319344e-03
1.031200890801457597e-02
1.116266285479172293e-03
1.405501068132362225e-02
1.459050883767719310e-04
7.679677011034449600e-03
1.407745369088797462e-04
3.338106240080306627e-04
4.459062412305082076e-04
3.929382756095016818e-03
9.768305177105692655e-03
7.384511829691505456e-03
2.626352896313809398e-03
1.805388217057608130e-02
2.581376406631784304e-02
2.458341268032174926e-02
4.511270944220162728e-04
9.555932440124837455e-04
6.878350583107172879e-03
2.719366696154100916e-03
8.996666361516969523e-02
1.570669018372303216e-02
2.876506492289065010e-04
1.005871835380450232e-04
1.673578936857267763e-03
6.281573532587503110e-03
8.061961092286896308e-03
1.916919386633053482e-03
1.272081373353271035e-04
1.347574296618947974e-02
1.960486482694806867e-03
2.006653643328799516e-02
1.651396398277866356e-02
2.880356892818216642e-03
1.088471314628600850e-04
1.723941106133784762e-02
6.556545875098445742e-04
2.491997647430689578e-02
1.807281528612874114e-04
6.327790790832821396e-05
3.217748483157148063e-04
1.610701562548538801e-02
1.947628202781014062e-03
2.482055473300907953e-03
6.642428132984354999e-03
3.256661281347657515e-03
1.610364986028100728e-02
9.885390251994865055e-03
1.509319784667695515e-02
2.283027777593769187e-04
3.856469519143198438e-03
3.903073035272926466e-03
8.250489726923621731e-03
4.418022131525834242e-03
1.670916150042012389e-03
8.309312281161733340e-04
2.697417357784780232e-03
5.336895513057640129e-04
1.492684868121684546e-03
2.746393236133249098e-04
1.194661581585587488e-02
2.953971074264737269e-04
5.600436920892373511e-04
8.776524338943319549e-04
2.795673614959673717e-04
1.206463079350869041e-03
1.977590586778862208e-02
6.002800278132822305e-03
2.610633133278899426e-02
1.825316857290041261e-03
1.801106831305200693e-03
7.047040603740765789e-03
2.826320497445136429e-08
1.073306986165803445e-02
1.914668716615061314e-02
1.725478175977320839e-04
4.725660478115469867e-04
1.208823776369554598e-02
4.890853468894260092e-02
2.781075224145321308e-05
9.004629912968842992e-03
1.308343221164677290e-03
9.537903049762980548e-04
2.650979558242545428e-02
1.156426439802317289e-02
6.819620663118941550e-02
5.788586761037595001e-03
3.271201915877583791e-04
1.528491618386566137e-02
2.544719457831046350e-05
1.690113403230412981e-02
6.383169313689483759e-02
4.618001783655284730e-05
8.311062498537491808e-03
3.009034582895808718e-03
1.203767955276866843e-03
3.084960757086037050e-02
2.004512228826425824e-02
3.445541411011234911e-03
1.234857933554194681e-03
2.517803980706097376e-03
1.382542270407604093e-02
2.650684631005196601e-04
2.101522734617432622e-02
5.828599394300804960e-03
1.396446798884624224e-02
5.123235611989841037e-03
1.370877301239579668e-03
2.150732112115241821e-03
1.262696500111956145e-02
1.074684026164808050e-02
7.007407681258609640e-03
8.125030004474286912e-06
2.191931558858203205e-02
5.716901459183941665e-03
4.852167078434759667e-02
6.988119759315630439e-03
6.901739535566635796e-03
1.047367412569666888e-02
4.110772312788894128e-02
3.860607785409598397e-02
1.695770498088479297e-04
3.546886035861703868e-04
5.124584570685492002e-02
1.925539572820944220e-02
1.446334633674279356e-02
1.401002560057035187e-03
1.187528068735021862e-02
6.019788675107395209e-03
4.370993640059227725e-04
4.257331649486855406e-03
4.066829317306985478e-03
9.849706275516097956e-04
7.049578198386479243e-06
1.241320972483666478e-03
8.039794080977960295e-04
4.735034369590798015e-02
3.486218282741643162e-03
6.843485203838174484e-03
1.351814856436764183e-03
1.056588993834371888e-02
3.840286955111346830e-03
3.862773291883098321e-04
8.928639894809723213e-03
5.905091430967724514e-03
3.849190890705061954e-03
1.202170571079829494e-03
2.229115322410439321e-03
5.315764575401763945e-04
2.796483536296601874e-02
1.727304303912287082e-03
2.630762645015408824e-02
5.564859387245057977e-04
9.695159577668824302e-03
1.061663547793515947e-02
8.799237362789919317e-03
2.203413732693710974e-04
2.136632194448673163e-03
1.612941766397871929e-04
4.356046217593725293e-04
2.878392534098320925e-04
1.581004138395842099e-02
2.502358251654445559e-02
2.861699858381976276e-03
1.833196926239486846e-03
1.473884239644516212e-03
2.094796379595749628e-05
9.019804120197249045e-04
2.236501842936890975e-03
1.897735694388649752e-02
4.237850852907129075e-03
3.034872906836984935e-03
2.310864232108739494e-03
4.600805949499229045e-05
3.396950366766471330e-02
2.204878377667840916e-04
1.771042795896252478e-02
4.854695820692946778e-03
1.258087158617639256e-02
2.494754666883842488e-03
3.083975204883672178e-03
7.468834121790002278e-03
3.411246925947041420e-03
6.675587520738891431e-03
6.605669251928149993e-03
3.141512438495360632e-02
1.966895665867642409e-04
4.068705614829570789e-05
1.208503863842269946e-02
5.314944641315256374e-02
1.344130235859480622e-03
8.860969841391244228e-04
1.775872241197546178e-02
8.045142373161850771e-06
4.897768693047368019e-03
1.497646512271149505e-02
4.557211766259019158e-04
1.203118168291592710e-02
1.407350826631675791e-03
2.147036708517868352e-04
9.270415572073365624e-04
3.798389632289956067e-04
5.869151747685949147e-03
7.053624397107156061e-04
6.553074557501799378e-04
1.620199971800867760e-03
1.350905335563340253e-03
1.860458185583740987e-02
6.658131223251565964e-03
1.004753698179207692e-04
8.443833459043729658e-03
1.918223116390198324e-02
6.030744812209254461e-05
9.153133050626834034e-04
1.009905529265343362e-02
8.188100718786917379e-03
5.543802433732881660e-03
1.965593364556178624e-05
1.357291944029453273e-02
3.007116115648168558e-04
6.809169171795512177e-03
1.085912584387579635e-03
9.954150279426834252e-03
1.377504435265493505e-04
9.249560196044155289e-04
1.686556543362514177e-02
1.191260384925617018e-04
4.888654719188126677e-03
1.727333832880742145e-02
4.779980846554107601e-05
1.049226665929270454e-08
1.314617934495925997e-02
3.964394449910951801e-03
6.609124911536312262e-07
1.739818700352631321e-03
1.930646123745674773e-05
2.359022334682100413e-05
4.051258198822238477e-03
8.511483100732141621e-03
1.327192052953967208e-03
9.531575334698811665e-04
1.895875908388434776e-03
4.937922373452152637e-04
3.053294146805665080e-03
1.282934294413767828e-02
3.477364429499767932e-03
4.734417104930010306e-03
1.979077285401953086e-04
3.439465589426217093e-04
1.848444208669787806e-04
1.748650299368592230e-03
1.867661141353293064e-03
5.771298674619061361e-04
1.477780002869275662e-04
1.181459891551777709e-04
3.455165839364771063e-02
1.325089078326753935e-03
1.173995337899960125e-03
3.151555117346258733e-02
9.169427983825145225e-04
7.656507324306007292e-03
2.189222497458846901e-03
8.015895014776902236e-03
7.082913659260126234e-03
5.194912667729104962e-03
8.827225996890438958e-07
4.090790288454341540e-03
2.423929717897731293e-03
8.494891671668317393e-04
1.391914729352145517e-02
1.935196065407721587e-04
5.050783398415594448e-03
1.443334402369326509e-02
1.838824307202659549e-03
9.118252154269232673e-04
1.456757430966170016e-03
1.190277372820826947e-03
1.391054730098362224e-02
2.766658621036235857e-03
1.670092048006330656e-03
2.728302591327024310e-02
2.150660755540689730e-05
3.006796627355931692e-04
3.420625299205324200e-03
1.982574413043812717e-04
3.239479701326732444e-04
1.169192508052457197e-02
2.379338242760021226e-04
7.663349002162692298e-05
9.821058463791491888e-03
4.494365001432310274e-04
1.033824846449223588e-02
5.258132280830008116e-03
4.993676795321613966e-03
2.779697457294488111e-03
4.998308257880328988e-03
2.047414095977761681e-02
1.677898796719193752e-04
4.559894377525803064e-05
2.955800831869233314e-02
3.627019346637408003e-03
3.531155465417100490e-03
3.196703250327686402e-02
3.843668857874234061e-03
2.086193665151045442e-05
5.449411129326214853e-02
1.518549668514117170e-04
1.046239772742920543e-02
5.455043774478177468e-03
6.611242921051793675e-03
4.387955446995258323e-03
1.746336405896538316e-05
1.297951632006844915e-02
4.008087214440493595e-03
8.176728745859179401e-03
2.661871986653374569e-03
3.798342716404301891e-03
1.249806536174637682e-02
3.463332210957163586e-03
2.169657609648494197e-03
2.636088084601841998e-03
4.693792609316375583e-03
5.264222178699881974e-03
6.821441140393716754e-03
9.136278730304259188e-03
6.832035649827130665e-03
1.619761099365175580e-02
1.062764061037557196e-02
3.601948253096409498e-03
7.917606305211824340e-04
2.573483741078465520e-04
4.118992941425283355e-04
2.565268127798303252e-02
5.932961601946618327e-06
1.111378764500278206e-02
9.579712164715048451e-04
3.375264913193804645e-02
4.287479547099416061e-02
8.381554214171920911e-03
2.978054001301278474e-03
6.634027260613045056e-04
9.314462389564921035e-03
7.770445854094192462e-05
9.373951286165927918e-03
1.195542122849839288e-02
8.443248731842256920e-04
8.904817194993459948e-04
9.309932342900267138e-03
1.775715030047569226e-02
6.608957329818700502e-03
2.023207973670866546e-03
4.667746121205029047e-03
4.313139660521104514e-03
3.876733944735902271e-02
1.632849763268770515e-02
3.472991290560179304e-05
2.580586542061484839e-03
2.270243161276282173e-03
4.315918637829587942e-03
8.916345831971548294e-04
4.320423860908659784e-03
9.284436586266809049e-05
5.684696052028064689e-02
6.807107523920128377e-03
5.011275905027157097e-04
7.964422255205312259e-03
1.014325248002714884e-03
1.676971919707740712e-03
1.760923103569190075e-03
1.032961325763199871e-02
6.690954984073235051e-03
4.599617174629711154e-03
1.022896534598795142e-02
1.479570238427307081e-02
1.398051596240255283e-03
1.273379661805679425e-04
7.127254305523744726e-03
4.345032713379114002e-03
8.061388207979899500e-07
5.021764448247784118e-03
4.577410274137862006e-04
3.050601496034125240e-03
2.333981985938239525e-04
4.704814028552538460e-05
2.785675192385832135e-03
9.996528005679395940e-04
9.682722481798309092e-03
3.839231256413128818e-04
3.922341517474415076e-03
1.458067402045359635e-03
2.098462753865986720e-03
5.735368045143309466e-04
4.031192998453119077e-03
3.831727755974098475e-03
5.248471185951170473e-03
9.685021042752879400e-04
1.804055417271900131e-03
8.044534754583420808e-03
8.095729269179657156e-03
4.636885372607840619e-04
6.498309180783932992e-02
7.559990418225287674e-04
3.221101895717129489e-07
5.239871875529928183e-03
9.001168457247110330e-04
1.572833124141521542e-03
1.473200575357979172e-02
9.435747519495924981e-03
6.278716323513432347e-03
1.801534400614489967e-03
1.831885782313587979e-02
4.265691726822873862e-03
1.474333777128097964e-03
4.396727703415806952e-03
3.213670078286640260e-03
2.511456103566901167e-03
1.222228124298579792e-02
1.077252182734927781e-02
4.998140753939786128e-04
2.231609953685445027e-04
2.079257430297674555e-02
1.668376488474399174e-05
1.845459408944734314e-02
1.839016924819390081e-02
7.152794805428948875e-03
4.974619505064975590e-06
4.073272636874747399e-05
5.582231485508502961e-06
5.972702375609267736e-04
9.892800965603063424e-04
2.648123273159082997e-02
1.290666299053609689e-02
1.657808222252365581e-03
2.283794630953648284e-03
7.241017940544219314e-04
1.162619752414053108e-08
2.041010843062496943e-02
6.778529931087841354e-02
1.159915580584057124e-02
9.695369624092731609e-05
1.080744140067606274e-02
1.092125751569383866e-05
1.045423248799203186e-04
6.003573181481149448e-03
2.011429928915479167e-04
3.536739926164313109e-04
2.312355130558013864e-05
2.666214001480212304e-03
7.173411792845782063e-04
1.197284676474505167e-03
1.560106440698476460e-07
2.829062124590979270e-04
5.585289523681737957e-03
1.067472150391084407e-04
2.215562812558264857e-02
2.627014683923356922e-02
2.470143977212214525e-03
8.358419764063484698e-06
1.765460990432865876e-02
3.633180340797187088e-03
7.806571883081751817e-03
6.284627945544991358e-03
1.507718070538087256e-02
4.312867645891606434e-03
1.845907572563279623e-05
4.177487193932265946e-02
2.736312915828543069e-03
3.437084153655381360e-03
7.179429193603597756e-03
1.288289658789614107e-02
2.861524238298671866e-03
8.207911781628462067e-04
1.424205497509934901e-02
3.242746512373543243e-03
5.462576812332639977e-04
8.576908621403894775e-06
9.184340222212978092e-03
1.171143666611507671e-02
4.432828372226652915e-03
6.475691307110231613e-05
1.797951759362200830e-03
1.285767015027280274e-02
1.967465892030682232e-03
1.886877416921824016e-03
2.003011920914016150e-05
3.504770256143934989e-03
2.192359966130674655e-03
2.320966128823622170e-03
2.180274182111880971e-03
1.433705793583144039e-02
7.263949804765688564e-04
3.665190954111219746e-04
3.351391657458080604e-04
7.910374493497377259e-04
3.267890572698677401e-04
9.550326667658446582e-04
5.705394535312921511e-03
7.271722144842272502e-04
6.918355921964918637e-03
3.597140214998183899e-02
2.710867076237191090e-03
2.988645027074084484e-02
1.112114154869387785e-02
1.066845236070544829e-02
3.152202559089038844e-04
3.799844885642389642e-05
7.808281820968945852e-03
4.811411407835466600e-03
9.245464169100785570e-03
2.430799788130128143e-06
2.662216681287502668e-04
7.074977823674221365e-03
3.601483244632757135e-03
1.530747091199808306e-02
2.893570322074767026e-02
1.802468896237330331e-04
1.136470600552561125e-03
1.065585927861156280e-02
8.047081372833832366e-04
2.125086285090560523e-02
6.239532195486343150e-03
6.413836792944813125e-03
7.255097424055747396e-03
1.680219058914995001e-03
5.098754163531689539e-03
4.811248374044953388e-04
3.971613594225509650e-03
3.570581530431700401e-02
2.462738913303723354e-02
8.475907661145729933e-04
6.063293490090907074e-03
6.790845102825033425e-03
4.806040925690438829e-04
4.780165933640300770e-03
6.480615545582086787e-03
3.291986789437490596e-02
6.005880126634723440e-03
1.080711403649268869e-02
5.113714979929241157e-03
2.026785819591781293e-03
4.836649832090712808e-02
1.148984231231644539e-03
4.256208543186961596e-03
2.494138439615784224e-03
4.737060956876522864e-03
1.416466332217093324e-02
4.312392088523841864e-03
1.127960514264133608e-02
8.598578138488637392e-04
1.364839814672991029e-03
4.138664606000588830e-02
3.561370517386809077e-03
5.235885989166623629e-03
7.426220635234935053e-04
4.494173450832539447e-03
2.675109529331588061e-04
2.626304367918627408e-04
1.026068825833934429e-03
5.335204412512603578e-03
1.211572606234027905e-02
2.195056459072230234e-03
2.558176727389391888e-04
1.483131583128486416e-03
2.971242373036441300e-02
1.506559335438428099e-03
3.553636388048148076e-02
5.741710422247784176e-03
6.520318481446990772e-04
1.074858438017606060e-03
5.713688307748854446e-05
8.262379449022479172e-03
5.125148655422258510e-03
1.001161162205119366e-02
2.070912836405771576e-04
1.674178121555574324e-03
1.688205507947668216e-02
8.886782323318199658e-04
1.171944769981398023e-02
3.205811513471419714e-04
7.978121583304507037e-04
4.415404501584752409e-03
1.379827069387519305e-02
9.088257826840782233e-03
1.298538287974199948e-04
2.136718801826580517e-03
1.744918226291573729e-04
8.686358419910185542e-04
4.261755203695594455e-05
2.077612273153434802e-02
1.293692793566719214e-02
4.002091556342927611e-03
4.460005047207532242e-06
2.136495215036343653e-02
5.460576417539468597e-02
9.816109665234100824e-04
2.819897433362197935e-05
5.569639479393270233e-04
6.453428590059622025e-04
2.066404229565778263e-03
1.802646017855511536e-04
5.214860562275447971e-04
1.711193285602293835e-04
3.324976772253152940e-05
3.476178643535239327e-03
3.081637167291301172e-04
1.090801097646986384e-03
1.081437670388852267e-03
6.549715392716003984e-05
1.564009276211385593e-02
1.887998572035831310e-02
6.999386297884336357e-04
4.165689637351892294e-02
5.417080114104059867e-03
9.137020670121580659e-03
1.252845533254153551e-03
4.954577662934317271e-05
7.579581786086333345e-03
2.655830449936942214e-02
2.302677940342929414e-02
4.638345195347950804e-03
2.970089974555464949e-03
6.326185068745887900e-04
2.833212614902329632e-02
2.265488240279954751e-03
1.987733674439298454e-03
1.626091219112561076e-02
2.703392376793443876e-04
9.179402167865999664e-04
2.912968354723398812e-04
1.102462038241713822e-05
1.796009990197018277e-02
3.940031389332847300e-02
7.524951894425900741e-03
5.841237377341702147e-03
2.990353847964219523e-03
3.423457105828533412e-03
1.649304068890260211e-02
2.152958111639796592e-04
1.052274814731963415e-05
6.263091964594000305e-03
4.642615098201376828e-03
2.030459595397018501e-04
1.242391623682927256e-06
2.375187842033052183e-03
1.150092682013873630e-02
1.824431091832563745e-02
1.306277045045255505e-02
1.889826447479810503e-02
8.647537397222625081e-04
8.562852901600515737e-03
1.636047288130632066e-06
1.175958245004267693e-03
5.853332375783000356e-03
3.273896407032963335e-02
4.877846713391467671e-04
1.712308951128606706e-03
2.592843819391511470e-02
9.713050200054539757e-03
7.847090658878908172e-04
3.614258162907584525e-03
3.250006213093450946e-02
2.233672872001932815e-03
5.258296014755457250e-03
2.005230635757279060e-03
4.507826577060803502e-02
6.686554561736432478e-03
4.772341519474469079e-02
3.227526195642494919e-03
5.562498584276384141e-03
4.869700684726588173e-03
1.322987552727027810e-02
1.936698957159939047e-02
1.278426207143509678e-02
6.451797916854395466e-05
3.797791128813924385e-03
1.795887047383636428e-02
9.688012288054790493e-04
2.085803378850532332e-03
4.334906667756141584e-05
5.791096231092295391e-03
7.040609013149500342e-04
2.857651956396709664e-04
2.924707087149941380e-05
1.578017046522723742e-03
1.677828952228666015e-02
1.691352266942155362e-04
2.302613281937688702e-04
4.147304735907068846e-07
1.628447727739653836e-02
1.158510779047905448e-02
9.778008635015499744e-03
8.016110064305883437e-03
1.360643226456636351e-02
1.325235417995315225e-02
1.631987691639751395e-02
2.017497811796033647e-03
1.185167552209323615e-03
5.111060627096954828e-03
1.113018228289020407e-03
2.323868153075791393e-03
6.380048185294573231e-03
2.918018115459435503e-03
1.016567571033997509e-02
3.759962189168700609e-04
4.594312698635027135e-03
2.383083920223988460e-04
8.888678085461124839e-03
6.318625630780861160e-03
5.574965931937470205e-03
6.490933920306119452e-03
1.062643516523324163e-03
1.075536099026259615e-03
6.948700115331331653e-03
1.426416218630079198e-06
4.527132761913835526e-03
4.893631185879581541e-03
2.277588751239580621e-03
1.499100236994184779e-02
1.406481800590109188e-02
1.820045915673168535e-02
2.956728810259727849e-03
8.184313419256536958e-04
6.643439735043774226e-03
9.458489911752869864e-03
2.682175684215864272e-03
6.076854453888553935e-03
4.191430597195329433e-04
3.875909949470348129e-03
7.245076579679871412e-03
5.775671521805105652e-04
4.706399618709648401e-05
8.165404993611357493e-03
2.565609485745997623e-03
2.018390101077615142e-04
1.297269520061359455e-02
7.601327071973384454e-03
4.714778301548797198e-04
3.522215922847731634e-02
1.212007327634253943e-02
1.848820958569859924e-03
3.806213157054190422e-04
2.368620451358610744e-03
1.135512390113365723e-02
3.575255545093831023e-03
2.321863382388745199e-03
4.363399521155379712e-03
2.137002294785470165e-03
8.000879225870113215e-03
3.069991904127645008e-05
5.361858738000094575e-04
4.267504947217231823e-03
9.228701186630413125e-03
5.488991382585811478e-03
8.042093863776987473e-06
8.466991159080319439e-05
1.109123634985217943e-04
7.950203019793102358e-03
3.892013920903673874e-02
1.352572440798353176e-02
4.982180495366303648e-03
2.870747942772543075e-03
2.443626593192277027e-02
5.016186365812564654e-04
9.710140780834762217e-03
8.840754454128629868e-05
1.838442926600751884e-03
9.952947869611426020e-04
9.958504565307458526e-05
4.978781849469657642e-03
7.550419194118586277e-04
1.044102127217769454e-04
1.701625046244944345e-02
2.915179687488673663e-02
4.013494890832017790e-03
1.134499827432586434e-02
2.914109096091836715e-02
6.312085652459138415e-04
3.309404254530874667e-02
1.465759391567824461e-03
3.689779860290278921e-03
3.782324331219678957e-03
1.603235128074736310e-02
1.619833738788752781e-02
1.085519729503578489e-03
1.280277151423446502e-03
1.081153950731743654e-02
4.434326482660884416e-02
2.607096968229519283e-03
9.185302400491436245e-03
5.703447240526244265e-03
4.160982492017580893e-03
1.065326157099576870e-02
7.506662315992670281e-03
6.185429429415230688e-04
6.952055173441118625e-03
6.813599055170840163e-03
1.163251269156501686e-03
1.193046854026589415e-02
7.433138037621207089e-03
2.929292021064296385e-06
1.792394266637195013e-04
1.299936821589804149e-02
1.282218959122907904e-02
9.345376679117474352e-04
4.602303944211966723e-03
5.659611178045209374e-04
8.781048462650043558e-04
1.389120741063614318e-03
1.671772902940319924e-02
2.515421361702234460e-03
2.693593093153950034e-03
1.442387132115261275e-02
3.033399762240557643e-02
7.162302740288870040e-02
3.033170165114744323e-03
1.868394084873738464e-03
4.898342393201610053e-05
4.438198124448241612e-03
1.255068789851327381e-02
5.316963712801092527e-03
7.008933368439696464e-03
4.915570458043552597e-05
1.902532222135511989e-03
2.852049572968616293e-03
3.678528596395076364e-04
3.615342455170176303e-04
1.223093278120827507e-02
5.720724104010775431e-06
1.918558522764603961e-04
4.606606937008196579e-04
6.302471563380158959e-03
1.705547696786290437e-02
2.477331737171310473e-04
2.420112414491724072e-04
9.440825914807535882e-06
6.900086786998505363e-04
5.755740963879756467e-04
2.024452031907501045e-04
3.565319434776966553e-03
1.498890056871884599e-04
1.231431532235666409e-03
5.039570125855945401e-04
2.673634621970525684e-03
1.383390139185926423e-03
1.137712788896753056e-02
8.061547879940360664e-03
5.932268339944235178e-03
4.967279029911492172e-02
7.129800159552565327e-05
7.358843296911675045e-04
1.621293352927974385e-04
5.211151995213755828e-03
4.687691381093784040e-03
2.530999160469714696e-03
1.189702575686673192e-03
2.243856815209836070e-03
2.137366418663988812e-02
3.088822108683636519e-05
2.287945511436633870e-04
8.872869882676007180e-04
2.336780196676543648e-03
4.444648552548397490e-03
1.747901759011307940e-02
7.987726235915218431e-07
1.664479139909008816e-03
3.575313601343389075e-02
1.837737893100676104e-02
5.708253284030169114e-03
4.045850574454775772e-04
2.442993248713795727e-03
8.286654283350019298e-04
1.051509488096052242e-02
1.229313723606750960e-04
3.177851078700815162e-03
1.426673483686722523e-06
6.179636485783188832e-02
1.035106918982466213e-02
8.898494288357015197e-03
2.353603532329973450e-02
1.127001807905205627e-02
1.949357590416370611e-03
2.152114963482504474e-05
6.058815954465499856e-04
4.059803457262650336e-03
5.474196248264300143e-04
1.926908260184828506e-03
7.700139495389728963e-04
2.780466280513859204e-03
2.002455517655887546e-03
2.677935468740654142e-03
8.793095002079025441e-04
1.037198559964720192e-02
1.055962226125451613e-03
8.343971098253414459e-03
4.915245956897771468e-04
2.398021201534378949e-02
5.574513209580624681e-04
5.871368107131661254e-04
4.441012327948348423e-03
3.947471379597746605e-03
9.055026803114991972e-05
9.619871739906596386e-03
4.549963339128254417e-04
7.023970673772261114e-03
8.624553730452256053e-04
2.268155692936972486e-07
1.857524047951249896e-02
1.033755472916189459e-02
9.050381775187205796e-03
5.149581099632939349e-03
1.050945754570104061e-04
1.108635989792897819e-02
2.530269002953094938e-04
2.053495070844631176e-03
1.089841024351765426e-03
6.996948405865815145e-03
3.419573333521747516e-03
2.126259270444447137e-05
9.151520370926038593e-04
8.553146212321359465e-03
7.271090777040073450e-02
1.514257343762428435e-03
8.902541391835717228e-04
1.792911683617761038e-03
5.742707668559310884e-03
2.708009839503205631e-05
2.999404002144846152e-03
6.842358192915334522e-03
1.283538464654104827e-04
1.047037372752963272e-03
4.871740040188259568e-04
1.767404503419687384e-02
2.059531821531347152e-03
3.233015934393220891e-03
8.941703495248907053e-04
1.196036114384640275e-02
9.422419838565494407e-03
4.166851672328675542e-04
2.585345967589848699e-03
9.552645793200154284e-05
7.543737999948525036e-04
3.162444075497836127e-02
1.751397237643772739e-02
4.292314579549412132e-03
1.688960779008412232e-03
5.728429995847387352e-03
1.212243777105390021e-03
2.284948228435652688e-04
1.373342623890950239e-03
1.322809306426424997e-02
2.813593246162798822e-02
8.295510143861822491e-03
1.964247349055076378e-02
9.919516156855535689e-04
6.745424202599020541e-04
1.197574554725789817e-02
1.398700655041959159e-02
2.038115779275648416e-03
1.040512564311982263e-04
9.314809734719495813e-04
8.888557580538535702e-03
2.808439401488959297e-04
1.224255471093297493e-02
1.127405972868925424e-02
7.500512731928903748e-03
1.170706083628855667e-03
4.228775159904561536e-03
6.647282485883883275e-04
2.019568528948074287e-02
1.270338358938958830e-03
2.364949542492604528e-03
1.994930071266556252e-03
3.868078677432963079e-03
1.911249652993308361e-03
2.005550854555367916e-03
1.166533441898992204e-02
3.682177408353927164e-10
4.984048902993114131e-04
1.768711390901149538e-02
1.148979174616046074e-02
2.024069529957271999e-04
8.245262907987450582e-03
3.913632677575167203e-03
1.285836522310139160e-02
3.155207893747054813e-03
6.020455028258428661e-03
6.559254305329101017e-03
3.084575512657924783e-03
6.492688959524513595e-03
3.488097578100435910e-03
4.335426589131481309e-03
1.668591861844317611e-02
4.766812463552525837e-03
4.690144499407687337e-03
1.482074774256668392e-02
1.062592029835431051e-02
6.019759223057348160e-03
4.258169652913533910e-04
3.209674344710635070e-03
4.498598205829319220e-03
9.766032585728411097e-03
3.072351382204574593e-06
9.465166687372838060e-06
1.166460343672991564e-03
4.972478152527400226e-04
1.015448667322990228e-03
1.838684530944693918e-02
3.034350457232126621e-04
3.532331204793018146e-03
5.998342681332729736e-07
6.585421974537424006e-04
3.548795354662732243e-02
1.332842921649288019e-02
7.409955866780842601e-03
9.579814034003206365e-04
1.808354518575317968e-02
4.625300330692657010e-04
4.680825769901376943e-02
4.410837061055232836e-03
1.310989946038432956e-03
1.356517687377090629e-02
7.164298949428715702e-03
1.416689091455872532e-02
1.831911539062384443e-03
2.117578211496414300e-02
1.046961514578749301e-02
8.698936963306185682e-03
1.440411311485694824e-02
1.616064188055381552e-03
2.425856092790687078e-04
3.329411605171617329e-05
1.783148170929979722e-04
5.339288813549979097e-04
1.003274518309441119e-03
7.778899236059798154e-04
3.648207161623915305e-03
4.141256233396648639e-02
2.712368390834224300e-04
6.397498856645645178e-06
7.955045320790290988e-07
3.667563281257373020e-02
1.121905594685886933e-04
2.117669350088171969e-03
5.545463260812255948e-03
5.414538528585366256e-06
3.307990390768297730e-04
1.011016206289689322e-04
5.837743052897517151e-04
4.320896268231739080e-05
3.348408840449440711e-03
2.395402388145389996e-03
3.649918478962681191e-04
4.855928435321940628e-02
2.345308169211962959e-02
2.717814876148512502e-03
2.385528907254584000e-03
4.668993819952378535e-04
7.730322436670110202e-03
6.620742969601512296e-05
1.042100776989401435e-02
2.558945203376978964e-04
1.023176436877252377e-02
5.920187041073148070e-04
7.779445707903787522e-05
6.255634859390954818e-04
4.249899762470988815e-03
9.244133834038194275e-03
1.125939642720472311e-04
7.583022856244577004e-03
2.903937741870050732e-03
1.451217360313428358e-02
1.889505132436714111e-05
3.183328965185178161e-02
1.587855317484915957e-02
8.054862609227431613e-04
8.627560662716511272e-03
8.443613013154181723e-03
2.742707928697518237e-03
1.664182159257172194e-02
1.550985921081042898e-02
1.037709759276520070e-03
4.908139114984322792e-04
7.376268872260972886e-02
1.769226153173649591e-03
3.248750926316633760e-04
3.154206791333002816e-04
1.311986298881405964e-02
4.014997294073885734e-05
5.437683349059762444e-04
7.037244084072289069e-04
2.471414574939923806e-04
6.093215364526144039e-07
5.182851119323097881e-03
7.168855782624146931e-03
6.321423216161758257e-03
1.027859198860812690e-03
1.914424336170200786e-05
5.263978626396084628e-04
2.143791765859673945e-04
1.747100285518689983e-02
7.067270584309054762e-03
1.929114985246096299e-03
5.312532066459380552e-03
1.114793846397379475e-02
1.441864257186650788e-02
1.913758366564514632e-02
1.936410518616753923e-02
1.131014636653076416e-02
1.940798098459543776e-03
1.472091414942336158e-03
2.179304455051455248e-03
1.220193016539387974e-03
2.773083105601700099e-03
2.097473283942805425e-02
7.108124425057405025e-05
3.616066031140821938e-03
2.372283420260718270e-02
1.006557247596750549e-03
1.191165222973000239e-02
8.877906789570335841e-03
1.139660100213189288e-02
1.668133410956828058e-03
2.213642164978315771e-02
4.830393699777500369e-03
6.675768519360743107e-03
2.668858261910277835e-03
4.231531787119180779e-03
1.406753044279034082e-02
2.460603197440385664e-02
2.609794867570441185e-03
4.831060722443246414e-02
1.429539254399460335e-02
9.798575219247209270e-03
9.596583059689328443e-08
1.224190771848636047e-02
2.294118342159450505e-05
4.506103841172303705e-04
5.163296500694110683e-03
6.177056571095309277e-03
3.381552951187716282e-04
1.304435858655592605e-02
4.808213395696441309e-03
1.513803060747326854e-03
1.457851225279944811e-02
3.415600353556540788e-03
4.421351957381089432e-05
1.790517977575733024e-04
2.939601835187906700e-02
2.624429132929985116e-04
1.189042852309083430e-02
6.308085168038496046e-03
4.152145563748998861e-05
1.193922460150245203e-02
4.994458069761917611e-04
4.302479016046453829e-06
1.102490421860189036e-02
1.331676598427942136e-02
7.902067595573969080e-03
7.532761711845514623e-03
4.110710480532340366e-02
7.396058170673236921e-06
1.459803605663240189e-02
2.850298949723151926e-03
5.015969210456320236e-03
7.563339637186178039e-04
5.783942580710749052e-04
2.044210166739883917e-03
4.080817424627730151e-03
5.444808279117829310e-03
5.114535920781246303e-03
1.160646862367422250e-03
4.957262262214455484e-03
4.525563664912859497e-04
1.481788258563782414e-04
1.997421701426507247e-03
1.606389759915324410e-04
2.484651074824519457e-03
2.961391953265185908e-02
7.338967654842613354e-03
2.255994005175901689e-03
1.477415100881898039e-03
1.611709067606350090e-02
9.452852032236417831e-03
1.275308076577489529e-03
1.698130210112988158e-03
1.273447177719072565e-03
2.511667076886752153e-03
1.552851875726121191e-02
4.901943026265929287e-03
7.924425367440200360e-03
1.103994111876237423e-02
1.273794199782968240e-04
1.478940940445712610e-03
2.203951461500553224e-02
1.493200562827309667e-02
2.495072488276611072e-02
1.062953431295424883e-03
1.357036224234917576e-03
4.990409966572256599e-03
1.193846107506094197e-05
2.576315331659001853e-02
2.789790830630342177e-03
9.746746017838107503e-06
3.150004856951588161e-02
1.811427382201609990e-03
4.133438549679829994e-03
2.858502275691928232e-03
1.637617670809850268e-02
2.835779895650563862e-02
4.714991750759811584e-02
6.479614322819116784e-03
1.230293314111283696e-02
4.115115090468711434e-03
5.099869484011471457e-04
6.237971431065277364e-03
4.928716040963235928e-03
7.708140974429279063e-03
8.362640357015590012e-03
6.985351215535082724e-04
6.843850730560431007e-03
1.574386930240226313e-03
5.370116585302311257e-03
1.814228468348018375e-02
1.942255911260827583e-02
2.582483611419045168e-03
1.264215953933767872e-03
1.304715066134582314e-03
6.841276690471534748e-06
4.715543518680639923e-02
2.548211457971247262e-02
8.105667141999952155e-03
3.349816704518626849e-03
3.158232700224832077e-03
4.291995308734232462e-03
7.974779579692548069e-04
2.130648415977267132e-03
5.415426383934440757e-03
1.637436589829874972e-02
2.254548037981080565e-04
1.654183190499804168e-02
2.236857368886087990e-03
4.894305410500140660e-03
7.244043473980348036e-02
2.811124562020225412e-03
5.472373415809861580e-04
7.265694062083725806e-03
8.563720238216989463e-04
9.891005153897024921e-03
1.357109138021470995e-03
8.073788191830499547e-03
1.565059388829762033e-02
5.743748292658197065e-03
4.916551759454599376e-04
4.823334614236415158e-02
1.025817635736213287e-03
1.024205985662360308e-04
1.053043506959310693e-05
2.502990463633475004e-03
3.999919803387864264e-03
3.274355891166457096e-04
9.705860550202474041e-03
